[0.018s] Invoking command in '/home/zilch/LTU/Viswa/colcon_ws/src/beamlet_star_path_planner/build/beamlet_star_path_planner': CMAKE_PREFIX_PATH=${CMAKE_PREFIX_PATH}:/opt/ros/jazzy /usr/bin/cmake --build /home/zilch/LTU/Viswa/colcon_ws/src/beamlet_star_path_planner/build/beamlet_star_path_planner -- -j12 -l12
[0.167s] [ 16%] [32mBuilding CXX object CMakeFiles/beamlet_star_node.dir/src/quadtree_node.cpp.o[0m
[0.169s] [ 33%] [32mBuilding CXX object CMakeFiles/beamlet_star_node.dir/src/DyadicObject.cpp.o[0m
[0.170s] [ 50%] [32mBuilding CXX object CMakeFiles/beamlet_star_node.dir/src/beamlet_star_node.cpp.o[0m
[0.174s] [ 66%] [32mBuilding CXX object CMakeFiles/beamlet_star_node.dir/src/quadtree.cpp.o[0m
[0.180s] [01m[Kcc1plus:[m[K [01;31m[Kfatal error: [m[K/home/zilch/LTU/Viswa/colcon_ws/src/beamlet_star_path_planner/src/quadtree_node.cpp: No such file or directory
[0.180s] compilation terminated.
[0.181s] gmake[2]: *** [CMakeFiles/beamlet_star_node.dir/build.make:90: CMakeFiles/beamlet_star_node.dir/src/quadtree_node.cpp.o] Error 1
[0.182s] gmake[2]: *** Waiting for unfinished jobs....
[2.649s] In file included from [01m[K/home/zilch/LTU/Viswa/colcon_ws/src/beamlet_star_path_planner/src/quadtree.cpp:3[m[K:
[2.649s] [01m[K/home/zilch/LTU/Viswa/colcon_ws/src/beamlet_star_path_planner/include/beamlet_star_path_planner/quadtree.h:19:30:[m[K [01;31m[Kerror: [m[K‘[01m[KDyadicObject[m[K’ does not name a type
[2.649s]    19 |     int countObstacles(const [01;31m[KDyadicObject[m[K& dObj) const;
[2.650s]       |                              [01;31m[K^~~~~~~~~~~~[m[K
[2.650s] [01m[K/home/zilch/LTU/Viswa/colcon_ws/src/beamlet_star_path_planner/include/beamlet_star_path_planner/quadtree.h:21:26:[m[K [01;31m[Kerror: [m[K‘[01m[KQuadTreeNode[m[K’ has not been declared
[2.650s]    21 |     void recursiveDivide([01;31m[KQuadTreeNode[m[K* node);
[2.650s]       |                          [01;31m[K^~~~~~~~~~~~[m[K
[2.651s] [01m[K/home/zilch/LTU/Viswa/colcon_ws/src/beamlet_star_path_planner/include/beamlet_star_path_planner/quadtree.h:23:5:[m[K [01;31m[Kerror: [m[K‘[01m[KQuadTreeNode[m[K’ does not name a type; did you mean ‘[01m[KQuadTree[m[K’?
[2.652s]    23 |     [01;31m[KQuadTreeNode[m[K* buildQuadTree(int scale, int x, int y);
[2.652s]       |     [01;31m[K^~~~~~~~~~~~[m[K
[2.652s]       |     [32m[KQuadTree[m[K
[2.653s] [01m[K/home/zilch/LTU/Viswa/colcon_ws/src/beamlet_star_path_planner/include/beamlet_star_path_planner/quadtree.h:25:32:[m[K [01;31m[Kerror: [m[K‘[01m[KQuadTreeNode[m[K’ has not been declared
[2.653s]    25 |     void printFormalDyadicForm([01;31m[KQuadTreeNode[m[K* node) const;
[2.653s]       |                                [01;31m[K^~~~~~~~~~~~[m[K
[2.653s] [01m[K/home/zilch/LTU/Viswa/colcon_ws/src/beamlet_star_path_planner/src/quadtree.cpp:8:5:[m[K [01;31m[Kerror: [m[Kno declaration matches ‘[01m[Kint QuadTree::[01;32m[KcountObstacles[m[K(DyadicObject*) const[m[K’
[2.654s]     8 | int [01;31m[KQuadTree[m[K::countObstacles(DyadicObject* node) const
[2.654s]       |     [01;31m[K^~~~~~~~[m[K
[2.654s] [01m[K/home/zilch/LTU/Viswa/colcon_ws/src/beamlet_star_path_planner/include/beamlet_star_path_planner/quadtree.h:19:9:[m[K [01;36m[Knote: [m[Kcandidate is: ‘[01m[Kint QuadTree::[01;32m[KcountObstacles[m[K(const int&) const[m[K’
[2.654s]    19 |     int [01;36m[KcountObstacles[m[K(const DyadicObject& dObj) const;
[2.654s]       |         [01;36m[K^~~~~~~~~~~~~~[m[K
[2.654s] [01m[K/home/zilch/LTU/Viswa/colcon_ws/src/beamlet_star_path_planner/include/beamlet_star_path_planner/quadtree.h:6:7:[m[K [01;36m[Knote: [m[K‘[01m[Kclass QuadTree[m[K’ defined here
[2.655s]     6 | class [01;36m[KQuadTree[m[K
[2.655s]       |       [01;36m[K^~~~~~~~[m[K
[2.655s] [01m[K/home/zilch/LTU/Viswa/colcon_ws/src/beamlet_star_path_planner/src/quadtree.cpp:31:15:[m[K [01;31m[Kerror: [m[Kno declaration matches ‘[01m[KDyadicObject* QuadTree::[01;32m[KbuildQuadTree[m[K(int, int, int)[m[K’
[2.655s]    31 | DyadicObject* [01;31m[KQuadTree[m[K::buildQuadTree(int scale, int x, int y)
[2.655s]       |               [01;31m[K^~~~~~~~[m[K
[2.656s] [01m[K/home/zilch/LTU/Viswa/colcon_ws/src/beamlet_star_path_planner/src/quadtree.cpp:31:15:[m[K [01;36m[Knote: [m[Kno functions named ‘[01m[KDyadicObject* QuadTree::[01;32m[KbuildQuadTree[m[K(int, int, int)[m[K’
[2.656s] [01m[K/home/zilch/LTU/Viswa/colcon_ws/src/beamlet_star_path_planner/include/beamlet_star_path_planner/quadtree.h:6:7:[m[K [01;36m[Knote: [m[K‘[01m[Kclass QuadTree[m[K’ defined here
[2.656s]     6 | class [01;36m[KQuadTree[m[K
[2.656s]       |       [01;36m[K^~~~~~~~[m[K
[2.656s] [01m[K/home/zilch/LTU/Viswa/colcon_ws/src/beamlet_star_path_planner/src/quadtree.cpp:70:6:[m[K [01;31m[Kerror: [m[Kno declaration matches ‘[01m[Kvoid QuadTree::[01;32m[KprintFormalDyadicForm[m[K(DyadicObject*) const[m[K’
[2.657s]    70 | void [01;31m[KQuadTree[m[K::printFormalDyadicForm(DyadicObject* node) const
[2.657s]       |      [01;31m[K^~~~~~~~[m[K
[2.657s] [01m[K/home/zilch/LTU/Viswa/colcon_ws/src/beamlet_star_path_planner/include/beamlet_star_path_planner/quadtree.h:25:10:[m[K [01;36m[Knote: [m[Kcandidate is: ‘[01m[Kvoid QuadTree::[01;32m[KprintFormalDyadicForm[m[K(int*) const[m[K’
[2.657s]    25 |     void [01;36m[KprintFormalDyadicForm[m[K(QuadTreeNode* node) const;
[2.657s]       |          [01;36m[K^~~~~~~~~~~~~~~~~~~~~[m[K
[2.658s] [01m[K/home/zilch/LTU/Viswa/colcon_ws/src/beamlet_star_path_planner/include/beamlet_star_path_planner/quadtree.h:6:7:[m[K [01;36m[Knote: [m[K‘[01m[Kclass QuadTree[m[K’ defined here
[2.658s]     6 | class [01;36m[KQuadTree[m[K
[2.658s]       |       [01;36m[K^~~~~~~~[m[K
[2.746s] In file included from [01m[K/home/zilch/LTU/Viswa/colcon_ws/src/beamlet_star_path_planner/src/beamlet_star_node.cpp:3[m[K:
[2.747s] [01m[K/home/zilch/LTU/Viswa/colcon_ws/src/beamlet_star_path_planner/include/beamlet_star_path_planner/quadtree.h:19:30:[m[K [01;31m[Kerror: [m[K‘[01m[KDyadicObject[m[K’ does not name a type
[2.747s]    19 |     int countObstacles(const [01;31m[KDyadicObject[m[K& dObj) const;
[2.747s]       |                              [01;31m[K^~~~~~~~~~~~[m[K
[2.747s] [01m[K/home/zilch/LTU/Viswa/colcon_ws/src/beamlet_star_path_planner/include/beamlet_star_path_planner/quadtree.h:21:26:[m[K [01;31m[Kerror: [m[K‘[01m[KQuadTreeNode[m[K’ has not been declared
[2.747s]    21 |     void recursiveDivide([01;31m[KQuadTreeNode[m[K* node);
[2.748s]       |                          [01;31m[K^~~~~~~~~~~~[m[K
[2.749s] [01m[K/home/zilch/LTU/Viswa/colcon_ws/src/beamlet_star_path_planner/include/beamlet_star_path_planner/quadtree.h:23:5:[m[K [01;31m[Kerror: [m[K‘[01m[KQuadTreeNode[m[K’ does not name a type; did you mean ‘[01m[KQuadTree[m[K’?
[2.749s]    23 |     [01;31m[KQuadTreeNode[m[K* buildQuadTree(int scale, int x, int y);
[2.749s]       |     [01;31m[K^~~~~~~~~~~~[m[K
[2.749s]       |     [32m[KQuadTree[m[K
[2.750s] [01m[K/home/zilch/LTU/Viswa/colcon_ws/src/beamlet_star_path_planner/include/beamlet_star_path_planner/quadtree.h:25:32:[m[K [01;31m[Kerror: [m[K‘[01m[KQuadTreeNode[m[K’ has not been declared
[2.750s]    25 |     void printFormalDyadicForm([01;31m[KQuadTreeNode[m[K* node) const;
[2.750s]       |                                [01;31m[K^~~~~~~~~~~~[m[K
[2.752s] [01m[K/home/zilch/LTU/Viswa/colcon_ws/src/beamlet_star_path_planner/src/beamlet_star_node.cpp:9:5:[m[K [01;31m[Kerror: [m[K‘[01m[KQuadTreeNode[m[K’ does not name a type; did you mean ‘[01m[KQuadTree[m[K’?
[2.752s]     9 |     [01;31m[KQuadTreeNode[m[K* root;  // root of the quadtree
[2.752s]       |     [01;31m[K^~~~~~~~~~~~[m[K
[2.753s]       |     [32m[KQuadTree[m[K
[2.758s] [01m[K/home/zilch/LTU/Viswa/colcon_ws/src/beamlet_star_path_planner/src/beamlet_star_node.cpp:[m[K In constructor ‘[01m[KBeamletStarNode::[01;32m[KBeamletStarNode[m[K()[m[K’:
[2.758s] [01m[K/home/zilch/LTU/Viswa/colcon_ws/src/beamlet_star_path_planner/src/beamlet_star_node.cpp:60:15:[m[K [01;31m[Kerror: [m[K‘[01m[Kclass BeamletStarNode[m[K’ has no member named ‘[01m[Kroot[m[K’
[2.758s]    60 |         this->[01;31m[Kroot[m[K = qt.buildQuadTree(smax, 1, 1); // starting at top-left corner, 1 based indexing
[2.759s]       |               [01;31m[K^~~~[m[K
[2.759s] [01m[K/home/zilch/LTU/Viswa/colcon_ws/src/beamlet_star_path_planner/src/beamlet_star_node.cpp:60:25:[m[K [01;31m[Kerror: [m[K‘[01m[Kclass QuadTree[m[K’ has no member named ‘[01m[KbuildQuadTree[m[K’; did you mean ‘[01m[KQuadTree[m[K’?
[2.759s]    60 |         this->root = qt.[01;31m[KbuildQuadTree[m[K(smax, 1, 1); // starting at top-left corner, 1 based indexing
[2.759s]       |                         [01;31m[K^~~~~~~~~~~~~[m[K
[2.759s]       |                         [32m[KQuadTree[m[K
[2.760s] [01m[K/home/zilch/LTU/Viswa/colcon_ws/src/beamlet_star_path_planner/src/beamlet_star_node.cpp:61:40:[m[K [01;31m[Kerror: [m[K‘[01m[Kclass BeamletStarNode[m[K’ has no member named ‘[01m[Kroot[m[K’
[2.760s]    61 |         qt.printFormalDyadicForm(this->[01;31m[Kroot[m[K);
[2.760s]       |                                        [01;31m[K^~~~[m[K
[3.366s] gmake[2]: *** [CMakeFiles/beamlet_star_node.dir/build.make:104: CMakeFiles/beamlet_star_node.dir/src/quadtree.cpp.o] Error 1
[3.475s] gmake[2]: *** [CMakeFiles/beamlet_star_node.dir/build.make:76: CMakeFiles/beamlet_star_node.dir/src/beamlet_star_node.cpp.o] Error 1
[3.475s] gmake[1]: *** [CMakeFiles/Makefile2:137: CMakeFiles/beamlet_star_node.dir/all] Error 2
[3.475s] gmake: *** [Makefile:146: all] Error 2
[3.479s] Invoked command in '/home/zilch/LTU/Viswa/colcon_ws/src/beamlet_star_path_planner/build/beamlet_star_path_planner' returned '2': CMAKE_PREFIX_PATH=${CMAKE_PREFIX_PATH}:/opt/ros/jazzy /usr/bin/cmake --build /home/zilch/LTU/Viswa/colcon_ws/src/beamlet_star_path_planner/build/beamlet_star_path_planner -- -j12 -l12
