[0.010s] Invoking command in '/home/zilch/LTU/Viswa/colcon_ws/src/beamlet_star_path_planner/build/beamlet_star_path_planner': CMAKE_PREFIX_PATH=${CMAKE_PREFIX_PATH}:/opt/ros/jazzy /usr/bin/cmake --build /home/zilch/LTU/Viswa/colcon_ws/src/beamlet_star_path_planner/build/beamlet_star_path_planner -- -j12 -l12
[0.085s] [ 12%] [32mBuilding CXX object CMakeFiles/beamlet_star_node.dir/src/BeamletGraph.cpp.o[0m
[0.088s] [ 37%] [32mBuilding CXX object CMakeFiles/beamlet_star_node.dir/src/quadtree.cpp.o[0m
[0.088s] [ 37%] [32mBuilding CXX object CMakeFiles/beamlet_star_node.dir/src/beamlet_star_node.cpp.o[0m
[1.537s] [01m[K/home/zilch/LTU/Viswa/colcon_ws/src/beamlet_star_path_planner/src/beamlet_star_node.cpp:[m[K In constructor ‘[01m[KBeamletStarNode::[01;32m[KBeamletStarNode[m[K()[m[K’:
[1.538s] [01m[K/home/zilch/LTU/Viswa/colcon_ws/src/beamlet_star_path_planner/src/beamlet_star_node.cpp:78:36:[m[K [01;31m[Kerror: [m[Kno matching function for call to ‘[01m[KQuadTree::generateUniqueLeafPoints()[m[K’
[1.538s]    78 |         [01;31m[Kqt.generateUniqueLeafPoints()[m[K;
[1.538s]       |         [01;31m[K~~~~~~~~~~~~~~~~~~~~~~~~~~~^~[m[K
[1.538s] In file included from [01m[K/home/zilch/LTU/Viswa/colcon_ws/src/beamlet_star_path_planner/src/beamlet_star_node.cpp:2[m[K:
[1.538s] [01m[K/home/zilch/LTU/Viswa/colcon_ws/src/beamlet_star_path_planner/include/beamlet_star_path_planner/quadtree.h:37:10:[m[K [01;36m[Knote: [m[Kcandidate: ‘[01m[Kvoid QuadTree::[01;32m[KgenerateUniqueLeafPoints[m[K(std::map<std::vector<int>, Point*>&)[m[K’
[1.538s]    37 |     void [01;36m[KgenerateUniqueLeafPoints[m[K(std::map<std::vector<int>, Point*>& pointMap);
[1.538s]       |          [01;36m[K^~~~~~~~~~~~~~~~~~~~~~~~[m[K
[1.538s] [01m[K/home/zilch/LTU/Viswa/colcon_ws/src/beamlet_star_path_planner/include/beamlet_star_path_planner/quadtree.h:37:10:[m[K [01;36m[Knote: [m[K  candidate expects 1 argument, 0 provided
[1.628s] [01m[K/home/zilch/LTU/Viswa/colcon_ws/src/beamlet_star_path_planner/src/quadtree.cpp:161:47:[m[K [01;31m[Kerror: [m[Kexpected ‘[01m[K,[m[K’ or ‘[01m[K...[m[K’ before ‘[01m[K>[m[K’ token
[1.628s]   161 | void QuadTree::generateUniqueLeafPoints(Point*[01;31m[K>[m[K& pointMap)
[1.628s]       |                                               [01;31m[K^[m[K
[1.628s] [01m[K/home/zilch/LTU/Viswa/colcon_ws/src/beamlet_star_path_planner/src/quadtree.cpp:161:6:[m[K [01;31m[Kerror: [m[Kno declaration matches ‘[01m[Kvoid QuadTree::[01;32m[KgenerateUniqueLeafPoints[m[K(Point*)[m[K’
[1.629s]   161 | void [01;31m[KQuadTree[m[K::generateUniqueLeafPoints(Point*>& pointMap)
[1.629s]       |      [01;31m[K^~~~~~~~[m[K
[1.629s] In file included from [01m[K/home/zilch/LTU/Viswa/colcon_ws/src/beamlet_star_path_planner/src/quadtree.cpp:3[m[K:
[1.629s] [01m[K/home/zilch/LTU/Viswa/colcon_ws/src/beamlet_star_path_planner/include/beamlet_star_path_planner/quadtree.h:37:10:[m[K [01;36m[Knote: [m[Kcandidate is: ‘[01m[Kvoid QuadTree::[01;32m[KgenerateUniqueLeafPoints[m[K(std::map<std::vector<int>, Point*>&)[m[K’
[1.629s]    37 |     void [01;36m[KgenerateUniqueLeafPoints[m[K(std::map<std::vector<int>, Point*>& pointMap);
[1.629s]       |          [01;36m[K^~~~~~~~~~~~~~~~~~~~~~~~[m[K
[1.629s] [01m[K/home/zilch/LTU/Viswa/colcon_ws/src/beamlet_star_path_planner/include/beamlet_star_path_planner/quadtree.h:9:7:[m[K [01;36m[Knote: [m[K‘[01m[Kclass QuadTree[m[K’ defined here
[1.629s]     9 | class [01;36m[KQuadTree[m[K
[1.629s]       |       [01;36m[K^~~~~~~~[m[K
[1.970s] gmake[2]: *** [CMakeFiles/beamlet_star_node.dir/build.make:76: CMakeFiles/beamlet_star_node.dir/src/beamlet_star_node.cpp.o] Error 1
[1.970s] gmake[2]: *** Waiting for unfinished jobs....
[2.076s] gmake[2]: *** [CMakeFiles/beamlet_star_node.dir/build.make:90: CMakeFiles/beamlet_star_node.dir/src/quadtree.cpp.o] Error 1
[2.077s] gmake[1]: *** [CMakeFiles/Makefile2:137: CMakeFiles/beamlet_star_node.dir/all] Error 2
[2.077s] gmake: *** [Makefile:146: all] Error 2
[2.080s] Invoked command in '/home/zilch/LTU/Viswa/colcon_ws/src/beamlet_star_path_planner/build/beamlet_star_path_planner' returned '2': CMAKE_PREFIX_PATH=${CMAKE_PREFIX_PATH}:/opt/ros/jazzy /usr/bin/cmake --build /home/zilch/LTU/Viswa/colcon_ws/src/beamlet_star_path_planner/build/beamlet_star_path_planner -- -j12 -l12
