[0.009s] Invoking command in '/home/zilch/LTU/Viswa/colcon_ws/src/beamlet_star_path_planner/build/beamlet_star_path_planner': CMAKE_PREFIX_PATH=${CMAKE_PREFIX_PATH}:/opt/ros/jazzy /usr/bin/cmake --build /home/zilch/LTU/Viswa/colcon_ws/src/beamlet_star_path_planner/build/beamlet_star_path_planner -- -j12 -l12
[0.082s] [ 12%] [32mBuilding CXX object CMakeFiles/beamlet_star_node.dir/src/Point.cpp.o[0m
[0.082s] [ 25%] [32mBuilding CXX object CMakeFiles/beamlet_star_node.dir/src/Beamlet.cpp.o[0m
[0.296s] [01m[K/home/zilch/LTU/Viswa/colcon_ws/src/beamlet_star_path_planner/src/Point.cpp:[m[K In static member function ‘[01m[Kstatic Point* Point::[01;32m[KgetOrCreatePoint[m[K(const std::vector<int>&)[m[K’:
[0.296s] [01m[K/home/zilch/LTU/Viswa/colcon_ws/src/beamlet_star_path_planner/src/Point.cpp:53:44:[m[K [01;31m[Kerror: [m[K‘[01m[Kunique_ptr[m[K’ is not a member of ‘[01m[Kstd[m[K’
[0.297s]    53 |     static std::map<std::vector<int>, std::[01;31m[Kunique_ptr[m[K<Point>> listOfPoints;
[0.297s]       |                                            [01;31m[K^~~~~~~~~~[m[K
[0.297s] [01m[K/home/zilch/LTU/Viswa/colcon_ws/src/beamlet_star_path_planner/src/Point.cpp:5:1:[m[K [01;36m[Knote: [m[K‘[01m[Kstd::unique_ptr[m[K’ is defined in header ‘[01m[K<memory>[m[K’; did you forget to ‘[01m[K#include <memory>[m[K’?
[0.297s]     4 | #include <map>
[0.297s]   +++ |+[32m[K#include <memory>[m[K
[0.297s]     5 | 
[0.297s] [01m[K/home/zilch/LTU/Viswa/colcon_ws/src/beamlet_star_path_planner/src/Point.cpp:53:55:[m[K [01;31m[Kerror: [m[Ktemplate argument 2 is invalid
[0.297s]    53 |     static std::map<std::vector<int>, std::unique_ptr<[01;31m[KPoint[m[K>> listOfPoints;
[0.297s]       |                                                       [01;31m[K^~~~~[m[K
[0.297s] [01m[K/home/zilch/LTU/Viswa/colcon_ws/src/beamlet_star_path_planner/src/Point.cpp:53:55:[m[K [01;31m[Kerror: [m[Ktemplate argument 4 is invalid
[0.298s] [01m[K/home/zilch/LTU/Viswa/colcon_ws/src/beamlet_star_path_planner/src/Point.cpp:53:60:[m[K [01;31m[Kerror: [m[Kexpected unqualified-id before ‘[01m[K>[m[K’ token
[0.298s]    53 |     static std::map<std::vector<int>, std::unique_ptr<Point[01;31m[K>>[m[K listOfPoints;
[0.298s]       |                                                            [01;31m[K^~[m[K
[0.298s] [01m[K/home/zilch/LTU/Viswa/colcon_ws/src/beamlet_star_path_planner/src/Point.cpp:54:27:[m[K [01;31m[Kerror: [m[K‘[01m[KlistOfPoints[m[K’ was not declared in this scope
[0.298s]    54 |     auto [it, inserted] = [01;31m[KlistOfPoints[m[K.try_emplace(coordinates, nullptr);
[0.298s]       |                           [01;31m[K^~~~~~~~~~~~[m[K
[0.298s] [01m[K/home/zilch/LTU/Viswa/colcon_ws/src/beamlet_star_path_planner/src/Point.cpp:57:27:[m[K [01;31m[Kerror: [m[K‘[01m[Kmake_unique[m[K’ is not a member of ‘[01m[Kstd[m[K’
[0.299s]    57 |         it->second = std::[01;31m[Kmake_unique[m[K<Point>(coordinates);
[0.299s]       |                           [01;31m[K^~~~~~~~~~~[m[K
[0.299s] [01m[K/home/zilch/LTU/Viswa/colcon_ws/src/beamlet_star_path_planner/src/Point.cpp:57:27:[m[K [01;36m[Knote: [m[K‘[01m[Kstd::make_unique[m[K’ is defined in header ‘[01m[K<memory>[m[K’; did you forget to ‘[01m[K#include <memory>[m[K’?
[0.299s] [01m[K/home/zilch/LTU/Viswa/colcon_ws/src/beamlet_star_path_planner/src/Point.cpp:57:44:[m[K [01;31m[Kerror: [m[Kexpected primary-expression before ‘[01m[K>[m[K’ token
[0.299s]    57 |         it->second = std::make_unique<Point[01;31m[K>[m[K(coordinates);
[0.299s]       |                                            [01;31m[K^[m[K
[0.314s] In file included from [01m[K/home/zilch/LTU/Viswa/colcon_ws/src/beamlet_star_path_planner/include/beamlet_star_path_planner/Point.h:9[m[K,
[0.314s]                  from [01m[K/home/zilch/LTU/Viswa/colcon_ws/src/beamlet_star_path_planner/include/beamlet_star_path_planner/Beamlet.h:6[m[K,
[0.314s]                  from [01m[K/home/zilch/LTU/Viswa/colcon_ws/src/beamlet_star_path_planner/src/Beamlet.cpp:1[m[K:
[0.314s] [01m[K/home/zilch/LTU/Viswa/colcon_ws/src/beamlet_star_path_planner/include/beamlet_star_path_planner/BeamletGraph.h:16:17:[m[K [01;31m[Kerror: [m[K‘[01m[KBeamlet[m[K’ was not declared in this scope
[0.314s]    16 |     std::vector<[01;31m[KBeamlet[m[K*> allBeamlets;
[0.314s]       |                 [01;31m[K^~~~~~~[m[K
[0.314s] [01m[K/home/zilch/LTU/Viswa/colcon_ws/src/beamlet_star_path_planner/include/beamlet_star_path_planner/BeamletGraph.h:16:25:[m[K [01;31m[Kerror: [m[Ktemplate argument 1 is invalid
[0.314s]    16 |     std::vector<Beamlet*[01;31m[K>[m[K allBeamlets;
[0.314s]       |                         [01;31m[K^[m[K
[0.315s] [01m[K/home/zilch/LTU/Viswa/colcon_ws/src/beamlet_star_path_planner/include/beamlet_star_path_planner/BeamletGraph.h:16:25:[m[K [01;31m[Kerror: [m[Ktemplate argument 2 is invalid
[0.315s] [01m[K/home/zilch/LTU/Viswa/colcon_ws/src/beamlet_star_path_planner/include/beamlet_star_path_planner/BeamletGraph.h:20:21:[m[K [01;31m[Kerror: [m[K‘[01m[KBeamlet[m[K’ has not been declared
[0.315s]    20 |     void AddBeamlet([01;31m[KBeamlet[m[K* b);
[0.315s]       |                     [01;31m[K^~~~~~~[m[K
[0.333s] gmake[2]: *** [CMakeFiles/beamlet_star_node.dir/build.make:132: CMakeFiles/beamlet_star_node.dir/src/Point.cpp.o] Error 1
[0.333s] gmake[2]: *** Waiting for unfinished jobs....
[0.428s] gmake[2]: *** [CMakeFiles/beamlet_star_node.dir/build.make:146: CMakeFiles/beamlet_star_node.dir/src/Beamlet.cpp.o] Error 1
[0.428s] gmake[1]: *** [CMakeFiles/Makefile2:137: CMakeFiles/beamlet_star_node.dir/all] Error 2
[0.428s] gmake: *** [Makefile:146: all] Error 2
[0.431s] Invoked command in '/home/zilch/LTU/Viswa/colcon_ws/src/beamlet_star_path_planner/build/beamlet_star_path_planner' returned '2': CMAKE_PREFIX_PATH=${CMAKE_PREFIX_PATH}:/opt/ros/jazzy /usr/bin/cmake --build /home/zilch/LTU/Viswa/colcon_ws/src/beamlet_star_path_planner/build/beamlet_star_path_planner -- -j12 -l12
