[ 12%] [32mBuilding CXX object CMakeFiles/beamlet_star_node.dir/src/beamlet_star_node.cpp.o[0m
[ 25%] [32mBuilding CXX object CMakeFiles/beamlet_star_node.dir/src/BeamletGraph.cpp.o[0m
In file included from [01m[K/home/zilch/LTU/Viswa/colcon_ws/src/beamlet_star_path_planner/src/BeamletGraph.cpp:8[m[K:
[01m[K/home/zilch/LTU/Viswa/colcon_ws/src/beamlet_star_path_planner/include/beamlet_star_path_planner/BeamletGraph.h:36:35:[m[K [01;31m[Kerror: [m[Kextra qualification ‘[01m[KBeamletGraph::[m[K’ on member ‘[01m[KgetBeamletCellsRuntime[m[K’ [[01;31m[K]8;;https://gcc.gnu.org/onlinedocs/gcc/Warning-Options.html#index-fpermissive-fpermissive]8;;[m[K]
   36 |     std::vector<std::vector<int>> [01;31m[KBeamletGraph[m[K::getBeamletCellsRuntime(
      |                                   [01;31m[K^~~~~~~~~~~~[m[K
In file included from [01m[K/home/zilch/LTU/Viswa/colcon_ws/src/beamlet_star_path_planner/src/beamlet_star_node.cpp:7[m[K:
[01m[K/home/zilch/LTU/Viswa/colcon_ws/src/beamlet_star_path_planner/include/beamlet_star_path_planner/BeamletGraph.h:36:35:[m[K [01;31m[Kerror: [m[Kextra qualification ‘[01m[KBeamletGraph::[m[K’ on member ‘[01m[KgetBeamletCellsRuntime[m[K’ [[01;31m[K]8;;https://gcc.gnu.org/onlinedocs/gcc/Warning-Options.html#index-fpermissive-fpermissive]8;;[m[K]
   36 |     std::vector<std::vector<int>> [01;31m[KBeamletGraph[m[K::getBeamletCellsRuntime(
      |                                   [01;31m[K^~~~~~~~~~~~[m[K
[01m[K/home/zilch/LTU/Viswa/colcon_ws/src/beamlet_star_path_planner/src/beamlet_star_node.cpp:[m[K In constructor ‘[01m[KBeamletStarNode::[01;32m[KBeamletStarNode[m[K()[m[K’:
[01m[K/home/zilch/LTU/Viswa/colcon_ws/src/beamlet_star_path_planner/src/beamlet_star_node.cpp:98:59:[m[K [01;31m[Kerror: [m[Kno matching function for call to ‘[01m[KBeamletGraph::getBeamletCellsRuntime(std::vector<std::vector<int> >&, std::vector<int>&, std::vector<int>&)[m[K’
   98 |         auto traversedCells = [01;31m[Kgraph.getBeamletCellsRuntime(grid, start, end)[m[K;
      |                               [01;31m[K~~~~~~~~~~~~~~~~~~~~~~~~~~~~^~~~~~~~~~~~~~~~~~[m[K
[01m[K/home/zilch/LTU/Viswa/colcon_ws/src/beamlet_star_path_planner/include/beamlet_star_path_planner/BeamletGraph.h:36:35:[m[K [01;36m[Knote: [m[Kcandidate: ‘[01m[Kstd::vector<std::vector<int> > BeamletGraph::[01;32m[KgetBeamletCellsRuntime[m[K(const std::vector<int>&, const std::vector<int>&)[m[K’
   36 |     std::vector<std::vector<int>> [01;36m[KBeamletGraph[m[K::getBeamletCellsRuntime(
      |                                   [01;36m[K^~~~~~~~~~~~[m[K
[01m[K/home/zilch/LTU/Viswa/colcon_ws/src/beamlet_star_path_planner/include/beamlet_star_path_planner/BeamletGraph.h:36:35:[m[K [01;36m[Knote: [m[K  candidate expects 2 arguments, 3 provided
gmake[2]: *** [CMakeFiles/beamlet_star_node.dir/build.make:76: CMakeFiles/beamlet_star_node.dir/src/beamlet_star_node.cpp.o] Error 1
gmake[2]: *** Waiting for unfinished jobs....
gmake[2]: *** [CMakeFiles/beamlet_star_node.dir/build.make:160: CMakeFiles/beamlet_star_node.dir/src/BeamletGraph.cpp.o] Error 1
gmake[1]: *** [CMakeFiles/Makefile2:137: CMakeFiles/beamlet_star_node.dir/all] Error 2
gmake: *** [Makefile:146: all] Error 2
