[01m[K/home/zilch/LTU/Viswa/colcon_ws/src/beamlet_star_path_planner/src/quadtree.cpp:[m[K In member function ‘[01m[Kint QuadTree::[01;32m[KcountObstacles[m[K(int, int, int) const[m[K’:
[01m[K/home/zilch/LTU/Viswa/colcon_ws/src/beamlet_star_path_planner/src/quadtree.cpp:21:28:[m[K [01;35m[Kwarning: [m[Kcomparison of integer expressions of different signedness: ‘[01m[Kint[m[K’ and ‘[01m[Kstd::vector<std::vector<int> >::size_type[m[K’ {aka ‘[01m[Klong unsigned int[m[K’} [[01;35m[K]8;;https://gcc.gnu.org/onlinedocs/gcc/Warning-Options.html#index-Wsign-compare-Wsign-compare]8;;[m[K]
   21 |             if(i >= 0 && [01;35m[Ki < grid.size()[m[K && j >= 0 && j < grid[0].size() && grid[i][j] == 1)
      |                          [01;35m[K~~^~~~~~~~~~~~~[m[K
[01m[K/home/zilch/LTU/Viswa/colcon_ws/src/beamlet_star_path_planner/src/quadtree.cpp:21:57:[m[K [01;35m[Kwarning: [m[Kcomparison of integer expressions of different signedness: ‘[01m[Kint[m[K’ and ‘[01m[Kstd::vector<int>::size_type[m[K’ {aka ‘[01m[Klong unsigned int[m[K’} [[01;35m[K]8;;https://gcc.gnu.org/onlinedocs/gcc/Warning-Options.html#index-Wsign-compare-Wsign-compare]8;;[m[K]
   21 |             if(i >= 0 && i < grid.size() && j >= 0 && [01;35m[Kj < grid[0].size()[m[K && grid[i][j] == 1)
      |                                                       [01;35m[K~~^~~~~~~~~~~~~~~~[m[K
[01m[K/home/zilch/LTU/Viswa/colcon_ws/src/beamlet_star_path_planner/src/beamlet_star_node.cpp:[m[K In constructor ‘[01m[KBeamletStarNode::[01;32m[KBeamletStarNode[m[K()[m[K’:
[01m[K/home/zilch/LTU/Viswa/colcon_ws/src/beamlet_star_path_planner/src/beamlet_star_node.cpp:55:9:[m[K [01;31m[Kerror: [m[K‘[01m[KQuadTree[m[K’ was not declared in this scope
   55 |         [01;31m[KQuadTree[m[K qt(grid, alpha);
      |         [01;31m[K^~~~~~~~[m[K
[01m[K/home/zilch/LTU/Viswa/colcon_ws/src/beamlet_star_path_planner/src/beamlet_star_node.cpp:56:9:[m[K [01;31m[Kerror: [m[K‘[01m[KQuadTreeNode[m[K’ was not declared in this scope
   56 |         [01;31m[KQuadTreeNode[m[K* root = qt.buildQuadTree(smax, 1, 1);  // starting at top-left corner
      |         [01;31m[K^~~~~~~~~~~~[m[K
[01m[K/home/zilch/LTU/Viswa/colcon_ws/src/beamlet_star_path_planner/src/beamlet_star_node.cpp:56:23:[m[K [01;31m[Kerror: [m[K‘[01m[Kroot[m[K’ was not declared in this scope
   56 |         QuadTreeNode* [01;31m[Kroot[m[K = qt.buildQuadTree(smax, 1, 1);  // starting at top-left corner
      |                       [01;31m[K^~~~[m[K
[01m[K/home/zilch/LTU/Viswa/colcon_ws/src/beamlet_star_path_planner/src/beamlet_star_node.cpp:56:30:[m[K [01;31m[Kerror: [m[K‘[01m[Kqt[m[K’ was not declared in this scope
   56 |         QuadTreeNode* root = [01;31m[Kqt[m[K.buildQuadTree(smax, 1, 1);  // starting at top-left corner
      |                              [01;31m[K^~[m[K
gmake[2]: *** [CMakeFiles/beamlet_star_node.dir/build.make:76: CMakeFiles/beamlet_star_node.dir/src/beamlet_star_node.cpp.o] Error 1
gmake[1]: *** [CMakeFiles/Makefile2:137: CMakeFiles/beamlet_star_node.dir/all] Error 2
gmake: *** [Makefile:146: all] Error 2
