[0.010s] Invoking command in '/home/zilch/LTU/Viswa/colcon_ws/src/beamlet_star_path_planner/build/beamlet_star_path_planner': CMAKE_PREFIX_PATH=${CMAKE_PREFIX_PATH}:/opt/ros/jazzy /usr/bin/cmake --build /home/zilch/LTU/Viswa/colcon_ws/src/beamlet_star_path_planner/build/beamlet_star_path_planner -- -j12 -l12
[0.035s] -- Found ament_cmake: 2.5.4 (/opt/ros/jazzy/share/ament_cmake/cmake)
[0.272s] -- Found rclcpp: 28.1.13 (/opt/ros/jazzy/share/rclcpp/cmake)
[0.295s] -- Found rosidl_generator_c: 4.6.6 (/opt/ros/jazzy/share/rosidl_generator_c/cmake)
[0.301s] -- Found rosidl_generator_cpp: 4.6.6 (/opt/ros/jazzy/share/rosidl_generator_cpp/cmake)
[0.309s] -- Using all available rosidl_typesupport_c: rosidl_typesupport_fastrtps_c;rosidl_typesupport_introspection_c
[0.319s] -- Using all available rosidl_typesupport_cpp: rosidl_typesupport_fastrtps_cpp;rosidl_typesupport_introspection_cpp
[0.363s] -- Found rmw_implementation_cmake: 7.3.2 (/opt/ros/jazzy/share/rmw_implementation_cmake/cmake)
[0.364s] -- Found rmw_fastrtps_cpp: 8.4.3 (/opt/ros/jazzy/share/rmw_fastrtps_cpp/cmake)
[0.434s] -- Using RMW implementation 'rmw_fastrtps_cpp' as default
[0.481s] -- Found ament_lint_auto: 0.17.3 (/opt/ros/jazzy/share/ament_lint_auto/cmake)
[0.582s] -- Added test 'cppcheck' to perform static code analysis on C / C++ code
[0.583s] -- Configured cppcheck include dirs: /home/zilch/LTU/Viswa/colcon_ws/src/beamlet_star_path_planner/include
[0.583s] -- Configured cppcheck exclude dirs and/or files: 
[0.584s] -- Added test 'flake8' to check Python code syntax and style conventions
[0.584s] -- Configured 'flake8' exclude dirs and/or files: 
[0.586s] -- Added test 'lint_cmake' to check CMake code style
[0.586s] -- Added test 'pep257' to check Python code against some of the docstring style conventions in PEP 257
[0.592s] -- Added test 'uncrustify' to check C / C++ code style
[0.592s] -- Configured uncrustify additional arguments: 
[0.593s] -- Added test 'xmllint' to check XML markup files
[0.593s] -- Configuring done (0.6s)
[0.599s] -- Generating done (0.0s)
[0.602s] -- Build files have been written to: /home/zilch/LTU/Viswa/colcon_ws/src/beamlet_star_path_planner/build/beamlet_star_path_planner
[0.657s] [ 75%] [32mBuilding CXX object CMakeFiles/beamlet_star_node.dir/src/key.cpp.o[0m
[0.657s] [ 75%] [32mBuilding CXX object CMakeFiles/beamlet_star_node.dir/src/beamlet_star_node.cpp.o[0m
[0.657s] [ 75%] [32mBuilding CXX object CMakeFiles/beamlet_star_node.dir/src/quadtree.cpp.o[0m
[0.853s] [01m[K/home/zilch/LTU/Viswa/colcon_ws/src/beamlet_star_path_planner/src/quadtree.cpp:[m[K In member function ‘[01m[Kint QuadTree::[01;32m[KcountObstacles[m[K(int, int, int) const[m[K’:
[0.853s] [01m[K/home/zilch/LTU/Viswa/colcon_ws/src/beamlet_star_path_planner/src/quadtree.cpp:21:28:[m[K [01;35m[Kwarning: [m[Kcomparison of integer expressions of different signedness: ‘[01m[Kint[m[K’ and ‘[01m[Kstd::vector<std::vector<int> >::size_type[m[K’ {aka ‘[01m[Klong unsigned int[m[K’} [[01;35m[K]8;;https://gcc.gnu.org/onlinedocs/gcc/Warning-Options.html#index-Wsign-compare-Wsign-compare]8;;[m[K]
[0.853s]    21 |             if(i >= 0 && [01;35m[Ki < grid.size()[m[K && j >= 0 && j < grid[0].size() && grid[i][j] == 1)
[0.853s]       |                          [01;35m[K~~^~~~~~~~~~~~~[m[K
[0.853s] [01m[K/home/zilch/LTU/Viswa/colcon_ws/src/beamlet_star_path_planner/src/quadtree.cpp:21:57:[m[K [01;35m[Kwarning: [m[Kcomparison of integer expressions of different signedness: ‘[01m[Kint[m[K’ and ‘[01m[Kstd::vector<int>::size_type[m[K’ {aka ‘[01m[Klong unsigned int[m[K’} [[01;35m[K]8;;https://gcc.gnu.org/onlinedocs/gcc/Warning-Options.html#index-Wsign-compare-Wsign-compare]8;;[m[K]
[0.853s]    21 |             if(i >= 0 && i < grid.size() && j >= 0 && [01;35m[Kj < grid[0].size()[m[K && grid[i][j] == 1)
[0.853s]       |                                                       [01;35m[K~~^~~~~~~~~~~~~~~~[m[K
[2.056s] [01m[K/home/zilch/LTU/Viswa/colcon_ws/src/beamlet_star_path_planner/src/beamlet_star_node.cpp:[m[K In constructor ‘[01m[KBeamletStarNode::[01;32m[KBeamletStarNode[m[K()[m[K’:
[2.056s] [01m[K/home/zilch/LTU/Viswa/colcon_ws/src/beamlet_star_path_planner/src/beamlet_star_node.cpp:55:9:[m[K [01;31m[Kerror: [m[K‘[01m[KQuadTree[m[K’ was not declared in this scope
[2.056s]    55 |         [01;31m[KQuadTree[m[K qt(grid, alpha);
[2.056s]       |         [01;31m[K^~~~~~~~[m[K
[2.062s] [01m[K/home/zilch/LTU/Viswa/colcon_ws/src/beamlet_star_path_planner/src/beamlet_star_node.cpp:56:9:[m[K [01;31m[Kerror: [m[K‘[01m[KQuadTreeNode[m[K’ was not declared in this scope
[2.062s]    56 |         [01;31m[KQuadTreeNode[m[K* root = qt.buildQuadTree(smax, 1, 1);  // starting at top-left corner
[2.062s]       |         [01;31m[K^~~~~~~~~~~~[m[K
[2.066s] [01m[K/home/zilch/LTU/Viswa/colcon_ws/src/beamlet_star_path_planner/src/beamlet_star_node.cpp:56:23:[m[K [01;31m[Kerror: [m[K‘[01m[Kroot[m[K’ was not declared in this scope
[2.066s]    56 |         QuadTreeNode* [01;31m[Kroot[m[K = qt.buildQuadTree(smax, 1, 1);  // starting at top-left corner
[2.066s]       |                       [01;31m[K^~~~[m[K
[2.069s] [01m[K/home/zilch/LTU/Viswa/colcon_ws/src/beamlet_star_path_planner/src/beamlet_star_node.cpp:56:30:[m[K [01;31m[Kerror: [m[K‘[01m[Kqt[m[K’ was not declared in this scope
[2.069s]    56 |         QuadTreeNode* root = [01;31m[Kqt[m[K.buildQuadTree(smax, 1, 1);  // starting at top-left corner
[2.069s]       |                              [01;31m[K^~[m[K
[2.489s] gmake[2]: *** [CMakeFiles/beamlet_star_node.dir/build.make:76: CMakeFiles/beamlet_star_node.dir/src/beamlet_star_node.cpp.o] Error 1
[2.489s] gmake[1]: *** [CMakeFiles/Makefile2:137: CMakeFiles/beamlet_star_node.dir/all] Error 2
[2.490s] gmake: *** [Makefile:146: all] Error 2
[2.492s] Invoked command in '/home/zilch/LTU/Viswa/colcon_ws/src/beamlet_star_path_planner/build/beamlet_star_path_planner' returned '2': CMAKE_PREFIX_PATH=${CMAKE_PREFIX_PATH}:/opt/ros/jazzy /usr/bin/cmake --build /home/zilch/LTU/Viswa/colcon_ws/src/beamlet_star_path_planner/build/beamlet_star_path_planner -- -j12 -l12
