[0.010s] Invoking command in '/home/zilch/LTU/Viswa/colcon_ws/src/beamlet_star_path_planner/build/beamlet_star_path_planner': CMAKE_PREFIX_PATH=${CMAKE_PREFIX_PATH}:/opt/ros/jazzy /usr/bin/cmake --build /home/zilch/LTU/Viswa/colcon_ws/src/beamlet_star_path_planner/build/beamlet_star_path_planner -- -j12 -l12
[0.100s] [ 14%] [32mBuilding CXX object CMakeFiles/beamlet_star_node.dir/src/beamlet_star_node.cpp.o[0m
[0.100s] [ 28%] [32mBuilding CXX object CMakeFiles/beamlet_star_node.dir/src/quadtree.cpp.o[0m
[0.100s] [ 42%] [32mBuilding CXX object CMakeFiles/beamlet_star_node.dir/src/Beamlet.cpp.o[0m
[0.100s] [ 57%] [32mBuilding CXX object CMakeFiles/beamlet_star_node.dir/src/Point.cpp.o[0m
[0.223s] In file included from [01m[K/home/zilch/LTU/Viswa/colcon_ws/src/beamlet_star_path_planner/src/Beamlet.cpp:1[m[K:
[0.223s] [01m[K/home/zilch/LTU/Viswa/colcon_ws/src/beamlet_star_path_planner/include/beamlet_star_path_planner/Beamlet.h:48:21:[m[K [01;31m[Kerror: [m[K‘[01m[Kostream[m[K’ in namespace ‘[01m[Kstd[m[K’ does not name a type
[0.223s]    48 |         friend std::[01;31m[Kostream[m[K& operator<<(std::ostream & output, const Beamlet & beamlet);
[0.223s]       |                     [01;31m[K^~~~~~~[m[K
[0.223s] [01m[K/home/zilch/LTU/Viswa/colcon_ws/src/beamlet_star_path_planner/include/beamlet_star_path_planner/Beamlet.h:5:1:[m[K [01;36m[Knote: [m[K‘[01m[Kstd::ostream[m[K’ is defined in header ‘[01m[K<ostream>[m[K’; did you forget to ‘[01m[K#include <ostream>[m[K’?
[0.223s]     4 | #include "beamlet_star_path_planner/Point.h"
[0.224s]   +++ |+[32m[K#include <ostream>[m[K
[0.224s]     5 | 
[0.224s] In file included from [01m[K/home/zilch/LTU/Viswa/colcon_ws/src/beamlet_star_path_planner/src/Point.cpp:3[m[K:
[0.224s] [01m[K/home/zilch/LTU/Viswa/colcon_ws/src/beamlet_star_path_planner/include/beamlet_star_path_planner/Beamlet.h:48:21:[m[K [01;31m[Kerror: [m[K‘[01m[Kostream[m[K’ in namespace ‘[01m[Kstd[m[K’ does not name a type
[0.224s]    48 |         friend std::[01;31m[Kostream[m[K& operator<<(std::ostream & output, const Beamlet & beamlet);
[0.224s]       |                     [01;31m[K^~~~~~~[m[K
[0.224s] [01m[K/home/zilch/LTU/Viswa/colcon_ws/src/beamlet_star_path_planner/include/beamlet_star_path_planner/Beamlet.h:1:1:[m[K [01;36m[Knote: [m[K‘[01m[Kstd::ostream[m[K’ is defined in header ‘[01m[K<ostream>[m[K’; did you forget to ‘[01m[K#include <ostream>[m[K’?
[0.224s]   +++ |+[32m[K#include <ostream>[m[K
[0.224s]     1 | #ifndef BEAMLET_H_
[0.228s] gmake[2]: *** [CMakeFiles/beamlet_star_node.dir/build.make:132: CMakeFiles/beamlet_star_node.dir/src/Beamlet.cpp.o] Error 1
[0.228s] gmake[2]: *** Waiting for unfinished jobs....
[0.270s] gmake[2]: *** [CMakeFiles/beamlet_star_node.dir/build.make:146: CMakeFiles/beamlet_star_node.dir/src/Point.cpp.o] Error 1
[1.635s] [01m[K/home/zilch/LTU/Viswa/colcon_ws/src/beamlet_star_path_planner/src/beamlet_star_node.cpp:[m[K In constructor ‘[01m[KBeamletStarNode::[01;32m[KBeamletStarNode[m[K()[m[K’:
[1.635s] [01m[K/home/zilch/LTU/Viswa/colcon_ws/src/beamlet_star_path_planner/src/beamlet_star_node.cpp:74:22:[m[K [01;31m[Kerror: [m[Kaggregate ‘[01m[KBeamletGraph graph[m[K’ has incomplete type and cannot be defined
[1.636s]    74 |         BeamletGraph [01;31m[Kgraph[m[K;
[1.636s]       |                      [01;31m[K^~~~~[m[K
[1.722s] [01m[K/home/zilch/LTU/Viswa/colcon_ws/src/beamlet_star_path_planner/src/quadtree.cpp:[m[K In function ‘[01m[Kvoid[01;32m[K createBeamletsFromLeaves[m[K(std::map<std::vector<int>, Point*>&, const std::vector<DyadicObject*>&)[m[K’:
[1.723s] [01m[K/home/zilch/LTU/Viswa/colcon_ws/src/beamlet_star_path_planner/src/quadtree.cpp:179:13:[m[K [01;31m[Kerror: [m[K‘[01m[Kbeamlets[m[K’ was not declared in this scope; did you mean ‘[01m[KBeamlet[m[K’?
[1.723s]   179 |             [01;31m[Kbeamlets[m[K.push_back(new Beamlet(TL, TR));
[1.723s]       |             [01;31m[K^~~~~~~~[m[K
[1.723s]       |             [32m[KBeamlet[m[K
[1.723s] [01m[K/home/zilch/LTU/Viswa/colcon_ws/src/beamlet_star_path_planner/src/quadtree.cpp:179:50:[m[K [01;31m[Kerror: [m[Kinvalid use of incomplete type ‘[01m[Kclass Beamlet[m[K’
[1.723s]   179 |             beamlets.push_back(new Beamlet(TL, TR[01;31m[K)[m[K);
[1.723s]       |                                                  [01;31m[K^[m[K
[1.723s] In file included from [01m[K/home/zilch/LTU/Viswa/colcon_ws/src/beamlet_star_path_planner/src/quadtree.cpp:5[m[K:
[1.723s] [01m[K/home/zilch/LTU/Viswa/colcon_ws/src/beamlet_star_path_planner/include/beamlet_star_path_planner/Point.h:13:7:[m[K [01;36m[Knote: [m[Kforward declaration of ‘[01m[Kclass Beamlet[m[K’
[1.724s]    13 | class [01;36m[KBeamlet[m[K;
[1.724s]       |       [01;36m[K^~~~~~~[m[K
[1.724s] [01m[K/home/zilch/LTU/Viswa/colcon_ws/src/beamlet_star_path_planner/src/quadtree.cpp:180:50:[m[K [01;31m[Kerror: [m[Kinvalid use of incomplete type ‘[01m[Kclass Beamlet[m[K’
[1.724s]   180 |             beamlets.push_back(new Beamlet(BL, BR[01;31m[K)[m[K);
[1.724s]       |                                                  [01;31m[K^[m[K
[1.724s] [01m[K/home/zilch/LTU/Viswa/colcon_ws/src/beamlet_star_path_planner/include/beamlet_star_path_planner/Point.h:13:7:[m[K [01;36m[Knote: [m[Kforward declaration of ‘[01m[Kclass Beamlet[m[K’
[1.724s]    13 | class [01;36m[KBeamlet[m[K;
[1.724s]       |       [01;36m[K^~~~~~~[m[K
[1.724s] [01m[K/home/zilch/LTU/Viswa/colcon_ws/src/beamlet_star_path_planner/src/quadtree.cpp:181:50:[m[K [01;31m[Kerror: [m[Kinvalid use of incomplete type ‘[01m[Kclass Beamlet[m[K’
[1.725s]   181 |             beamlets.push_back(new Beamlet(TL, BL[01;31m[K)[m[K);
[1.725s]       |                                                  [01;31m[K^[m[K
[1.725s] [01m[K/home/zilch/LTU/Viswa/colcon_ws/src/beamlet_star_path_planner/include/beamlet_star_path_planner/Point.h:13:7:[m[K [01;36m[Knote: [m[Kforward declaration of ‘[01m[Kclass Beamlet[m[K’
[1.725s]    13 | class [01;36m[KBeamlet[m[K;
[1.725s]       |       [01;36m[K^~~~~~~[m[K
[1.725s] [01m[K/home/zilch/LTU/Viswa/colcon_ws/src/beamlet_star_path_planner/src/quadtree.cpp:182:50:[m[K [01;31m[Kerror: [m[Kinvalid use of incomplete type ‘[01m[Kclass Beamlet[m[K’
[1.725s]   182 |             beamlets.push_back(new Beamlet(TR, BR[01;31m[K)[m[K);
[1.725s]       |                                                  [01;31m[K^[m[K
[1.725s] [01m[K/home/zilch/LTU/Viswa/colcon_ws/src/beamlet_star_path_planner/include/beamlet_star_path_planner/Point.h:13:7:[m[K [01;36m[Knote: [m[Kforward declaration of ‘[01m[Kclass Beamlet[m[K’
[1.725s]    13 | class [01;36m[KBeamlet[m[K;
[1.726s]       |       [01;36m[K^~~~~~~[m[K
[1.726s] [01m[K/home/zilch/LTU/Viswa/colcon_ws/src/beamlet_star_path_planner/src/quadtree.cpp:185:50:[m[K [01;31m[Kerror: [m[Kinvalid use of incomplete type ‘[01m[Kclass Beamlet[m[K’
[1.726s]   185 |             beamlets.push_back(new Beamlet(TL, BR[01;31m[K)[m[K);
[1.726s]       |                                                  [01;31m[K^[m[K
[1.726s] [01m[K/home/zilch/LTU/Viswa/colcon_ws/src/beamlet_star_path_planner/include/beamlet_star_path_planner/Point.h:13:7:[m[K [01;36m[Knote: [m[Kforward declaration of ‘[01m[Kclass Beamlet[m[K’
[1.726s]    13 | class [01;36m[KBeamlet[m[K;
[1.726s]       |       [01;36m[K^~~~~~~[m[K
[1.726s] [01m[K/home/zilch/LTU/Viswa/colcon_ws/src/beamlet_star_path_planner/src/quadtree.cpp:186:50:[m[K [01;31m[Kerror: [m[Kinvalid use of incomplete type ‘[01m[Kclass Beamlet[m[K’
[1.726s]   186 |             beamlets.push_back(new Beamlet(TR, BL[01;31m[K)[m[K);
[1.726s]       |                                                  [01;31m[K^[m[K
[1.727s] [01m[K/home/zilch/LTU/Viswa/colcon_ws/src/beamlet_star_path_planner/include/beamlet_star_path_planner/Point.h:13:7:[m[K [01;36m[Knote: [m[Kforward declaration of ‘[01m[Kclass Beamlet[m[K’
[1.727s]    13 | class [01;36m[KBeamlet[m[K;
[1.727s]       |       [01;36m[K^~~~~~~[m[K
[2.080s] gmake[2]: *** [CMakeFiles/beamlet_star_node.dir/build.make:76: CMakeFiles/beamlet_star_node.dir/src/beamlet_star_node.cpp.o] Error 1
[2.158s] gmake[2]: *** [CMakeFiles/beamlet_star_node.dir/build.make:90: CMakeFiles/beamlet_star_node.dir/src/quadtree.cpp.o] Error 1
[2.158s] gmake[1]: *** [CMakeFiles/Makefile2:137: CMakeFiles/beamlet_star_node.dir/all] Error 2
[2.159s] gmake: *** [Makefile:146: all] Error 2
[2.161s] Invoked command in '/home/zilch/LTU/Viswa/colcon_ws/src/beamlet_star_path_planner/build/beamlet_star_path_planner' returned '2': CMAKE_PREFIX_PATH=${CMAKE_PREFIX_PATH}:/opt/ros/jazzy /usr/bin/cmake --build /home/zilch/LTU/Viswa/colcon_ws/src/beamlet_star_path_planner/build/beamlet_star_path_planner -- -j12 -l12
