[0.010s] Invoking command in '/home/zilch/LTU/Viswa/colcon_ws/src/beamlet_star_path_planner/build/beamlet_star_path_planner': CMAKE_PREFIX_PATH=${CMAKE_PREFIX_PATH}:/opt/ros/jazzy /usr/bin/cmake --build /home/zilch/LTU/Viswa/colcon_ws/src/beamlet_star_path_planner/build/beamlet_star_path_planner -- -j12 -l12
[0.089s] [ 12%] [32mBuilding CXX object CMakeFiles/beamlet_star_node.dir/src/Beamlet.cpp.o[0m
[0.090s] [ 25%] [32mBuilding CXX object CMakeFiles/beamlet_star_node.dir/src/BeamletGraph.cpp.o[0m
[0.092s] [ 37%] [32mBuilding CXX object CMakeFiles/beamlet_star_node.dir/src/beamlet_star_node.cpp.o[0m
[0.093s] [ 62%] [32mBuilding CXX object CMakeFiles/beamlet_star_node.dir/src/quadtree.cpp.o[0m
[0.093s] [ 62%] [32mBuilding CXX object CMakeFiles/beamlet_star_node.dir/src/Key.cpp.o[0m
[0.093s] [ 75%] [32mBuilding CXX object CMakeFiles/beamlet_star_node.dir/src/DyadicObject.cpp.o[0m
[0.095s] [ 87%] [32mBuilding CXX object CMakeFiles/beamlet_star_node.dir/src/Point.cpp.o[0m
[0.408s] In file included from [01m[K/home/zilch/LTU/Viswa/colcon_ws/src/beamlet_star_path_planner/include/beamlet_star_path_planner/BeamletGraph.h:13[m[K,
[0.408s]                  from [01m[K/home/zilch/LTU/Viswa/colcon_ws/src/beamlet_star_path_planner/include/beamlet_star_path_planner/Point.h:9[m[K,
[0.408s]                  from [01m[K/home/zilch/LTU/Viswa/colcon_ws/src/beamlet_star_path_planner/src/Point.cpp:1[m[K:
[0.408s] [01m[K/home/zilch/LTU/Viswa/colcon_ws/src/beamlet_star_path_planner/include/beamlet_star_path_planner/quadtree.h:19:10:[m[K [01;31m[Kerror: [m[K‘[01m[Kmap[m[K’ in namespace ‘[01m[Kstd[m[K’ does not name a template type
[0.408s]    19 |     std::[01;31m[Kmap[m[K<std::vector<int>, Point*> uniquePoints;
[0.408s]       |          [01;31m[K^~~[m[K
[0.408s] [01m[K/home/zilch/LTU/Viswa/colcon_ws/src/beamlet_star_path_planner/include/beamlet_star_path_planner/quadtree.h:5:1:[m[K [01;36m[Knote: [m[K‘[01m[Kstd::map[m[K’ is defined in header ‘[01m[K<map>[m[K’; did you forget to ‘[01m[K#include <map>[m[K’?
[0.408s]     4 | #include "beamlet_star_path_planner/DyadicObject.h"
[0.408s]   +++ |+[32m[K#include <map>[m[K
[0.408s]     5 | #include "beamlet_star_path_planner/Point.h"
[0.408s] [01m[K/home/zilch/LTU/Viswa/colcon_ws/src/beamlet_star_path_planner/include/beamlet_star_path_planner/quadtree.h:39:10:[m[K [01;31m[Kerror: [m[K‘[01m[Kmap[m[K’ in namespace ‘[01m[Kstd[m[K’ does not name a template type
[0.408s]    39 |     std::[01;31m[Kmap[m[K<std::vector<int>, Point*> getUniqueLeafPoints() const;
[0.408s]       |          [01;31m[K^~~[m[K
[0.408s] [01m[K/home/zilch/LTU/Viswa/colcon_ws/src/beamlet_star_path_planner/include/beamlet_star_path_planner/quadtree.h:39:5:[m[K [01;36m[Knote: [m[K‘[01m[Kstd::map[m[K’ is defined in header ‘[01m[K<map>[m[K’; did you forget to ‘[01m[K#include <map>[m[K’?
[0.408s]    39 |     [01;36m[Kstd[m[K::map<std::vector<int>, Point*> getUniqueLeafPoints() const;
[0.409s]       |     [01;36m[K^~~[m[K
[0.409s] [01m[K/home/zilch/LTU/Viswa/colcon_ws/src/beamlet_star_path_planner/include/beamlet_star_path_planner/quadtree.h:41:28:[m[K [01;31m[Kerror: [m[K‘[01m[Kstd::map[m[K’ has not been declared
[0.409s]    41 |     void printUniquePoints([01;31m[Kstd[m[K::map<std::vector<int>, Point*>& pointMap) const;
[0.409s]       |                            [01;31m[K^~~[m[K
[0.409s] [01m[K/home/zilch/LTU/Viswa/colcon_ws/src/beamlet_star_path_planner/include/beamlet_star_path_planner/quadtree.h:41:36:[m[K [01;31m[Kerror: [m[Kexpected ‘[01m[K,[m[K’ or ‘[01m[K...[m[K’ before ‘[01m[K<[m[K’ token
[0.409s]    41 |     void printUniquePoints(std::map[01;31m[K<[m[Kstd::vector<int>, Point*>& pointMap) const;
[0.409s]       |                                    [01;31m[K^[m[K
[0.432s] In file included from [01m[K/home/zilch/LTU/Viswa/colcon_ws/src/beamlet_star_path_planner/include/beamlet_star_path_planner/BeamletGraph.h:13[m[K,
[0.432s]                  from [01m[K/home/zilch/LTU/Viswa/colcon_ws/src/beamlet_star_path_planner/include/beamlet_star_path_planner/Point.h:9[m[K,
[0.432s]                  from [01m[K/home/zilch/LTU/Viswa/colcon_ws/src/beamlet_star_path_planner/include/beamlet_star_path_planner/Beamlet.h:4[m[K,
[0.432s]                  from [01m[K/home/zilch/LTU/Viswa/colcon_ws/src/beamlet_star_path_planner/src/Beamlet.cpp:1[m[K:
[0.432s] [01m[K/home/zilch/LTU/Viswa/colcon_ws/src/beamlet_star_path_planner/include/beamlet_star_path_planner/quadtree.h:19:10:[m[K [01;31m[Kerror: [m[K‘[01m[Kmap[m[K’ in namespace ‘[01m[Kstd[m[K’ does not name a template type
[0.433s]    19 |     std::[01;31m[Kmap[m[K<std::vector<int>, Point*> uniquePoints;
[0.433s]       |          [01;31m[K^~~[m[K
[0.433s] [01m[K/home/zilch/LTU/Viswa/colcon_ws/src/beamlet_star_path_planner/include/beamlet_star_path_planner/quadtree.h:5:1:[m[K [01;36m[Knote: [m[K‘[01m[Kstd::map[m[K’ is defined in header ‘[01m[K<map>[m[K’; did you forget to ‘[01m[K#include <map>[m[K’?
[0.433s]     4 | #include "beamlet_star_path_planner/DyadicObject.h"
[0.433s]   +++ |+[32m[K#include <map>[m[K
[0.433s]     5 | #include "beamlet_star_path_planner/Point.h"
[0.433s] [01m[K/home/zilch/LTU/Viswa/colcon_ws/src/beamlet_star_path_planner/include/beamlet_star_path_planner/quadtree.h:39:10:[m[K [01;31m[Kerror: [m[K‘[01m[Kmap[m[K’ in namespace ‘[01m[Kstd[m[K’ does not name a template type
[0.433s]    39 |     std::[01;31m[Kmap[m[K<std::vector<int>, Point*> getUniqueLeafPoints() const;
[0.434s]       |          [01;31m[K^~~[m[K
[0.434s] [01m[K/home/zilch/LTU/Viswa/colcon_ws/src/beamlet_star_path_planner/include/beamlet_star_path_planner/quadtree.h:39:5:[m[K [01;36m[Knote: [m[K‘[01m[Kstd::map[m[K’ is defined in header ‘[01m[K<map>[m[K’; did you forget to ‘[01m[K#include <map>[m[K’?
[0.434s]    39 |     [01;36m[Kstd[m[K::map<std::vector<int>, Point*> getUniqueLeafPoints() const;
[0.434s]       |     [01;36m[K^~~[m[K
[0.434s] [01m[K/home/zilch/LTU/Viswa/colcon_ws/src/beamlet_star_path_planner/include/beamlet_star_path_planner/quadtree.h:41:28:[m[K [01;31m[Kerror: [m[K‘[01m[Kstd::map[m[K’ has not been declared
[0.434s]    41 |     void printUniquePoints([01;31m[Kstd[m[K::map<std::vector<int>, Point*>& pointMap) const;
[0.434s]       |                            [01;31m[K^~~[m[K
[0.434s] [01m[K/home/zilch/LTU/Viswa/colcon_ws/src/beamlet_star_path_planner/include/beamlet_star_path_planner/quadtree.h:41:36:[m[K [01;31m[Kerror: [m[Kexpected ‘[01m[K,[m[K’ or ‘[01m[K...[m[K’ before ‘[01m[K<[m[K’ token
[0.434s]    41 |     void printUniquePoints(std::map[01;31m[K<[m[Kstd::vector<int>, Point*>& pointMap) const;
[0.434s]       |                                    [01;31m[K^[m[K
[0.467s] [01m[K/home/zilch/LTU/Viswa/colcon_ws/src/beamlet_star_path_planner/include/beamlet_star_path_planner/BeamletGraph.h:21:17:[m[K [01;31m[Kerror: [m[K‘[01m[KBeamlet[m[K’ was not declared in this scope
[0.468s]    21 |     std::vector<[01;31m[KBeamlet[m[K*> beamlets;
[0.468s]       |                 [01;31m[K^~~~~~~[m[K
[0.468s] [01m[K/home/zilch/LTU/Viswa/colcon_ws/src/beamlet_star_path_planner/include/beamlet_star_path_planner/BeamletGraph.h:21:25:[m[K [01;31m[Kerror: [m[Ktemplate argument 1 is invalid
[0.468s]    21 |     std::vector<Beamlet*[01;31m[K>[m[K beamlets;
[0.468s]       |                         [01;31m[K^[m[K
[0.468s] [01m[K/home/zilch/LTU/Viswa/colcon_ws/src/beamlet_star_path_planner/include/beamlet_star_path_planner/BeamletGraph.h:21:25:[m[K [01;31m[Kerror: [m[Ktemplate argument 2 is invalid
[0.469s] [01m[K/home/zilch/LTU/Viswa/colcon_ws/src/beamlet_star_path_planner/include/beamlet_star_path_planner/BeamletGraph.h:26:96:[m[K [01;31m[Kerror: [m[K‘[01m[KPoint[m[K’ was not declared in this scope
[0.470s]    26 |     void generateBeamlets(std::vector<std::vector<int>> grid, const std::map<std::vector<int>, [01;31m[KPoint[m[K*>& points);
[0.470s]       |                                                                                                [01;31m[K^~~~~[m[K
[0.470s] [01m[K/home/zilch/LTU/Viswa/colcon_ws/src/beamlet_star_path_planner/include/beamlet_star_path_planner/BeamletGraph.h:26:102:[m[K [01;31m[Kerror: [m[Ktemplate argument 2 is invalid
[0.470s]    26 |     void generateBeamlets(std::vector<std::vector<int>> grid, const std::map<std::vector<int>, Point*[01;31m[K>[m[K& points);
[0.470s]       |                                                                                                      [01;31m[K^[m[K
[0.470s] [01m[K/home/zilch/LTU/Viswa/colcon_ws/src/beamlet_star_path_planner/include/beamlet_star_path_planner/BeamletGraph.h:26:102:[m[K [01;31m[Kerror: [m[Ktemplate argument 4 is invalid
[0.472s] [01m[K/home/zilch/LTU/Viswa/colcon_ws/src/beamlet_star_path_planner/include/beamlet_star_path_planner/BeamletGraph.h:26:96:[m[K [01;31m[Kerror: [m[K‘[01m[KPoint[m[K’ was not declared in this scope
[0.472s]    26 |     void generateBeamlets(std::vector<std::vector<int>> grid, const std::map<std::vector<int>, [01;31m[KPoint[m[K*>& points);
[0.472s]       |                                                                                                [01;31m[K^~~~~[m[K
[0.472s] [01m[K/home/zilch/LTU/Viswa/colcon_ws/src/beamlet_star_path_planner/include/beamlet_star_path_planner/BeamletGraph.h:26:102:[m[K [01;31m[Kerror: [m[Ktemplate argument 2 is invalid
[0.472s]    26 |     void generateBeamlets(std::vector<std::vector<int>> grid, const std::map<std::vector<int>, Point*[01;31m[K>[m[K& points);
[0.472s]       |                                                                                                      [01;31m[K^[m[K
[0.472s] [01m[K/home/zilch/LTU/Viswa/colcon_ws/src/beamlet_star_path_planner/include/beamlet_star_path_planner/BeamletGraph.h:26:102:[m[K [01;31m[Kerror: [m[Ktemplate argument 4 is invalid
[0.474s] [01m[K/home/zilch/LTU/Viswa/colcon_ws/src/beamlet_star_path_planner/include/beamlet_star_path_planner/BeamletGraph.h:26:96:[m[K [01;31m[Kerror: [m[K‘[01m[KPoint[m[K’ was not declared in this scope
[0.474s]    26 |     void generateBeamlets(std::vector<std::vector<int>> grid, const std::map<std::vector<int>, [01;31m[KPoint[m[K*>& points);
[0.474s]       |                                                                                                [01;31m[K^~~~~[m[K
[0.474s] [01m[K/home/zilch/LTU/Viswa/colcon_ws/src/beamlet_star_path_planner/include/beamlet_star_path_planner/BeamletGraph.h:26:102:[m[K [01;31m[Kerror: [m[Ktemplate argument 2 is invalid
[0.474s]    26 |     void generateBeamlets(std::vector<std::vector<int>> grid, const std::map<std::vector<int>, Point*[01;31m[K>[m[K& points);
[0.475s]       |                                                                                                      [01;31m[K^[m[K
[0.475s] [01m[K/home/zilch/LTU/Viswa/colcon_ws/src/beamlet_star_path_planner/include/beamlet_star_path_planner/BeamletGraph.h:26:102:[m[K [01;31m[Kerror: [m[Ktemplate argument 4 is invalid
[0.475s] [01m[K/home/zilch/LTU/Viswa/colcon_ws/src/beamlet_star_path_planner/include/beamlet_star_path_planner/BeamletGraph.h:26:69:[m[K [01;31m[Kerror: [m[Kinvalid template-id
[0.475s]    26 |     void generateBeamlets(std::vector<std::vector<int>> grid, const [01;31m[Kstd[m[K::map<std::vector<int>, Point*>& points);
[0.475s]       |                                                                     [01;31m[K^~~[m[K
[0.476s] [01m[K/home/zilch/LTU/Viswa/colcon_ws/src/beamlet_star_path_planner/include/beamlet_star_path_planner/BeamletGraph.h:26:96:[m[K [01;31m[Kerror: [m[K‘[01m[KPoint[m[K’ was not declared in this scope
[0.476s]    26 |     void generateBeamlets(std::vector<std::vector<int>> grid, const std::map<std::vector<int>, [01;31m[KPoint[m[K*>& points);
[0.476s]       |                                                                                                [01;31m[K^~~~~[m[K
[0.476s] [01m[K/home/zilch/LTU/Viswa/colcon_ws/src/beamlet_star_path_planner/include/beamlet_star_path_planner/BeamletGraph.h:26:102:[m[K [01;31m[Kerror: [m[Kexpected primary-expression before ‘[01m[K>[m[K’ token
[0.477s]    26 |     void generateBeamlets(std::vector<std::vector<int>> grid, const std::map<std::vector<int>, Point*[01;31m[K>[m[K& points);
[0.477s]       |                                                                                                      [01;31m[K^[m[K
[0.477s] [01m[K/home/zilch/LTU/Viswa/colcon_ws/src/beamlet_star_path_planner/include/beamlet_star_path_planner/BeamletGraph.h:26:63:[m[K [01;31m[Kerror: [m[Kmissing template argument list after ‘[01m[Kstd::map[m[K’; template placeholder not permitted in parameter
[0.477s]    26 |     void generateBeamlets(std::vector<std::vector<int>> grid, [01;31m[Kconst[m[K std::map<std::vector<int>, Point*>& points);
[0.477s]       |                                                               [01;31m[K^~~~~[m[K
[0.477s]       |                                                                    [32m[K<>[m[K
[0.477s] In file included from [01m[K/usr/include/c++/13/map:63[m[K,
[0.477s]                  from [01m[K/home/zilch/LTU/Viswa/colcon_ws/src/beamlet_star_path_planner/include/beamlet_star_path_planner/BeamletGraph.h:17[m[K:
[0.477s] [01m[K/usr/include/c++/13/bits/stl_map.h:102:11:[m[K [01;36m[Knote: [m[K‘[01m[Ktemplate<class _Key, class _Tp, class _Compare, class _Alloc> class std::map[m[K’ declared here
[0.478s]   102 |     class [01;36m[Kmap[m[K
[0.478s]       |           [01;36m[K^~~[m[K
[0.478s] [01m[K/home/zilch/LTU/Viswa/colcon_ws/src/beamlet_star_path_planner/include/beamlet_star_path_planner/BeamletGraph.h:30:23:[m[K [01;31m[Kerror: [m[K‘[01m[KBeamlet[m[K’ was not declared in this scope; did you mean ‘[01m[Kbeamlets[m[K’?
[0.479s]    30 |     const std::vector<[01;31m[KBeamlet[m[K*>& getBeamlets() const;
[0.479s]       |                       [01;31m[K^~~~~~~[m[K
[0.479s]       |                       [32m[Kbeamlets[m[K
[0.479s] [01m[K/home/zilch/LTU/Viswa/colcon_ws/src/beamlet_star_path_planner/include/beamlet_star_path_planner/BeamletGraph.h:30:31:[m[K [01;31m[Kerror: [m[Ktemplate argument 1 is invalid
[0.479s]    30 |     const std::vector<Beamlet*[01;31m[K>[m[K& getBeamlets() const;
[0.479s]       |                               [01;31m[K^[m[K
[0.479s] [01m[K/home/zilch/LTU/Viswa/colcon_ws/src/beamlet_star_path_planner/include/beamlet_star_path_planner/BeamletGraph.h:30:31:[m[K [01;31m[Kerror: [m[Ktemplate argument 2 is invalid
[0.479s] [01m[K/home/zilch/LTU/Viswa/colcon_ws/src/beamlet_star_path_planner/include/beamlet_star_path_planner/BeamletGraph.h:32:65:[m[K [01;31m[Kerror: [m[K‘[01m[KPoint[m[K’ has not been declared
[0.479s]    32 |     bool isBeamletFeasible(std::vector<std::vector<int>>& grid, [01;31m[KPoint[m[K* p1, Point* p2);
[0.479s]       |                                                                 [01;31m[K^~~~~[m[K
[0.480s] [01m[K/home/zilch/LTU/Viswa/colcon_ws/src/beamlet_star_path_planner/include/beamlet_star_path_planner/BeamletGraph.h:32:76:[m[K [01;31m[Kerror: [m[K‘[01m[KPoint[m[K’ has not been declared
[0.480s]    32 |     bool isBeamletFeasible(std::vector<std::vector<int>>& grid, Point* p1, [01;31m[KPoint[m[K* p2);
[0.480s]       |                                                                            [01;31m[K^~~~~[m[K
[0.562s] gmake[2]: *** [CMakeFiles/beamlet_star_node.dir/build.make:146: CMakeFiles/beamlet_star_node.dir/src/Point.cpp.o] Error 1
[0.562s] gmake[2]: *** Waiting for unfinished jobs....
[0.641s] gmake[2]: *** [CMakeFiles/beamlet_star_node.dir/build.make:132: CMakeFiles/beamlet_star_node.dir/src/Beamlet.cpp.o] Error 1
[2.987s] gmake[1]: *** [CMakeFiles/Makefile2:137: CMakeFiles/beamlet_star_node.dir/all] Error 2
[2.988s] gmake: *** [Makefile:146: all] Error 2
[2.990s] Invoked command in '/home/zilch/LTU/Viswa/colcon_ws/src/beamlet_star_path_planner/build/beamlet_star_path_planner' returned '2': CMAKE_PREFIX_PATH=${CMAKE_PREFIX_PATH}:/opt/ros/jazzy /usr/bin/cmake --build /home/zilch/LTU/Viswa/colcon_ws/src/beamlet_star_path_planner/build/beamlet_star_path_planner -- -j12 -l12
