[0.013s] Invoking command in '/home/zilch/LTU/Viswa/colcon_ws/src/beamlet_star_path_planner/build/beamlet_star_path_planner': CMAKE_PREFIX_PATH=${CMAKE_PREFIX_PATH}:/opt/ros/jazzy /usr/bin/cmake --build /home/zilch/LTU/Viswa/colcon_ws/src/beamlet_star_path_planner/build/beamlet_star_path_planner -- -j12 -l12
[0.102s] [ 20%] [32mBuilding CXX object CMakeFiles/beamlet_star_node.dir/src/beamlet_star_node.cpp.o[0m
[0.104s] [ 40%] [32mBuilding CXX object CMakeFiles/beamlet_star_node.dir/src/quadtree.cpp.o[0m
[1.545s] [01m[K/home/zilch/LTU/Viswa/colcon_ws/src/beamlet_star_path_planner/src/beamlet_star_node.cpp:12:5:[m[K [01;31m[Kerror: [m[K‘[01m[KBeamletGraph[m[K’ does not name a type
[1.545s]    12 |     [01;31m[KBeamletGraph[m[K beamletGraph; // graph to hold all beamlets
[1.545s]       |     [01;31m[K^~~~~~~~~~~~[m[K
[1.554s] [01m[K/home/zilch/LTU/Viswa/colcon_ws/src/beamlet_star_path_planner/src/beamlet_star_node.cpp:[m[K In constructor ‘[01m[KBeamletStarNode::[01;32m[KBeamletStarNode[m[K()[m[K’:
[1.554s] [01m[K/home/zilch/LTU/Viswa/colcon_ws/src/beamlet_star_path_planner/src/beamlet_star_node.cpp:69:21:[m[K [01;31m[Kerror: [m[K‘[01m[KBeamlet[m[K’ was not declared in this scope
[1.554s]    69 |         std::vector<[01;31m[KBeamlet[m[K*> allBeamlets;
[1.554s]       |                     [01;31m[K^~~~~~~[m[K
[1.554s] [01m[K/home/zilch/LTU/Viswa/colcon_ws/src/beamlet_star_path_planner/src/beamlet_star_node.cpp:69:29:[m[K [01;31m[Kerror: [m[Ktemplate argument 1 is invalid
[1.554s]    69 |         std::vector<Beamlet*[01;31m[K>[m[K allBeamlets;
[1.555s]       |                             [01;31m[K^[m[K
[1.555s] [01m[K/home/zilch/LTU/Viswa/colcon_ws/src/beamlet_star_path_planner/src/beamlet_star_node.cpp:69:29:[m[K [01;31m[Kerror: [m[Ktemplate argument 2 is invalid
[1.555s] [01m[K/home/zilch/LTU/Viswa/colcon_ws/src/beamlet_star_path_planner/src/beamlet_star_node.cpp:[m[K In lambda function:
[1.555s] [01m[K/home/zilch/LTU/Viswa/colcon_ws/src/beamlet_star_path_planner/src/beamlet_star_node.cpp:73:29:[m[K [01;31m[Kerror: [m[K‘[01m[Kclass QuadTree[m[K’ has no member named ‘[01m[KcreateBeamletsFromNode[m[K’
[1.555s]    73 |                 auto b = qt.[01;31m[KcreateBeamletsFromNode[m[K(node);
[1.555s]       |                             [01;31m[K^~~~~~~~~~~~~~~~~~~~~~[m[K
[1.558s] [01m[K/home/zilch/LTU/Viswa/colcon_ws/src/beamlet_star_path_planner/src/quadtree.cpp:150:13:[m[K [01;31m[Kerror: [m[K‘[01m[KPoint[m[K’ was not declared in this scope
[1.558s]   150 | std::vector<[01;31m[KPoint[m[K*> QuadTree::extractBoundaryPoints(DyadicObject* node) const
[1.558s]       |             [01;31m[K^~~~~[m[K
[1.558s] [01m[K/home/zilch/LTU/Viswa/colcon_ws/src/beamlet_star_path_planner/src/quadtree.cpp:150:19:[m[K [01;31m[Kerror: [m[Ktemplate argument 1 is invalid
[1.558s]   150 | std::vector<Point*[01;31m[K>[m[K QuadTree::extractBoundaryPoints(DyadicObject* node) const
[1.558s]       |                   [01;31m[K^[m[K
[1.558s] [01m[K/home/zilch/LTU/Viswa/colcon_ws/src/beamlet_star_path_planner/src/quadtree.cpp:150:19:[m[K [01;31m[Kerror: [m[Ktemplate argument 2 is invalid
[1.558s] [01m[K/home/zilch/LTU/Viswa/colcon_ws/src/beamlet_star_path_planner/src/quadtree.cpp:150:21:[m[K [01;31m[Kerror: [m[Kno declaration matches ‘[01m[Kint QuadTree::[01;32m[KextractBoundaryPoints[m[K(DyadicObject*) const[m[K’
[1.558s]   150 | std::vector<Point*> [01;31m[KQuadTree[m[K::extractBoundaryPoints(DyadicObject* node) const
[1.559s]       |                     [01;31m[K^~~~~~~~[m[K
[1.559s] [01m[K/home/zilch/LTU/Viswa/colcon_ws/src/beamlet_star_path_planner/src/quadtree.cpp:150:21:[m[K [01;36m[Knote: [m[Kno functions named ‘[01m[Kint QuadTree::[01;32m[KextractBoundaryPoints[m[K(DyadicObject*) const[m[K’
[1.559s] In file included from [01m[K/home/zilch/LTU/Viswa/colcon_ws/src/beamlet_star_path_planner/src/quadtree.cpp:3[m[K:
[1.559s] [01m[K/home/zilch/LTU/Viswa/colcon_ws/src/beamlet_star_path_planner/include/beamlet_star_path_planner/quadtree.h:8:7:[m[K [01;36m[Knote: [m[K‘[01m[Kclass QuadTree[m[K’ defined here
[1.559s]     8 | class [01;36m[KQuadTree[m[K
[1.559s]       |       [01;36m[K^~~~~~~~[m[K
[1.560s] [01m[K/home/zilch/LTU/Viswa/colcon_ws/src/beamlet_star_path_planner/src/beamlet_star_node.cpp:74:34:[m[K [01;31m[Kerror: [m[K‘[01m[KbeamletGraph[m[K’ was not declared in this scope
[1.560s]    74 |                 for(auto be : b) [01;31m[KbeamletGraph[m[K.AddBeamlet(be);
[1.560s]       |                                  [01;31m[K^~~~~~~~~~~~[m[K
[1.560s] [01m[K/home/zilch/LTU/Viswa/colcon_ws/src/beamlet_star_path_planner/src/quadtree.cpp:164:13:[m[K [01;31m[Kerror: [m[K‘[01m[KBeamlet[m[K’ was not declared in this scope
[1.560s]   164 | std::vector<[01;31m[KBeamlet[m[K*> QuadTree::createBeamletsFromNode(DyadicObject* node)
[1.561s]       |             [01;31m[K^~~~~~~[m[K
[1.561s] [01m[K/home/zilch/LTU/Viswa/colcon_ws/src/beamlet_star_path_planner/src/quadtree.cpp:164:21:[m[K [01;31m[Kerror: [m[Ktemplate argument 1 is invalid
[1.561s]   164 | std::vector<Beamlet*[01;31m[K>[m[K QuadTree::createBeamletsFromNode(DyadicObject* node)
[1.561s]       |                     [01;31m[K^[m[K
[1.561s] [01m[K/home/zilch/LTU/Viswa/colcon_ws/src/beamlet_star_path_planner/src/quadtree.cpp:164:21:[m[K [01;31m[Kerror: [m[Ktemplate argument 2 is invalid
[1.561s] [01m[K/home/zilch/LTU/Viswa/colcon_ws/src/beamlet_star_path_planner/src/quadtree.cpp:164:23:[m[K [01;31m[Kerror: [m[Kno declaration matches ‘[01m[Kint QuadTree::[01;32m[KcreateBeamletsFromNode[m[K(DyadicObject*)[m[K’
[1.561s]   164 | std::vector<Beamlet*> [01;31m[KQuadTree[m[K::createBeamletsFromNode(DyadicObject* node)
[1.561s]       |                       [01;31m[K^~~~~~~~[m[K
[1.561s] [01m[K/home/zilch/LTU/Viswa/colcon_ws/src/beamlet_star_path_planner/src/quadtree.cpp:164:23:[m[K [01;36m[Knote: [m[Kno functions named ‘[01m[Kint QuadTree::[01;32m[KcreateBeamletsFromNode[m[K(DyadicObject*)[m[K’
[1.562s] [01m[K/home/zilch/LTU/Viswa/colcon_ws/src/beamlet_star_path_planner/include/beamlet_star_path_planner/quadtree.h:8:7:[m[K [01;36m[Knote: [m[K‘[01m[Kclass QuadTree[m[K’ defined here
[1.562s]     8 | class [01;36m[KQuadTree[m[K
[1.562s]       |       [01;36m[K^~~~~~~~[m[K
[1.567s] In file included from [01m[K/opt/ros/jazzy/include/rclcpp/rclcpp/logging.hpp:24[m[K,
[1.567s]                  from [01m[K/opt/ros/jazzy/include/rclcpp/rclcpp/copy_all_parameter_values.hpp:27[m[K,
[1.568s]                  from [01m[K/opt/ros/jazzy/include/rclcpp/rclcpp/rclcpp.hpp:171[m[K,
[1.568s]                  from [01m[K/home/zilch/LTU/Viswa/colcon_ws/src/beamlet_star_path_planner/src/beamlet_star_node.cpp:1[m[K:
[1.568s] [01m[K/home/zilch/LTU/Viswa/colcon_ws/src/beamlet_star_path_planner/src/beamlet_star_node.cpp:[m[K In constructor ‘[01m[KBeamletStarNode::[01;32m[KBeamletStarNode[m[K()[m[K’:
[1.568s] [01m[K/home/zilch/LTU/Viswa/colcon_ws/src/beamlet_star_path_planner/src/beamlet_star_node.cpp:80:66:[m[K [01;31m[Kerror: [m[K‘[01m[KbeamletGraph[m[K’ was not declared in this scope
[1.568s]    80 |         RCLCPP_INFO(get_logger(), "Total beamlets created: %ld", [01;31m[KbeamletGraph[m[K.allBeamlets.size());
[1.568s]       |                                                                  [01;31m[K^~~~~~~~~~~~[m[K
[1.568s] [01m[K/home/zilch/LTU/Viswa/colcon_ws/src/beamlet_star_path_planner/src/beamlet_star_node.cpp:69:31:[m[K [01;35m[Kwarning: [m[Kunused variable ‘[01m[KallBeamlets[m[K’ [[01;35m[K]8;;https://gcc.gnu.org/onlinedocs/gcc/Warning-Options.html#index-Wunused-variable-Wunused-variable]8;;[m[K]
[1.568s]    69 |         std::vector<Beamlet*> [01;35m[KallBeamlets[m[K;
[1.568s]       |                               [01;35m[K^~~~~~~~~~~[m[K
[1.977s] gmake[2]: *** [CMakeFiles/beamlet_star_node.dir/build.make:90: CMakeFiles/beamlet_star_node.dir/src/quadtree.cpp.o] Error 1
[1.977s] gmake[2]: *** Waiting for unfinished jobs....
[1.992s] gmake[2]: *** [CMakeFiles/beamlet_star_node.dir/build.make:76: CMakeFiles/beamlet_star_node.dir/src/beamlet_star_node.cpp.o] Error 1
[1.992s] gmake[1]: *** [CMakeFiles/Makefile2:137: CMakeFiles/beamlet_star_node.dir/all] Error 2
[1.993s] gmake: *** [Makefile:146: all] Error 2
[1.996s] Invoked command in '/home/zilch/LTU/Viswa/colcon_ws/src/beamlet_star_path_planner/build/beamlet_star_path_planner' returned '2': CMAKE_PREFIX_PATH=${CMAKE_PREFIX_PATH}:/opt/ros/jazzy /usr/bin/cmake --build /home/zilch/LTU/Viswa/colcon_ws/src/beamlet_star_path_planner/build/beamlet_star_path_planner -- -j12 -l12
