[0.012s] Invoking command in '/home/zilch/LTU/Viswa/colcon_ws/src/beamlet_star_path_planner/build/beamlet_star_path_planner': CMAKE_PREFIX_PATH=${CMAKE_PREFIX_PATH}:/opt/ros/jazzy /usr/bin/cmake --build /home/zilch/LTU/Viswa/colcon_ws/src/beamlet_star_path_planner/build/beamlet_star_path_planner -- -j12 -l12
[0.093s] [ 14%] [32mBuilding CXX object CMakeFiles/beamlet_star_node.dir/src/beamlet_star_node.cpp.o[0m
[0.093s] [ 28%] [32mBuilding CXX object CMakeFiles/beamlet_star_node.dir/src/Point.cpp.o[0m
[0.097s] [ 42%] [32mBuilding CXX object CMakeFiles/beamlet_star_node.dir/src/quadtree.cpp.o[0m
[1.583s] [01m[K/home/zilch/LTU/Viswa/colcon_ws/src/beamlet_star_path_planner/src/beamlet_star_node.cpp:[m[K In constructor ‘[01m[KBeamletStarNode::[01;32m[KBeamletStarNode[m[K()[m[K’:
[1.583s] [01m[K/home/zilch/LTU/Viswa/colcon_ws/src/beamlet_star_path_planner/src/beamlet_star_node.cpp:74:9:[m[K [01;31m[Kerror: [m[K‘[01m[KcreateBeamletsFromLeaves[m[K’ was not declared in this scope
[1.583s]    74 |         [01;31m[KcreateBeamletsFromLeaves[m[K(leaves);
[1.583s]       |         [01;31m[K^~~~~~~~~~~~~~~~~~~~~~~~[m[K
[1.700s] [01m[K/home/zilch/LTU/Viswa/colcon_ws/src/beamlet_star_path_planner/src/quadtree.cpp:[m[K In function ‘[01m[Kvoid[01;32m[K createBeamletsFromLeaves[m[K(const std::vector<DyadicObject*>&)[m[K’:
[1.700s] [01m[K/home/zilch/LTU/Viswa/colcon_ws/src/beamlet_star_path_planner/src/quadtree.cpp:173:42:[m[K [01;31m[Kerror: [m[K‘[01m[KpointMap[m[K’ was not declared in this scope
[1.700s]   173 |             Point* TL = getOrCreatePoint([01;31m[KpointMap[m[K, {b[0][0], b[0][1]});
[1.700s]       |                                          [01;31m[K^~~~~~~~[m[K
[1.703s] [01m[K/home/zilch/LTU/Viswa/colcon_ws/src/beamlet_star_path_planner/src/quadtree.cpp:179:13:[m[K [01;31m[Kerror: [m[K‘[01m[Kbeamlets[m[K’ was not declared in this scope; did you mean ‘[01m[KBeamlet[m[K’?
[1.703s]   179 |             [01;31m[Kbeamlets[m[K.push_back(new Beamlet(TL, TR));
[1.703s]       |             [01;31m[K^~~~~~~~[m[K
[1.704s]       |             [32m[KBeamlet[m[K
[1.704s] [01m[K/home/zilch/LTU/Viswa/colcon_ws/src/beamlet_star_path_planner/src/quadtree.cpp:179:50:[m[K [01;31m[Kerror: [m[Kinvalid use of incomplete type ‘[01m[Kclass Beamlet[m[K’
[1.704s]   179 |             beamlets.push_back(new Beamlet(TL, TR[01;31m[K)[m[K);
[1.704s]       |                                                  [01;31m[K^[m[K
[1.704s] In file included from [01m[K/home/zilch/LTU/Viswa/colcon_ws/src/beamlet_star_path_planner/src/quadtree.cpp:5[m[K:
[1.704s] [01m[K/home/zilch/LTU/Viswa/colcon_ws/src/beamlet_star_path_planner/include/beamlet_star_path_planner/Point.h:13:7:[m[K [01;36m[Knote: [m[Kforward declaration of ‘[01m[Kclass Beamlet[m[K’
[1.704s]    13 | class [01;36m[KBeamlet[m[K;
[1.704s]       |       [01;36m[K^~~~~~~[m[K
[1.705s] [01m[K/home/zilch/LTU/Viswa/colcon_ws/src/beamlet_star_path_planner/src/quadtree.cpp:180:50:[m[K [01;31m[Kerror: [m[Kinvalid use of incomplete type ‘[01m[Kclass Beamlet[m[K’
[1.705s]   180 |             beamlets.push_back(new Beamlet(BL, BR[01;31m[K)[m[K);
[1.705s]       |                                                  [01;31m[K^[m[K
[1.705s] [01m[K/home/zilch/LTU/Viswa/colcon_ws/src/beamlet_star_path_planner/include/beamlet_star_path_planner/Point.h:13:7:[m[K [01;36m[Knote: [m[Kforward declaration of ‘[01m[Kclass Beamlet[m[K’
[1.705s]    13 | class [01;36m[KBeamlet[m[K;
[1.705s]       |       [01;36m[K^~~~~~~[m[K
[1.705s] [01m[K/home/zilch/LTU/Viswa/colcon_ws/src/beamlet_star_path_planner/src/quadtree.cpp:181:50:[m[K [01;31m[Kerror: [m[Kinvalid use of incomplete type ‘[01m[Kclass Beamlet[m[K’
[1.705s]   181 |             beamlets.push_back(new Beamlet(TL, BL[01;31m[K)[m[K);
[1.705s]       |                                                  [01;31m[K^[m[K
[1.705s] [01m[K/home/zilch/LTU/Viswa/colcon_ws/src/beamlet_star_path_planner/include/beamlet_star_path_planner/Point.h:13:7:[m[K [01;36m[Knote: [m[Kforward declaration of ‘[01m[Kclass Beamlet[m[K’
[1.706s]    13 | class [01;36m[KBeamlet[m[K;
[1.706s]       |       [01;36m[K^~~~~~~[m[K
[1.706s] [01m[K/home/zilch/LTU/Viswa/colcon_ws/src/beamlet_star_path_planner/src/quadtree.cpp:182:50:[m[K [01;31m[Kerror: [m[Kinvalid use of incomplete type ‘[01m[Kclass Beamlet[m[K’
[1.706s]   182 |             beamlets.push_back(new Beamlet(TR, BR[01;31m[K)[m[K);
[1.706s]       |                                                  [01;31m[K^[m[K
[1.706s] [01m[K/home/zilch/LTU/Viswa/colcon_ws/src/beamlet_star_path_planner/include/beamlet_star_path_planner/Point.h:13:7:[m[K [01;36m[Knote: [m[Kforward declaration of ‘[01m[Kclass Beamlet[m[K’
[1.706s]    13 | class [01;36m[KBeamlet[m[K;
[1.706s]       |       [01;36m[K^~~~~~~[m[K
[1.706s] [01m[K/home/zilch/LTU/Viswa/colcon_ws/src/beamlet_star_path_planner/src/quadtree.cpp:185:50:[m[K [01;31m[Kerror: [m[Kinvalid use of incomplete type ‘[01m[Kclass Beamlet[m[K’
[1.706s]   185 |             beamlets.push_back(new Beamlet(TL, BR[01;31m[K)[m[K);
[1.707s]       |                                                  [01;31m[K^[m[K
[1.707s] [01m[K/home/zilch/LTU/Viswa/colcon_ws/src/beamlet_star_path_planner/include/beamlet_star_path_planner/Point.h:13:7:[m[K [01;36m[Knote: [m[Kforward declaration of ‘[01m[Kclass Beamlet[m[K’
[1.707s]    13 | class [01;36m[KBeamlet[m[K;
[1.707s]       |       [01;36m[K^~~~~~~[m[K
[1.707s] [01m[K/home/zilch/LTU/Viswa/colcon_ws/src/beamlet_star_path_planner/src/quadtree.cpp:186:50:[m[K [01;31m[Kerror: [m[Kinvalid use of incomplete type ‘[01m[Kclass Beamlet[m[K’
[1.707s]   186 |             beamlets.push_back(new Beamlet(TR, BL[01;31m[K)[m[K);
[1.707s]       |                                                  [01;31m[K^[m[K
[1.707s] [01m[K/home/zilch/LTU/Viswa/colcon_ws/src/beamlet_star_path_planner/include/beamlet_star_path_planner/Point.h:13:7:[m[K [01;36m[Knote: [m[Kforward declaration of ‘[01m[Kclass Beamlet[m[K’
[1.707s]    13 | class [01;36m[KBeamlet[m[K;
[1.707s]       |       [01;36m[K^~~~~~~[m[K
[2.017s] gmake[2]: *** [CMakeFiles/beamlet_star_node.dir/build.make:76: CMakeFiles/beamlet_star_node.dir/src/beamlet_star_node.cpp.o] Error 1
[2.017s] gmake[2]: *** Waiting for unfinished jobs....
[2.154s] gmake[2]: *** [CMakeFiles/beamlet_star_node.dir/build.make:90: CMakeFiles/beamlet_star_node.dir/src/quadtree.cpp.o] Error 1
[2.154s] gmake[1]: *** [CMakeFiles/Makefile2:137: CMakeFiles/beamlet_star_node.dir/all] Error 2
[2.154s] gmake: *** [Makefile:146: all] Error 2
[2.156s] Invoked command in '/home/zilch/LTU/Viswa/colcon_ws/src/beamlet_star_path_planner/build/beamlet_star_path_planner' returned '2': CMAKE_PREFIX_PATH=${CMAKE_PREFIX_PATH}:/opt/ros/jazzy /usr/bin/cmake --build /home/zilch/LTU/Viswa/colcon_ws/src/beamlet_star_path_planner/build/beamlet_star_path_planner -- -j12 -l12
