[0.010s] Invoking command in '/home/zilch/LTU/Viswa/colcon_ws/src/beamlet_star_path_planner/build/beamlet_star_path_planner': CMAKE_PREFIX_PATH=${CMAKE_PREFIX_PATH}:/opt/ros/jazzy /usr/bin/cmake --build /home/zilch/LTU/Viswa/colcon_ws/src/beamlet_star_path_planner/build/beamlet_star_path_planner -- -j12 -l12
[0.098s] [ 12%] [32mBuilding CXX object CMakeFiles/beamlet_star_node.dir/src/BeamletGraph.cpp.o[0m
[0.099s] [ 25%] [32mBuilding CXX object CMakeFiles/beamlet_star_node.dir/src/beamlet_star_node.cpp.o[0m
[1.556s] [01m[K/home/zilch/LTU/Viswa/colcon_ws/src/beamlet_star_path_planner/src/BeamletGraph.cpp:81:6:[m[K [01;31m[Kerror: [m[Kno declaration matches ‘[01m[Kvoid BeamletGraph::[01;32m[KprintBeamlets[m[K() const[m[K’
[1.557s]    81 | void [01;31m[KBeamletGraph[m[K::printBeamlets() const
[1.557s]       |      [01;31m[K^~~~~~~~~~~~[m[K
[1.557s] [01m[K/home/zilch/LTU/Viswa/colcon_ws/src/beamlet_star_path_planner/src/BeamletGraph.cpp:81:6:[m[K [01;36m[Knote: [m[Kno functions named ‘[01m[Kvoid BeamletGraph::[01;32m[KprintBeamlets[m[K() const[m[K’
[1.557s] In file included from [01m[K/home/zilch/LTU/Viswa/colcon_ws/src/beamlet_star_path_planner/src/BeamletGraph.cpp:8[m[K:
[1.557s] [01m[K/home/zilch/LTU/Viswa/colcon_ws/src/beamlet_star_path_planner/include/beamlet_star_path_planner/BeamletGraph.h:19:7:[m[K [01;36m[Knote: [m[K‘[01m[Kclass BeamletGraph[m[K’ defined here
[1.557s]    19 | class [01;36m[KBeamletGraph[m[K {
[1.557s]       |       [01;36m[K^~~~~~~~~~~~[m[K
[1.575s] [01m[K/home/zilch/LTU/Viswa/colcon_ws/src/beamlet_star_path_planner/src/beamlet_star_node.cpp:[m[K In constructor ‘[01m[KBeamletStarNode::[01;32m[KBeamletStarNode[m[K()[m[K’:
[1.575s] [01m[K/home/zilch/LTU/Viswa/colcon_ws/src/beamlet_star_path_planner/src/beamlet_star_node.cpp:92:15:[m[K [01;31m[Kerror: [m[K‘[01m[Kclass BeamletGraph[m[K’ has no member named ‘[01m[KprintBeamlets[m[K’; did you mean ‘[01m[KgetBeamlets[m[K’?
[1.575s]    92 |         graph.[01;31m[KprintBeamlets[m[K();
[1.576s]       |               [01;31m[K^~~~~~~~~~~~~[m[K
[1.576s]       |               [32m[KgetBeamlets[m[K
[2.028s] gmake[2]: *** [CMakeFiles/beamlet_star_node.dir/build.make:160: CMakeFiles/beamlet_star_node.dir/src/BeamletGraph.cpp.o] Error 1
[2.028s] gmake[2]: *** Waiting for unfinished jobs....
[2.043s] gmake[2]: *** [CMakeFiles/beamlet_star_node.dir/build.make:76: CMakeFiles/beamlet_star_node.dir/src/beamlet_star_node.cpp.o] Error 1
[2.043s] gmake[1]: *** [CMakeFiles/Makefile2:137: CMakeFiles/beamlet_star_node.dir/all] Error 2
[2.043s] gmake: *** [Makefile:146: all] Error 2
[2.046s] Invoked command in '/home/zilch/LTU/Viswa/colcon_ws/src/beamlet_star_path_planner/build/beamlet_star_path_planner' returned '2': CMAKE_PREFIX_PATH=${CMAKE_PREFIX_PATH}:/opt/ros/jazzy /usr/bin/cmake --build /home/zilch/LTU/Viswa/colcon_ws/src/beamlet_star_path_planner/build/beamlet_star_path_planner -- -j12 -l12
