[01m[K/home/zilch/LTU/Viswa/colcon_ws/src/beamlet_star_path_planner/src/beamlet_star_node.cpp:[m[K In constructor ‘[01m[KBeamletStarNode::[01;32m[KBeamletStarNode[m[K()[m[K’:
[01m[K/home/zilch/LTU/Viswa/colcon_ws/src/beamlet_star_path_planner/src/beamlet_star_node.cpp:65:31:[m[K [01;31m[Kerror: [m[Kno matching function for call to ‘[01m[KQuadTree::printLeafBoundaries(DyadicObject*&)[m[K’
   65 |         [01;31m[Kqt.printLeafBoundaries(root)[m[K;
      |         [01;31m[K~~~~~~~~~~~~~~~~~~~~~~^~~~~~[m[K
In file included from [01m[K/home/zilch/LTU/Viswa/colcon_ws/src/beamlet_star_path_planner/src/beamlet_star_node.cpp:2[m[K:
[01m[K/home/zilch/LTU/Viswa/colcon_ws/src/beamlet_star_path_planner/include/beamlet_star_path_planner/quadtree.h:29:10:[m[K [01;36m[Knote: [m[Kcandidate: ‘[01m[Kvoid QuadTree::[01;32m[KprintLeafBoundaries[m[K() const[m[K’
   29 |     void [01;36m[KprintLeafBoundaries[m[K() const;
      |          [01;36m[K^~~~~~~~~~~~~~~~~~~[m[K
[01m[K/home/zilch/LTU/Viswa/colcon_ws/src/beamlet_star_path_planner/include/beamlet_star_path_planner/quadtree.h:29:10:[m[K [01;36m[Knote: [m[K  candidate expects 0 arguments, 1 provided
[01m[K/home/zilch/LTU/Viswa/colcon_ws/src/beamlet_star_path_planner/src/beamlet_star_node.cpp:67:33:[m[K [01;31m[Kerror: [m[K‘[01m[Kclass QuadTree[m[K’ has no member named ‘[01m[KgetLeaves[m[K’; did you mean ‘[01m[Kstd::vector<DyadicObject*> QuadTree::leaves[m[K’? (not accessible from this context)
   67 |         const auto& leaves = qt.[01;31m[KgetLeaves[m[K();
      |                                 [01;31m[K^~~~~~~~~[m[K
[01m[K/home/zilch/LTU/Viswa/colcon_ws/src/beamlet_star_path_planner/include/beamlet_star_path_planner/quadtree.h:16:32:[m[K [01;36m[Knote: [m[Kdeclared private here
   16 |     std::vector<DyadicObject*> [01;36m[Kleaves[m[K;
      |                                [01;36m[K^~~~~~[m[K
[01m[K/home/zilch/LTU/Viswa/colcon_ws/src/beamlet_star_path_planner/src/quadtree.cpp:124:35:[m[K [01;31m[Kerror: [m[Kno declaration matches ‘[01m[Kconst std::vector<DyadicObject*>& QuadTree::[01;32m[KgetLeaves[m[K() const[m[K’
  124 | const std::vector<DyadicObject*>& [01;31m[KQuadTree[m[K::getLeaves() const { return leaves; }
      |                                   [01;31m[K^~~~~~~~[m[K
[01m[K/home/zilch/LTU/Viswa/colcon_ws/src/beamlet_star_path_planner/src/quadtree.cpp:124:35:[m[K [01;36m[Knote: [m[Kno functions named ‘[01m[Kconst std::vector<DyadicObject*>& QuadTree::[01;32m[KgetLeaves[m[K() const[m[K’
In file included from [01m[K/home/zilch/LTU/Viswa/colcon_ws/src/beamlet_star_path_planner/src/quadtree.cpp:3[m[K:
[01m[K/home/zilch/LTU/Viswa/colcon_ws/src/beamlet_star_path_planner/include/beamlet_star_path_planner/quadtree.h:8:7:[m[K [01;36m[Knote: [m[K‘[01m[Kclass QuadTree[m[K’ defined here
    8 | class [01;36m[KQuadTree[m[K
      |       [01;36m[K^~~~~~~~[m[K
gmake[2]: *** [CMakeFiles/beamlet_star_node.dir/build.make:76: CMakeFiles/beamlet_star_node.dir/src/beamlet_star_node.cpp.o] Error 1
gmake[2]: *** Waiting for unfinished jobs....
gmake[2]: *** [CMakeFiles/beamlet_star_node.dir/build.make:90: CMakeFiles/beamlet_star_node.dir/src/quadtree.cpp.o] Error 1
gmake[1]: *** [CMakeFiles/Makefile2:137: CMakeFiles/beamlet_star_node.dir/all] Error 2
gmake: *** [Makefile:146: all] Error 2
