[0.011s] Invoking command in '/home/zilch/LTU/Viswa/colcon_ws/src/beamlet_star_path_planner/build/beamlet_star_path_planner': CMAKE_PREFIX_PATH=${CMAKE_PREFIX_PATH}:/opt/ros/jazzy /usr/bin/cmake --build /home/zilch/LTU/Viswa/colcon_ws/src/beamlet_star_path_planner/build/beamlet_star_path_planner -- -j12 -l12
[0.083s] [ 12%] [32mBuilding CXX object CMakeFiles/beamlet_star_node.dir/src/Beamlet.cpp.o[0m
[0.085s] [ 25%] [32mBuilding CXX object CMakeFiles/beamlet_star_node.dir/src/beamlet_star_node.cpp.o[0m
[0.087s] [ 50%] [32mBuilding CXX object CMakeFiles/beamlet_star_node.dir/src/Point.cpp.o[0m
[0.087s] [ 50%] [32mBuilding CXX object CMakeFiles/beamlet_star_node.dir/src/BeamletGraph.cpp.o[0m
[0.256s] [01m[K/home/zilch/LTU/Viswa/colcon_ws/src/beamlet_star_path_planner/src/Beamlet.cpp:[m[K In member function ‘[01m[Kstd::__cxx11::list<Beamlet*> Beamlet::[01;32m[KGetNeighborBeamlets[m[K(BeamletGraph*)[m[K’:
[0.256s] [01m[K/home/zilch/LTU/Viswa/colcon_ws/src/beamlet_star_path_planner/src/Beamlet.cpp:30:64:[m[K [01;35m[Kwarning: [m[Kunused parameter ‘[01m[KbeamletGraph[m[K’ [[01;35m[K]8;;https://gcc.gnu.org/onlinedocs/gcc/Warning-Options.html#index-Wunused-parameter-Wunused-parameter]8;;[m[K]
[0.256s]    30 | std::list<Beamlet*> Beamlet::GetNeighborBeamlets([01;35m[KBeamletGraph* beamletGraph[m[K)
[0.257s]       |                                                  [01;35m[K~~~~~~~~~~~~~~^~~~~~~~~~~~[m[K
[2.194s] [ 62%] [32m[1mLinking CXX executable beamlet_star_node[0m
[2.304s] [100%] Built target beamlet_star_node
[2.315s] Invoked command in '/home/zilch/LTU/Viswa/colcon_ws/src/beamlet_star_path_planner/build/beamlet_star_path_planner' returned '0': CMAKE_PREFIX_PATH=${CMAKE_PREFIX_PATH}:/opt/ros/jazzy /usr/bin/cmake --build /home/zilch/LTU/Viswa/colcon_ws/src/beamlet_star_path_planner/build/beamlet_star_path_planner -- -j12 -l12
[2.323s] Invoking command in '/home/zilch/LTU/Viswa/colcon_ws/src/beamlet_star_path_planner/build/beamlet_star_path_planner': CMAKE_PREFIX_PATH=${CMAKE_PREFIX_PATH}:/opt/ros/jazzy /usr/bin/cmake --install /home/zilch/LTU/Viswa/colcon_ws/src/beamlet_star_path_planner/build/beamlet_star_path_planner
[2.334s] -- Install configuration: ""
[2.334s] -- Installing: /home/zilch/LTU/Viswa/colcon_ws/src/beamlet_star_path_planner/install/beamlet_star_path_planner/lib/beamlet_star_path_planner/beamlet_star_node
[2.335s] -- Set non-toolchain portion of runtime path of "/home/zilch/LTU/Viswa/colcon_ws/src/beamlet_star_path_planner/install/beamlet_star_path_planner/lib/beamlet_star_path_planner/beamlet_star_node" to ""
[2.336s] -- Up-to-date: /home/zilch/LTU/Viswa/colcon_ws/src/beamlet_star_path_planner/install/beamlet_star_path_planner/share/beamlet_star_path_planner/config
[2.336s] -- Up-to-date: /home/zilch/LTU/Viswa/colcon_ws/src/beamlet_star_path_planner/install/beamlet_star_path_planner/share/beamlet_star_path_planner/config/grid.yaml
[2.336s] -- Up-to-date: /home/zilch/LTU/Viswa/colcon_ws/src/beamlet_star_path_planner/install/beamlet_star_path_planner/share/beamlet_star_path_planner/launch
[2.336s] -- Up-to-date: /home/zilch/LTU/Viswa/colcon_ws/src/beamlet_star_path_planner/install/beamlet_star_path_planner/share/beamlet_star_path_planner/launch/run.launch.py
[2.336s] -- Up-to-date: /home/zilch/LTU/Viswa/colcon_ws/src/beamlet_star_path_planner/install/beamlet_star_path_planner/share/ament_index/resource_index/package_run_dependencies/beamlet_star_path_planner
[2.336s] -- Up-to-date: /home/zilch/LTU/Viswa/colcon_ws/src/beamlet_star_path_planner/install/beamlet_star_path_planner/share/ament_index/resource_index/parent_prefix_path/beamlet_star_path_planner
[2.336s] -- Up-to-date: /home/zilch/LTU/Viswa/colcon_ws/src/beamlet_star_path_planner/install/beamlet_star_path_planner/share/beamlet_star_path_planner/environment/ament_prefix_path.sh
[2.336s] -- Up-to-date: /home/zilch/LTU/Viswa/colcon_ws/src/beamlet_star_path_planner/install/beamlet_star_path_planner/share/beamlet_star_path_planner/environment/ament_prefix_path.dsv
[2.337s] -- Up-to-date: /home/zilch/LTU/Viswa/colcon_ws/src/beamlet_star_path_planner/install/beamlet_star_path_planner/share/beamlet_star_path_planner/environment/path.sh
[2.337s] -- Up-to-date: /home/zilch/LTU/Viswa/colcon_ws/src/beamlet_star_path_planner/install/beamlet_star_path_planner/share/beamlet_star_path_planner/environment/path.dsv
[2.337s] -- Up-to-date: /home/zilch/LTU/Viswa/colcon_ws/src/beamlet_star_path_planner/install/beamlet_star_path_planner/share/beamlet_star_path_planner/local_setup.bash
[2.337s] -- Up-to-date: /home/zilch/LTU/Viswa/colcon_ws/src/beamlet_star_path_planner/install/beamlet_star_path_planner/share/beamlet_star_path_planner/local_setup.sh
[2.337s] -- Up-to-date: /home/zilch/LTU/Viswa/colcon_ws/src/beamlet_star_path_planner/install/beamlet_star_path_planner/share/beamlet_star_path_planner/local_setup.zsh
[2.337s] -- Up-to-date: /home/zilch/LTU/Viswa/colcon_ws/src/beamlet_star_path_planner/install/beamlet_star_path_planner/share/beamlet_star_path_planner/local_setup.dsv
[2.337s] -- Installing: /home/zilch/LTU/Viswa/colcon_ws/src/beamlet_star_path_planner/install/beamlet_star_path_planner/share/beamlet_star_path_planner/package.dsv
[2.337s] -- Up-to-date: /home/zilch/LTU/Viswa/colcon_ws/src/beamlet_star_path_planner/install/beamlet_star_path_planner/share/ament_index/resource_index/packages/beamlet_star_path_planner
[2.338s] -- Up-to-date: /home/zilch/LTU/Viswa/colcon_ws/src/beamlet_star_path_planner/install/beamlet_star_path_planner/share/beamlet_star_path_planner/cmake/beamlet_star_path_plannerConfig.cmake
[2.338s] -- Up-to-date: /home/zilch/LTU/Viswa/colcon_ws/src/beamlet_star_path_planner/install/beamlet_star_path_planner/share/beamlet_star_path_planner/cmake/beamlet_star_path_plannerConfig-version.cmake
[2.338s] -- Up-to-date: /home/zilch/LTU/Viswa/colcon_ws/src/beamlet_star_path_planner/install/beamlet_star_path_planner/share/beamlet_star_path_planner/package.xml
[2.338s] Invoked command in '/home/zilch/LTU/Viswa/colcon_ws/src/beamlet_star_path_planner/build/beamlet_star_path_planner' returned '0': CMAKE_PREFIX_PATH=${CMAKE_PREFIX_PATH}:/opt/ros/jazzy /usr/bin/cmake --install /home/zilch/LTU/Viswa/colcon_ws/src/beamlet_star_path_planner/build/beamlet_star_path_planner
