[ 20%] [32mBuilding CXX object CMakeFiles/beamlet_star_node.dir/src/quadtree.cpp.o[0m
[01m[K/home/zilch/LTU/Viswa/colcon_ws/src/beamlet_star_path_planner/src/quadtree.cpp:[m[K In member function ‘[01m[Kint QuadTree::[01;32m[KcountObstacles[m[K(DyadicObject*) const[m[K’:
[01m[K/home/zilch/LTU/Viswa/colcon_ws/src/beamlet_star_path_planner/src/quadtree.cpp:17:9:[m[K [01;35m[Kwarning: [m[Kunused variable ‘[01m[KrowStart[m[K’ [[01;35m[K]8;;https://gcc.gnu.org/onlinedocs/gcc/Warning-Options.html#index-Wunused-variable-Wunused-variable]8;;[m[K]
   17 |     int [01;35m[KrowStart[m[K = (x-1)*size;  // x -> row
      |         [01;35m[K^~~~~~~~[m[K
[01m[K/home/zilch/LTU/Viswa/colcon_ws/src/beamlet_star_path_planner/src/quadtree.cpp:18:9:[m[K [01;35m[Kwarning: [m[Kunused variable ‘[01m[KcolStart[m[K’ [[01;35m[K]8;;https://gcc.gnu.org/onlinedocs/gcc/Warning-Options.html#index-Wunused-variable-Wunused-variable]8;;[m[K]
   18 |     int [01;35m[KcolStart[m[K = (y-1)*size;  // y -> column
      |         [01;35m[K^~~~~~~~[m[K
[ 40%] [32m[1mLinking CXX executable beamlet_star_node[0m
[100%] Built target beamlet_star_node
-- Install configuration: ""
-- Installing: /home/zilch/LTU/Viswa/colcon_ws/src/beamlet_star_path_planner/install/beamlet_star_path_planner/lib/beamlet_star_path_planner/beamlet_star_node
-- Set non-toolchain portion of runtime path of "/home/zilch/LTU/Viswa/colcon_ws/src/beamlet_star_path_planner/install/beamlet_star_path_planner/lib/beamlet_star_path_planner/beamlet_star_node" to ""
-- Up-to-date: /home/zilch/LTU/Viswa/colcon_ws/src/beamlet_star_path_planner/install/beamlet_star_path_planner/share/beamlet_star_path_planner/config
-- Up-to-date: /home/zilch/LTU/Viswa/colcon_ws/src/beamlet_star_path_planner/install/beamlet_star_path_planner/share/beamlet_star_path_planner/config/grid.yaml
-- Up-to-date: /home/zilch/LTU/Viswa/colcon_ws/src/beamlet_star_path_planner/install/beamlet_star_path_planner/share/beamlet_star_path_planner/launch
-- Up-to-date: /home/zilch/LTU/Viswa/colcon_ws/src/beamlet_star_path_planner/install/beamlet_star_path_planner/share/beamlet_star_path_planner/launch/run.launch.py
-- Up-to-date: /home/zilch/LTU/Viswa/colcon_ws/src/beamlet_star_path_planner/install/beamlet_star_path_planner/share/ament_index/resource_index/package_run_dependencies/beamlet_star_path_planner
-- Up-to-date: /home/zilch/LTU/Viswa/colcon_ws/src/beamlet_star_path_planner/install/beamlet_star_path_planner/share/ament_index/resource_index/parent_prefix_path/beamlet_star_path_planner
-- Up-to-date: /home/zilch/LTU/Viswa/colcon_ws/src/beamlet_star_path_planner/install/beamlet_star_path_planner/share/beamlet_star_path_planner/environment/ament_prefix_path.sh
-- Up-to-date: /home/zilch/LTU/Viswa/colcon_ws/src/beamlet_star_path_planner/install/beamlet_star_path_planner/share/beamlet_star_path_planner/environment/ament_prefix_path.dsv
-- Up-to-date: /home/zilch/LTU/Viswa/colcon_ws/src/beamlet_star_path_planner/install/beamlet_star_path_planner/share/beamlet_star_path_planner/environment/path.sh
-- Up-to-date: /home/zilch/LTU/Viswa/colcon_ws/src/beamlet_star_path_planner/install/beamlet_star_path_planner/share/beamlet_star_path_planner/environment/path.dsv
-- Up-to-date: /home/zilch/LTU/Viswa/colcon_ws/src/beamlet_star_path_planner/install/beamlet_star_path_planner/share/beamlet_star_path_planner/local_setup.bash
-- Up-to-date: /home/zilch/LTU/Viswa/colcon_ws/src/beamlet_star_path_planner/install/beamlet_star_path_planner/share/beamlet_star_path_planner/local_setup.sh
-- Up-to-date: /home/zilch/LTU/Viswa/colcon_ws/src/beamlet_star_path_planner/install/beamlet_star_path_planner/share/beamlet_star_path_planner/local_setup.zsh
-- Up-to-date: /home/zilch/LTU/Viswa/colcon_ws/src/beamlet_star_path_planner/install/beamlet_star_path_planner/share/beamlet_star_path_planner/local_setup.dsv
-- Installing: /home/zilch/LTU/Viswa/colcon_ws/src/beamlet_star_path_planner/install/beamlet_star_path_planner/share/beamlet_star_path_planner/package.dsv
-- Up-to-date: /home/zilch/LTU/Viswa/colcon_ws/src/beamlet_star_path_planner/install/beamlet_star_path_planner/share/ament_index/resource_index/packages/beamlet_star_path_planner
-- Up-to-date: /home/zilch/LTU/Viswa/colcon_ws/src/beamlet_star_path_planner/install/beamlet_star_path_planner/share/beamlet_star_path_planner/cmake/beamlet_star_path_plannerConfig.cmake
-- Up-to-date: /home/zilch/LTU/Viswa/colcon_ws/src/beamlet_star_path_planner/install/beamlet_star_path_planner/share/beamlet_star_path_planner/cmake/beamlet_star_path_plannerConfig-version.cmake
-- Up-to-date: /home/zilch/LTU/Viswa/colcon_ws/src/beamlet_star_path_planner/install/beamlet_star_path_planner/share/beamlet_star_path_planner/package.xml
