[0.010s] Invoking command in '/home/zilch/LTU/Viswa/colcon_ws/src/beamlet_star_path_planner/build/beamlet_star_path_planner': CMAKE_PREFIX_PATH=${CMAKE_PREFIX_PATH}:/opt/ros/jazzy /usr/bin/cmake --build /home/zilch/LTU/Viswa/colcon_ws/src/beamlet_star_path_planner/build/beamlet_star_path_planner -- -j12 -l12
[0.092s] [ 20%] [32mBuilding CXX object CMakeFiles/beamlet_star_node.dir/src/beamlet_star_node.cpp.o[0m
[1.496s] [01m[K/home/zilch/LTU/Viswa/colcon_ws/src/beamlet_star_path_planner/src/beamlet_star_node.cpp:12:34:[m[K [01;31m[Kerror: [m[K‘[01m[KPoint[m[K’ was not declared in this scope
[1.496s]    12 |     std::map<std::pair<int,int>, [01;31m[KPoint[m[K*> pointMap;
[1.496s]       |                                  [01;31m[K^~~~~[m[K
[1.497s] [01m[K/home/zilch/LTU/Viswa/colcon_ws/src/beamlet_star_path_planner/src/beamlet_star_node.cpp:12:40:[m[K [01;31m[Kerror: [m[Ktemplate argument 2 is invalid
[1.497s]    12 |     std::map<std::pair<int,int>, Point*[01;31m[K>[m[K pointMap;
[1.497s]       |                                        [01;31m[K^[m[K
[1.497s] [01m[K/home/zilch/LTU/Viswa/colcon_ws/src/beamlet_star_path_planner/src/beamlet_star_node.cpp:12:40:[m[K [01;31m[Kerror: [m[Ktemplate argument 4 is invalid
[1.501s] [01m[K/home/zilch/LTU/Viswa/colcon_ws/src/beamlet_star_path_planner/src/beamlet_star_node.cpp:13:17:[m[K [01;31m[Kerror: [m[K‘[01m[KBeamlet[m[K’ was not declared in this scope
[1.501s]    13 |     std::vector<[01;31m[KBeamlet[m[K*> beamlets;
[1.501s]       |                 [01;31m[K^~~~~~~[m[K
[1.501s] [01m[K/home/zilch/LTU/Viswa/colcon_ws/src/beamlet_star_path_planner/src/beamlet_star_node.cpp:13:25:[m[K [01;31m[Kerror: [m[Ktemplate argument 1 is invalid
[1.501s]    13 |     std::vector<Beamlet*[01;31m[K>[m[K beamlets;
[1.501s]       |                         [01;31m[K^[m[K
[1.501s] [01m[K/home/zilch/LTU/Viswa/colcon_ws/src/beamlet_star_path_planner/src/beamlet_star_node.cpp:13:25:[m[K [01;31m[Kerror: [m[Ktemplate argument 2 is invalid
[1.501s] [01m[K/home/zilch/LTU/Viswa/colcon_ws/src/beamlet_star_path_planner/src/beamlet_star_node.cpp:78:5:[m[K [01;31m[Kerror: [m[K‘[01m[KPoint[m[K’ does not name a type
[1.502s]    78 |     [01;31m[KPoint[m[K* getOrCreatePoint(std::map<std::pair<int,int>, Point*>& pointMap, int row, int col)
[1.502s]       |     [01;31m[K^~~~~[m[K
[1.506s] In file included from [01m[K/opt/ros/jazzy/include/rclcpp/rclcpp/logging.hpp:24[m[K,
[1.506s]                  from [01m[K/opt/ros/jazzy/include/rclcpp/rclcpp/copy_all_parameter_values.hpp:27[m[K,
[1.506s]                  from [01m[K/opt/ros/jazzy/include/rclcpp/rclcpp/rclcpp.hpp:171[m[K,
[1.506s]                  from [01m[K/home/zilch/LTU/Viswa/colcon_ws/src/beamlet_star_path_planner/src/beamlet_star_node.cpp:1[m[K:
[1.506s] [01m[K/home/zilch/LTU/Viswa/colcon_ws/src/beamlet_star_path_planner/src/beamlet_star_node.cpp:[m[K In constructor ‘[01m[KBeamletStarNode::[01;32m[KBeamletStarNode[m[K()[m[K’:
[1.507s] [01m[K/home/zilch/LTU/Viswa/colcon_ws/src/beamlet_star_path_planner/src/beamlet_star_node.cpp:74:72:[m[K [01;31m[Kerror: [m[Krequest for member ‘[01m[Ksize[m[K’ in ‘[01m[K((BeamletStarNode*)this)->BeamletStarNode::pointMap[m[K’, which is of non-class type ‘[01m[Kint[m[K’
[1.507s]    74 |         RCLCPP_INFO(get_logger(), "Total unique points: %ld", pointMap.[01;31m[Ksize[m[K());
[1.507s]       |                                                                        [01;31m[K^~~~[m[K
[1.507s] [01m[K/home/zilch/LTU/Viswa/colcon_ws/src/beamlet_star_path_planner/src/beamlet_star_node.cpp:75:67:[m[K [01;31m[Kerror: [m[Krequest for member ‘[01m[Ksize[m[K’ in ‘[01m[K((BeamletStarNode*)this)->BeamletStarNode::beamlets[m[K’, which is of non-class type ‘[01m[Kint[m[K’
[1.507s]    75 |         RCLCPP_INFO(get_logger(), "Total beamlets: %ld", beamlets.[01;31m[Ksize[m[K());
[1.507s]       |                                                                   [01;31m[K^~~~[m[K
[1.512s] [01m[K/home/zilch/LTU/Viswa/colcon_ws/src/beamlet_star_path_planner/src/beamlet_star_node.cpp:[m[K In member function ‘[01m[Kvoid BeamletStarNode::[01;32m[KcreateBeamletsFromLeaves[m[K(const std::vector<DyadicObject*>&)[m[K’:
[1.512s] [01m[K/home/zilch/LTU/Viswa/colcon_ws/src/beamlet_star_path_planner/src/beamlet_star_node.cpp:94:13:[m[K [01;31m[Kerror: [m[K‘[01m[KPoint[m[K’ was not declared in this scope
[1.512s]    94 |             [01;31m[KPoint[m[K* TL = getOrCreatePoint(b[0][0], b[0][1]);
[1.512s]       |             [01;31m[K^~~~~[m[K
[1.516s] [01m[K/home/zilch/LTU/Viswa/colcon_ws/src/beamlet_star_path_planner/src/beamlet_star_node.cpp:94:20:[m[K [01;31m[Kerror: [m[K‘[01m[KTL[m[K’ was not declared in this scope
[1.516s]    94 |             Point* [01;31m[KTL[m[K = getOrCreatePoint(b[0][0], b[0][1]);
[1.516s]       |                    [01;31m[K^~[m[K
[1.523s] [01m[K/home/zilch/LTU/Viswa/colcon_ws/src/beamlet_star_path_planner/src/beamlet_star_node.cpp:94:25:[m[K [01;31m[Kerror: [m[K‘[01m[KgetOrCreatePoint[m[K’ was not declared in this scope
[1.523s]    94 |             Point* TL = [01;31m[KgetOrCreatePoint[m[K(b[0][0], b[0][1]);
[1.523s]       |                         [01;31m[K^~~~~~~~~~~~~~~~[m[K
[1.526s] [01m[K/home/zilch/LTU/Viswa/colcon_ws/src/beamlet_star_path_planner/src/beamlet_star_node.cpp:95:20:[m[K [01;31m[Kerror: [m[K‘[01m[KTR[m[K’ was not declared in this scope
[1.526s]    95 |             Point* [01;31m[KTR[m[K = getOrCreatePoint(b[1][0], b[1][1]);
[1.526s]       |                    [01;31m[K^~[m[K
[1.530s] [01m[K/home/zilch/LTU/Viswa/colcon_ws/src/beamlet_star_path_planner/src/beamlet_star_node.cpp:96:20:[m[K [01;31m[Kerror: [m[K‘[01m[KBL[m[K’ was not declared in this scope
[1.530s]    96 |             Point* [01;31m[KBL[m[K = getOrCreatePoint(b[2][0], b[2][1]);
[1.530s]       |                    [01;31m[K^~[m[K
[1.533s] [01m[K/home/zilch/LTU/Viswa/colcon_ws/src/beamlet_star_path_planner/src/beamlet_star_node.cpp:97:20:[m[K [01;31m[Kerror: [m[K‘[01m[KBR[m[K’ was not declared in this scope
[1.533s]    97 |             Point* [01;31m[KBR[m[K = getOrCreatePoint(b[3][0], b[3][1]);
[1.533s]       |                    [01;31m[K^~[m[K
[1.534s] [01m[K/home/zilch/LTU/Viswa/colcon_ws/src/beamlet_star_path_planner/src/beamlet_star_node.cpp:100:22:[m[K [01;31m[Kerror: [m[Krequest for member ‘[01m[Kpush_back[m[K’ in ‘[01m[K((BeamletStarNode*)this)->BeamletStarNode::beamlets[m[K’, which is of non-class type ‘[01m[Kint[m[K’
[1.534s]   100 |             beamlets.[01;31m[Kpush_back[m[K(new Beamlet(TL, TR));
[1.534s]       |                      [01;31m[K^~~~~~~~~[m[K
[1.534s] [01m[K/home/zilch/LTU/Viswa/colcon_ws/src/beamlet_star_path_planner/src/beamlet_star_node.cpp:100:36:[m[K [01;31m[Kerror: [m[Kexpected type-specifier before ‘[01m[KBeamlet[m[K’
[1.534s]   100 |             beamlets.push_back(new [01;31m[KBeamlet[m[K(TL, TR));
[1.534s]       |                                    [01;31m[K^~~~~~~[m[K
[1.534s] [01m[K/home/zilch/LTU/Viswa/colcon_ws/src/beamlet_star_path_planner/src/beamlet_star_node.cpp:101:22:[m[K [01;31m[Kerror: [m[Krequest for member ‘[01m[Kpush_back[m[K’ in ‘[01m[K((BeamletStarNode*)this)->BeamletStarNode::beamlets[m[K’, which is of non-class type ‘[01m[Kint[m[K’
[1.534s]   101 |             beamlets.[01;31m[Kpush_back[m[K(new Beamlet(BL, BR));
[1.534s]       |                      [01;31m[K^~~~~~~~~[m[K
[1.535s] [01m[K/home/zilch/LTU/Viswa/colcon_ws/src/beamlet_star_path_planner/src/beamlet_star_node.cpp:101:36:[m[K [01;31m[Kerror: [m[Kexpected type-specifier before ‘[01m[KBeamlet[m[K’
[1.535s]   101 |             beamlets.push_back(new [01;31m[KBeamlet[m[K(BL, BR));
[1.535s]       |                                    [01;31m[K^~~~~~~[m[K
[1.535s] [01m[K/home/zilch/LTU/Viswa/colcon_ws/src/beamlet_star_path_planner/src/beamlet_star_node.cpp:102:22:[m[K [01;31m[Kerror: [m[Krequest for member ‘[01m[Kpush_back[m[K’ in ‘[01m[K((BeamletStarNode*)this)->BeamletStarNode::beamlets[m[K’, which is of non-class type ‘[01m[Kint[m[K’
[1.535s]   102 |             beamlets.[01;31m[Kpush_back[m[K(new Beamlet(TL, BL));
[1.535s]       |                      [01;31m[K^~~~~~~~~[m[K
[1.535s] [01m[K/home/zilch/LTU/Viswa/colcon_ws/src/beamlet_star_path_planner/src/beamlet_star_node.cpp:102:36:[m[K [01;31m[Kerror: [m[Kexpected type-specifier before ‘[01m[KBeamlet[m[K’
[1.535s]   102 |             beamlets.push_back(new [01;31m[KBeamlet[m[K(TL, BL));
[1.535s]       |                                    [01;31m[K^~~~~~~[m[K
[1.535s] [01m[K/home/zilch/LTU/Viswa/colcon_ws/src/beamlet_star_path_planner/src/beamlet_star_node.cpp:103:22:[m[K [01;31m[Kerror: [m[Krequest for member ‘[01m[Kpush_back[m[K’ in ‘[01m[K((BeamletStarNode*)this)->BeamletStarNode::beamlets[m[K’, which is of non-class type ‘[01m[Kint[m[K’
[1.536s]   103 |             beamlets.[01;31m[Kpush_back[m[K(new Beamlet(TR, BR));
[1.536s]       |                      [01;31m[K^~~~~~~~~[m[K
[1.536s] [01m[K/home/zilch/LTU/Viswa/colcon_ws/src/beamlet_star_path_planner/src/beamlet_star_node.cpp:103:36:[m[K [01;31m[Kerror: [m[Kexpected type-specifier before ‘[01m[KBeamlet[m[K’
[1.536s]   103 |             beamlets.push_back(new [01;31m[KBeamlet[m[K(TR, BR));
[1.536s]       |                                    [01;31m[K^~~~~~~[m[K
[1.536s] [01m[K/home/zilch/LTU/Viswa/colcon_ws/src/beamlet_star_path_planner/src/beamlet_star_node.cpp:106:22:[m[K [01;31m[Kerror: [m[Krequest for member ‘[01m[Kpush_back[m[K’ in ‘[01m[K((BeamletStarNode*)this)->BeamletStarNode::beamlets[m[K’, which is of non-class type ‘[01m[Kint[m[K’
[1.536s]   106 |             beamlets.[01;31m[Kpush_back[m[K(new Beamlet(TL, BR));
[1.536s]       |                      [01;31m[K^~~~~~~~~[m[K
[1.536s] [01m[K/home/zilch/LTU/Viswa/colcon_ws/src/beamlet_star_path_planner/src/beamlet_star_node.cpp:106:36:[m[K [01;31m[Kerror: [m[Kexpected type-specifier before ‘[01m[KBeamlet[m[K’
[1.537s]   106 |             beamlets.push_back(new [01;31m[KBeamlet[m[K(TL, BR));
[1.537s]       |                                    [01;31m[K^~~~~~~[m[K
[1.537s] [01m[K/home/zilch/LTU/Viswa/colcon_ws/src/beamlet_star_path_planner/src/beamlet_star_node.cpp:107:22:[m[K [01;31m[Kerror: [m[Krequest for member ‘[01m[Kpush_back[m[K’ in ‘[01m[K((BeamletStarNode*)this)->BeamletStarNode::beamlets[m[K’, which is of non-class type ‘[01m[Kint[m[K’
[1.537s]   107 |             beamlets.[01;31m[Kpush_back[m[K(new Beamlet(TR, BL));
[1.537s]       |                      [01;31m[K^~~~~~~~~[m[K
[1.537s] [01m[K/home/zilch/LTU/Viswa/colcon_ws/src/beamlet_star_path_planner/src/beamlet_star_node.cpp:107:36:[m[K [01;31m[Kerror: [m[Kexpected type-specifier before ‘[01m[KBeamlet[m[K’
[1.537s]   107 |             beamlets.push_back(new [01;31m[KBeamlet[m[K(TR, BL));
[1.537s]       |                                    [01;31m[K^~~~~~~[m[K
[1.948s] gmake[2]: *** [CMakeFiles/beamlet_star_node.dir/build.make:76: CMakeFiles/beamlet_star_node.dir/src/beamlet_star_node.cpp.o] Error 1
[1.948s] gmake[1]: *** [CMakeFiles/Makefile2:137: CMakeFiles/beamlet_star_node.dir/all] Error 2
[1.949s] gmake: *** [Makefile:146: all] Error 2
[1.951s] Invoked command in '/home/zilch/LTU/Viswa/colcon_ws/src/beamlet_star_path_planner/build/beamlet_star_path_planner' returned '2': CMAKE_PREFIX_PATH=${CMAKE_PREFIX_PATH}:/opt/ros/jazzy /usr/bin/cmake --build /home/zilch/LTU/Viswa/colcon_ws/src/beamlet_star_path_planner/build/beamlet_star_path_planner -- -j12 -l12
