[0.010s] Invoking command in '/home/zilch/LTU/Viswa/colcon_ws/src/beamlet_star_path_planner/build/beamlet_star_path_planner': CMAKE_PREFIX_PATH=${CMAKE_PREFIX_PATH}:/opt/ros/jazzy /usr/bin/cmake --build /home/zilch/LTU/Viswa/colcon_ws/src/beamlet_star_path_planner/build/beamlet_star_path_planner -- -j12 -l12
[0.080s] [ 14%] [32mBuilding CXX object CMakeFiles/beamlet_star_node.dir/src/Point.cpp.o[0m
[0.081s] [ 28%] [32mBuilding CXX object CMakeFiles/beamlet_star_node.dir/src/quadtree.cpp.o[0m
[0.082s] [ 42%] [32mBuilding CXX object CMakeFiles/beamlet_star_node.dir/src/beamlet_star_node.cpp.o[0m
[0.082s] [ 57%] [32mBuilding CXX object CMakeFiles/beamlet_star_node.dir/src/Beamlet.cpp.o[0m
[0.208s] In file included from [01m[K/home/zilch/LTU/Viswa/colcon_ws/src/beamlet_star_path_planner/src/Point.cpp:3[m[K:
[0.208s] [01m[K/home/zilch/LTU/Viswa/colcon_ws/src/beamlet_star_path_planner/include/beamlet_star_path_planner/Beamlet.h:48:21:[m[K [01;31m[Kerror: [m[K‘[01m[Kostream[m[K’ in namespace ‘[01m[Kstd[m[K’ does not name a type
[0.208s]    48 |         friend std::[01;31m[Kostream[m[K& operator<<(std::ostream & output, const Beamlet & beamlet);
[0.208s]       |                     [01;31m[K^~~~~~~[m[K
[0.209s] [01m[K/home/zilch/LTU/Viswa/colcon_ws/src/beamlet_star_path_planner/include/beamlet_star_path_planner/Beamlet.h:1:1:[m[K [01;36m[Knote: [m[K‘[01m[Kstd::ostream[m[K’ is defined in header ‘[01m[K<ostream>[m[K’; did you forget to ‘[01m[K#include <ostream>[m[K’?
[0.209s]   +++ |+[32m[K#include <ostream>[m[K
[0.209s]     1 | #ifndef BEAMLET_H_
[0.245s] gmake[2]: *** [CMakeFiles/beamlet_star_node.dir/build.make:146: CMakeFiles/beamlet_star_node.dir/src/Point.cpp.o] Error 1
[0.245s] gmake[2]: *** Waiting for unfinished jobs....
[0.321s] In file included from [01m[K/home/zilch/LTU/Viswa/colcon_ws/src/beamlet_star_path_planner/src/Beamlet.cpp:1[m[K:
[0.321s] [01m[K/home/zilch/LTU/Viswa/colcon_ws/src/beamlet_star_path_planner/include/beamlet_star_path_planner/Beamlet.h:48:21:[m[K [01;31m[Kerror: [m[K‘[01m[Kostream[m[K’ in namespace ‘[01m[Kstd[m[K’ does not name a type
[0.321s]    48 |         friend std::[01;31m[Kostream[m[K& operator<<(std::ostream & output, const Beamlet & beamlet);
[0.321s]       |                     [01;31m[K^~~~~~~[m[K
[0.321s] [01m[K/home/zilch/LTU/Viswa/colcon_ws/src/beamlet_star_path_planner/include/beamlet_star_path_planner/Beamlet.h:5:1:[m[K [01;36m[Knote: [m[K‘[01m[Kstd::ostream[m[K’ is defined in header ‘[01m[K<ostream>[m[K’; did you forget to ‘[01m[K#include <ostream>[m[K’?
[0.321s]     4 | #include "beamlet_star_path_planner/Point.h"
[0.321s]   +++ |+[32m[K#include <ostream>[m[K
[0.322s]     5 | 
[0.328s] gmake[2]: *** [CMakeFiles/beamlet_star_node.dir/build.make:132: CMakeFiles/beamlet_star_node.dir/src/Beamlet.cpp.o] Error 1
[1.543s] In file included from [01m[K/opt/ros/jazzy/include/rclcpp/rclcpp/logging.hpp:24[m[K,
[1.544s]                  from [01m[K/opt/ros/jazzy/include/rclcpp/rclcpp/copy_all_parameter_values.hpp:27[m[K,
[1.544s]                  from [01m[K/opt/ros/jazzy/include/rclcpp/rclcpp/rclcpp.hpp:171[m[K,
[1.544s]                  from [01m[K/home/zilch/LTU/Viswa/colcon_ws/src/beamlet_star_path_planner/src/beamlet_star_node.cpp:1[m[K:
[1.544s] [01m[K/home/zilch/LTU/Viswa/colcon_ws/src/beamlet_star_path_planner/src/beamlet_star_node.cpp:[m[K In constructor ‘[01m[KBeamletStarNode::[01;32m[KBeamletStarNode[m[K()[m[K’:
[1.544s] [01m[K/home/zilch/LTU/Viswa/colcon_ws/src/beamlet_star_path_planner/src/beamlet_star_node.cpp:78:69:[m[K [01;31m[Kerror: [m[K‘[01m[Kclass BeamletGraph[m[K’ has no member named ‘[01m[KgetPointMapSize[m[K’
[1.544s]    78 |         RCLCPP_INFO(get_logger(), "Total unique points: %ld", graph.[01;31m[KgetPointMapSize[m[K());
[1.544s]       |                                                                     [01;31m[K^~~~~~~~~~~~~~~[m[K
[1.544s] [01m[K/home/zilch/LTU/Viswa/colcon_ws/src/beamlet_star_path_planner/src/beamlet_star_node.cpp:79:64:[m[K [01;31m[Kerror: [m[K‘[01m[Kclass BeamletGraph[m[K’ has no member named ‘[01m[KgetBeamletCount[m[K’
[1.545s]    79 |         RCLCPP_INFO(get_logger(), "Total beamlets: %ld", graph.[01;31m[KgetBeamletCount[m[K());
[1.545s]       |                                                                [01;31m[K^~~~~~~~~~~~~~~[m[K
[1.571s] [01m[K/home/zilch/LTU/Viswa/colcon_ws/src/beamlet_star_path_planner/src/quadtree.cpp:[m[K In function ‘[01m[Kvoid[01;32m[K createBeamletsFromLeaves[m[K(std::map<std::vector<int>, Point*>&, const std::vector<DyadicObject*>&)[m[K’:
[1.571s] [01m[K/home/zilch/LTU/Viswa/colcon_ws/src/beamlet_star_path_planner/src/quadtree.cpp:179:13:[m[K [01;31m[Kerror: [m[K‘[01m[Kbeamlets[m[K’ was not declared in this scope; did you mean ‘[01m[KBeamlet[m[K’?
[1.572s]   179 |             [01;31m[Kbeamlets[m[K.push_back(new Beamlet(TL, TR));
[1.572s]       |             [01;31m[K^~~~~~~~[m[K
[1.572s]       |             [32m[KBeamlet[m[K
[1.572s] [01m[K/home/zilch/LTU/Viswa/colcon_ws/src/beamlet_star_path_planner/src/quadtree.cpp:179:50:[m[K [01;31m[Kerror: [m[Kinvalid use of incomplete type ‘[01m[Kclass Beamlet[m[K’
[1.572s]   179 |             beamlets.push_back(new Beamlet(TL, TR[01;31m[K)[m[K);
[1.572s]       |                                                  [01;31m[K^[m[K
[1.572s] In file included from [01m[K/home/zilch/LTU/Viswa/colcon_ws/src/beamlet_star_path_planner/src/quadtree.cpp:5[m[K:
[1.572s] [01m[K/home/zilch/LTU/Viswa/colcon_ws/src/beamlet_star_path_planner/include/beamlet_star_path_planner/Point.h:13:7:[m[K [01;36m[Knote: [m[Kforward declaration of ‘[01m[Kclass Beamlet[m[K’
[1.572s]    13 | class [01;36m[KBeamlet[m[K;
[1.573s]       |       [01;36m[K^~~~~~~[m[K
[1.573s] [01m[K/home/zilch/LTU/Viswa/colcon_ws/src/beamlet_star_path_planner/src/quadtree.cpp:180:50:[m[K [01;31m[Kerror: [m[Kinvalid use of incomplete type ‘[01m[Kclass Beamlet[m[K’
[1.573s]   180 |             beamlets.push_back(new Beamlet(BL, BR[01;31m[K)[m[K);
[1.573s]       |                                                  [01;31m[K^[m[K
[1.573s] [01m[K/home/zilch/LTU/Viswa/colcon_ws/src/beamlet_star_path_planner/include/beamlet_star_path_planner/Point.h:13:7:[m[K [01;36m[Knote: [m[Kforward declaration of ‘[01m[Kclass Beamlet[m[K’
[1.573s]    13 | class [01;36m[KBeamlet[m[K;
[1.573s]       |       [01;36m[K^~~~~~~[m[K
[1.573s] [01m[K/home/zilch/LTU/Viswa/colcon_ws/src/beamlet_star_path_planner/src/quadtree.cpp:181:50:[m[K [01;31m[Kerror: [m[Kinvalid use of incomplete type ‘[01m[Kclass Beamlet[m[K’
[1.573s]   181 |             beamlets.push_back(new Beamlet(TL, BL[01;31m[K)[m[K);
[1.574s]       |                                                  [01;31m[K^[m[K
[1.574s] [01m[K/home/zilch/LTU/Viswa/colcon_ws/src/beamlet_star_path_planner/include/beamlet_star_path_planner/Point.h:13:7:[m[K [01;36m[Knote: [m[Kforward declaration of ‘[01m[Kclass Beamlet[m[K’
[1.574s]    13 | class [01;36m[KBeamlet[m[K;
[1.574s]       |       [01;36m[K^~~~~~~[m[K
[1.574s] [01m[K/home/zilch/LTU/Viswa/colcon_ws/src/beamlet_star_path_planner/src/quadtree.cpp:182:50:[m[K [01;31m[Kerror: [m[Kinvalid use of incomplete type ‘[01m[Kclass Beamlet[m[K’
[1.574s]   182 |             beamlets.push_back(new Beamlet(TR, BR[01;31m[K)[m[K);
[1.574s]       |                                                  [01;31m[K^[m[K
[1.574s] [01m[K/home/zilch/LTU/Viswa/colcon_ws/src/beamlet_star_path_planner/include/beamlet_star_path_planner/Point.h:13:7:[m[K [01;36m[Knote: [m[Kforward declaration of ‘[01m[Kclass Beamlet[m[K’
[1.574s]    13 | class [01;36m[KBeamlet[m[K;
[1.574s]       |       [01;36m[K^~~~~~~[m[K
[1.575s] [01m[K/home/zilch/LTU/Viswa/colcon_ws/src/beamlet_star_path_planner/src/quadtree.cpp:185:50:[m[K [01;31m[Kerror: [m[Kinvalid use of incomplete type ‘[01m[Kclass Beamlet[m[K’
[1.575s]   185 |             beamlets.push_back(new Beamlet(TL, BR[01;31m[K)[m[K);
[1.575s]       |                                                  [01;31m[K^[m[K
[1.575s] [01m[K/home/zilch/LTU/Viswa/colcon_ws/src/beamlet_star_path_planner/include/beamlet_star_path_planner/Point.h:13:7:[m[K [01;36m[Knote: [m[Kforward declaration of ‘[01m[Kclass Beamlet[m[K’
[1.575s]    13 | class [01;36m[KBeamlet[m[K;
[1.575s]       |       [01;36m[K^~~~~~~[m[K
[1.575s] [01m[K/home/zilch/LTU/Viswa/colcon_ws/src/beamlet_star_path_planner/src/quadtree.cpp:186:50:[m[K [01;31m[Kerror: [m[Kinvalid use of incomplete type ‘[01m[Kclass Beamlet[m[K’
[1.575s]   186 |             beamlets.push_back(new Beamlet(TR, BL[01;31m[K)[m[K);
[1.575s]       |                                                  [01;31m[K^[m[K
[1.575s] [01m[K/home/zilch/LTU/Viswa/colcon_ws/src/beamlet_star_path_planner/include/beamlet_star_path_planner/Point.h:13:7:[m[K [01;36m[Knote: [m[Kforward declaration of ‘[01m[Kclass Beamlet[m[K’
[1.576s]    13 | class [01;36m[KBeamlet[m[K;
[1.576s]       |       [01;36m[K^~~~~~~[m[K
[1.977s] gmake[2]: *** [CMakeFiles/beamlet_star_node.dir/build.make:76: CMakeFiles/beamlet_star_node.dir/src/beamlet_star_node.cpp.o] Error 1
[2.021s] gmake[2]: *** [CMakeFiles/beamlet_star_node.dir/build.make:90: CMakeFiles/beamlet_star_node.dir/src/quadtree.cpp.o] Error 1
[2.021s] gmake[1]: *** [CMakeFiles/Makefile2:137: CMakeFiles/beamlet_star_node.dir/all] Error 2
[2.021s] gmake: *** [Makefile:146: all] Error 2
[2.024s] Invoked command in '/home/zilch/LTU/Viswa/colcon_ws/src/beamlet_star_path_planner/build/beamlet_star_path_planner' returned '2': CMAKE_PREFIX_PATH=${CMAKE_PREFIX_PATH}:/opt/ros/jazzy /usr/bin/cmake --build /home/zilch/LTU/Viswa/colcon_ws/src/beamlet_star_path_planner/build/beamlet_star_path_planner -- -j12 -l12
