[ 14%] [32mBuilding CXX object CMakeFiles/beamlet_star_node.dir/src/beamlet_star_node.cpp.o[0m
[01m[K/home/zilch/LTU/Viswa/colcon_ws/src/beamlet_star_path_planner/src/beamlet_star_node.cpp:81:77:[m[K [01;31m[Kerror: [m[K‘[01m[Kvector[m[K’ has not been declared
   81 |     Point* getOrCreatePoint(std::map<std::pair<int,int>, Point*>& pointMap, [01;31m[Kvector[m[K<int> coordinates)
      |                                                                             [01;31m[K^~~~~~[m[K
[01m[K/home/zilch/LTU/Viswa/colcon_ws/src/beamlet_star_path_planner/src/beamlet_star_node.cpp:81:83:[m[K [01;31m[Kerror: [m[Kexpected ‘[01m[K,[m[K’ or ‘[01m[K...[m[K’ before ‘[01m[K<[m[K’ token
   81 |     Point* getOrCreatePoint(std::map<std::pair<int,int>, Point*>& pointMap, vector[01;31m[K<[m[Kint> coordinates)
      |                                                                                   [01;31m[K^[m[K
[01m[K/home/zilch/LTU/Viswa/colcon_ws/src/beamlet_star_path_planner/src/beamlet_star_node.cpp:[m[K In member function ‘[01m[KPoint* BeamletStarNode::[01;32m[KgetOrCreatePoint[m[K(std::map<std::pair<int, int>, Point*>&, int)[m[K’:
[01m[K/home/zilch/LTU/Viswa/colcon_ws/src/beamlet_star_path_planner/src/beamlet_star_node.cpp:84:32:[m[K [01;31m[Kerror: [m[K‘[01m[Kcoordinates[m[K’ was not declared in this scope
   84 |         std::vector<int> key = [01;31m[Kcoordinates[m[K;
      |                                [01;31m[K^~~~~~~~~~~[m[K
[01m[K/home/zilch/LTU/Viswa/colcon_ws/src/beamlet_star_path_planner/src/beamlet_star_node.cpp:85:32:[m[K [01;31m[Kerror: [m[Kno matching function for call to ‘[01m[Kstd::map<std::pair<int, int>, Point*>::find(std::vector<int>&)[m[K’
   85 |         auto it = [01;31m[KpointMap.find(key)[m[K;
      |                   [01;31m[K~~~~~~~~~~~~~^~~~~[m[K
In file included from [01m[K/usr/include/c++/13/map:63[m[K,
                 from [01m[K/opt/ros/jazzy/include/rclcpp/rclcpp/executor.hpp:24[m[K,
                 from [01m[K/opt/ros/jazzy/include/rclcpp/rclcpp/executors/multi_threaded_executor.hpp:25[m[K,
                 from [01m[K/opt/ros/jazzy/include/rclcpp/rclcpp/executors.hpp:21[m[K,
                 from [01m[K/opt/ros/jazzy/include/rclcpp/rclcpp/rclcpp.hpp:172[m[K,
                 from [01m[K/home/zilch/LTU/Viswa/colcon_ws/src/beamlet_star_path_planner/src/beamlet_star_node.cpp:1[m[K:
[01m[K/usr/include/c++/13/bits/stl_map.h:1225:9:[m[K [01;36m[Knote: [m[Kcandidate: ‘[01m[Ktemplate<class _Kt> decltype (((std::map<_Key, _Tp, _Compare, _Alloc>*)this)->std::map<_Key, _Tp, _Compare, _Alloc>::_M_t._M_find_tr(__x)) std::map<_Key, _Tp, _Compare, _Alloc>::[01;32m[Kfind[m[K(const _Kt&) [35m[K[with _Key = std::pair<int, int>; _Tp = Point*; _Compare = std::less<std::pair<int, int> >; _Alloc = std::allocator<std::pair<const std::pair<int, int>, Point*> >][m[K[m[K’
 1225 |         [01;36m[Kfind[m[K(const _Kt& __x) -> decltype(_M_t._M_find_tr(__x))
      |         [01;36m[K^~~~[m[K
[01m[K/usr/include/c++/13/bits/stl_map.h:1225:9:[m[K [01;36m[Knote: [m[K  template argument deduction/substitution failed:
/usr/include/c++/13/bits/stl_map.h: In substitution of ‘[01m[Ktemplate<class _Kt> decltype (((std::map<std::pair<int, int>, Point*>*)this)->std::map<std::pair<int, int>, Point*>::_M_t.std::_Rb_tree<std::pair<int, int>, std::pair<const std::pair<int, int>, Point*>, std::_Select1st<std::pair<const std::pair<int, int>, Point*> >, std::less<std::pair<int, int> >, std::allocator<std::pair<const std::pair<int, int>, Point*> > >::_M_find_tr(__x)) std::map<std::pair<int, int>, Point*>::[01;32m[Kfind[m[K(const _Kt&) [35m[K[with _Kt = std::vector<int>][m[K[m[K’:
[01m[K/home/zilch/LTU/Viswa/colcon_ws/src/beamlet_star_path_planner/src/beamlet_star_node.cpp:85:32:[m[K   required from here
[01m[K/usr/include/c++/13/bits/stl_map.h:1225:57:[m[K [01;31m[Kerror: [m[Kno matching function for call to ‘[01m[Kstd::_Rb_tree<std::pair<int, int>, std::pair<const std::pair<int, int>, Point*>, std::_Select1st<std::pair<const std::pair<int, int>, Point*> >, std::less<std::pair<int, int> >, std::allocator<std::pair<const std::pair<int, int>, Point*> > >::_M_find_tr(const std::vector<int>&)[m[K’
 1225 |         find(const _Kt& __x) -> decltype([01;31m[K_M_t._M_find_tr(__x)[m[K)
      |                                          [01;31m[K~~~~~~~~~~~~~~~^~~~~[m[K
In file included from [01m[K/usr/include/c++/13/set:62[m[K,
                 from [01m[K/opt/ros/jazzy/include/rclcpp/rclcpp/executors/multi_threaded_executor.hpp:21[m[K:
[01m[K/usr/include/c++/13/bits/stl_tree.h:1295:9:[m[K [01;36m[Knote: [m[Kcandidate: ‘[01m[Ktemplate<class _Kt, class _Req> std::_Rb_tree<_Key, _Val, _KeyOfValue, _Compare, _Alloc>::iterator std::_Rb_tree<_Key, _Val, _KeyOfValue, _Compare, _Alloc>::[01;32m[K_M_find_tr[m[K(const _Kt&) [35m[K[with _Req = _Kt; _Key = std::pair<int, int>; _Val = std::pair<const std::pair<int, int>, Point*>; _KeyOfValue = std::_Select1st<std::pair<const std::pair<int, int>, Point*> >; _Compare = std::less<std::pair<int, int> >; _Alloc = std::allocator<std::pair<const std::pair<int, int>, Point*> >][m[K[m[K’
 1295 |         [01;36m[K_M_find_tr[m[K(const _Kt& __k)
      |         [01;36m[K^~~~~~~~~~[m[K
[01m[K/usr/include/c++/13/bits/stl_tree.h:1295:9:[m[K [01;36m[Knote: [m[K  template argument deduction/substitution failed:
In file included from [01m[K/usr/include/c++/13/bits/unique_ptr.h:37[m[K,
                 from [01m[K/usr/include/c++/13/memory:78[m[K,
                 from [01m[K/opt/ros/jazzy/include/rclcpp/rclcpp/rclcpp.hpp:169[m[K:
/usr/include/c++/13/bits/stl_function.h: In substitution of ‘[01m[Ktemplate<class _Func, class _SfinaeType> using std::__has_is_transparent_t = typename std::__has_is_transparent<_Func, _SfinaeType>::type [35m[K[with _Func = std::less<std::pair<int, int> >; _SfinaeType = std::vector<int>][m[K[m[K’:
[01m[K/usr/include/c++/13/bits/stl_tree.h:1293:9:[m[K   required by substitution of ‘[01m[Ktemplate<class _Kt> decltype (((std::map<std::pair<int, int>, Point*>*)this)->std::map<std::pair<int, int>, Point*>::_M_t.std::_Rb_tree<std::pair<int, int>, std::pair<const std::pair<int, int>, Point*>, std::_Select1st<std::pair<const std::pair<int, int>, Point*> >, std::less<std::pair<int, int> >, std::allocator<std::pair<const std::pair<int, int>, Point*> > >::_M_find_tr(__x)) std::map<std::pair<int, int>, Point*>::[01;32m[Kfind[m[K(const _Kt&) [35m[K[with _Kt = std::vector<int>][m[K[m[K’
[01m[K/home/zilch/LTU/Viswa/colcon_ws/src/beamlet_star_path_planner/src/beamlet_star_node.cpp:85:32:[m[K   required from here
[01m[K/usr/include/c++/13/bits/stl_function.h:1430:11:[m[K [01;31m[Kerror: [m[Kno type named ‘[01m[Ktype[m[K’ in ‘[01m[Kstruct std::__has_is_transparent<std::less<std::pair<int, int> >, std::vector<int>, void>[m[K’
 1430 |     using [01;31m[K__has_is_transparent_t[m[K
      |           [01;31m[K^~~~~~~~~~~~~~~~~~~~~~[m[K
/usr/include/c++/13/bits/stl_map.h: In substitution of ‘[01m[Ktemplate<class _Kt> decltype (((std::map<std::pair<int, int>, Point*>*)this)->std::map<std::pair<int, int>, Point*>::_M_t.std::_Rb_tree<std::pair<int, int>, std::pair<const std::pair<int, int>, Point*>, std::_Select1st<std::pair<const std::pair<int, int>, Point*> >, std::less<std::pair<int, int> >, std::allocator<std::pair<const std::pair<int, int>, Point*> > >::_M_find_tr(__x)) std::map<std::pair<int, int>, Point*>::[01;32m[Kfind[m[K(const _Kt&) [35m[K[with _Kt = std::vector<int>][m[K[m[K’:
[01m[K/home/zilch/LTU/Viswa/colcon_ws/src/beamlet_star_path_planner/src/beamlet_star_node.cpp:85:32:[m[K   required from here
[01m[K/usr/include/c++/13/bits/stl_tree.h:1304:9:[m[K [01;36m[Knote: [m[Kcandidate: ‘[01m[Ktemplate<class _Kt, class _Req> std::_Rb_tree<_Key, _Val, _KeyOfValue, _Compare, _Alloc>::const_iterator std::_Rb_tree<_Key, _Val, _KeyOfValue, _Compare, _Alloc>::[01;32m[K_M_find_tr[m[K(const _Kt&) const [35m[K[with _Req = _Kt; _Key = std::pair<int, int>; _Val = std::pair<const std::pair<int, int>, Point*>; _KeyOfValue = std::_Select1st<std::pair<const std::pair<int, int>, Point*> >; _Compare = std::less<std::pair<int, int> >; _Alloc = std::allocator<std::pair<const std::pair<int, int>, Point*> >][m[K[m[K’
 1304 |         [01;36m[K_M_find_tr[m[K(const _Kt& __k) const
      |         [01;36m[K^~~~~~~~~~[m[K
[01m[K/usr/include/c++/13/bits/stl_tree.h:1304:9:[m[K [01;36m[Knote: [m[K  template argument deduction/substitution failed:
[01m[K/usr/include/c++/13/bits/stl_map.h:1250:9:[m[K [01;36m[Knote: [m[Kcandidate: ‘[01m[Ktemplate<class _Kt> decltype (((const std::map<_Key, _Tp, _Compare, _Alloc>*)this)->std::map<_Key, _Tp, _Compare, _Alloc>::_M_t._M_find_tr(__x)) std::map<_Key, _Tp, _Compare, _Alloc>::[01;32m[Kfind[m[K(const _Kt&) const [35m[K[with _Key = std::pair<int, int>; _Tp = Point*; _Compare = std::less<std::pair<int, int> >; _Alloc = std::allocator<std::pair<const std::pair<int, int>, Point*> >][m[K[m[K’
 1250 |         [01;36m[Kfind[m[K(const _Kt& __x) const -> decltype(_M_t._M_find_tr(__x))
      |         [01;36m[K^~~~[m[K
[01m[K/usr/include/c++/13/bits/stl_map.h:1250:9:[m[K [01;36m[Knote: [m[K  template argument deduction/substitution failed:
/usr/include/c++/13/bits/stl_map.h: In substitution of ‘[01m[Ktemplate<class _Kt> decltype (((const std::map<std::pair<int, int>, Point*>*)this)->std::map<std::pair<int, int>, Point*>::_M_t.std::_Rb_tree<std::pair<int, int>, std::pair<const std::pair<int, int>, Point*>, std::_Select1st<std::pair<const std::pair<int, int>, Point*> >, std::less<std::pair<int, int> >, std::allocator<std::pair<const std::pair<int, int>, Point*> > >::_M_find_tr(__x)) std::map<std::pair<int, int>, Point*>::[01;32m[Kfind[m[K(const _Kt&) const [35m[K[with _Kt = std::vector<int>][m[K[m[K’:
[01m[K/home/zilch/LTU/Viswa/colcon_ws/src/beamlet_star_path_planner/src/beamlet_star_node.cpp:85:32:[m[K   required from here
[01m[K/usr/include/c++/13/bits/stl_map.h:1250:63:[m[K [01;31m[Kerror: [m[Kno matching function for call to ‘[01m[Kstd::_Rb_tree<std::pair<int, int>, std::pair<const std::pair<int, int>, Point*>, std::_Select1st<std::pair<const std::pair<int, int>, Point*> >, std::less<std::pair<int, int> >, std::allocator<std::pair<const std::pair<int, int>, Point*> > >::_M_find_tr(const std::vector<int>&) const[m[K’
 1250 |         find(const _Kt& __x) const -> decltype([01;31m[K_M_t._M_find_tr(__x)[m[K)
      |                                                [01;31m[K~~~~~~~~~~~~~~~^~~~~[m[K
[01m[K/usr/include/c++/13/bits/stl_tree.h:1295:9:[m[K [01;36m[Knote: [m[Kcandidate: ‘[01m[Ktemplate<class _Kt, class _Req> std::_Rb_tree<_Key, _Val, _KeyOfValue, _Compare, _Alloc>::iterator std::_Rb_tree<_Key, _Val, _KeyOfValue, _Compare, _Alloc>::[01;32m[K_M_find_tr[m[K(const _Kt&) [35m[K[with _Req = _Kt; _Key = std::pair<int, int>; _Val = std::pair<const std::pair<int, int>, Point*>; _KeyOfValue = std::_Select1st<std::pair<const std::pair<int, int>, Point*> >; _Compare = std::less<std::pair<int, int> >; _Alloc = std::allocator<std::pair<const std::pair<int, int>, Point*> >][m[K[m[K’
 1295 |         [01;36m[K_M_find_tr[m[K(const _Kt& __k)
      |         [01;36m[K^~~~~~~~~~[m[K
[01m[K/usr/include/c++/13/bits/stl_tree.h:1295:9:[m[K [01;36m[Knote: [m[K  template argument deduction/substitution failed:
[01m[K/usr/include/c++/13/bits/stl_tree.h:1304:9:[m[K [01;36m[Knote: [m[Kcandidate: ‘[01m[Ktemplate<class _Kt, class _Req> std::_Rb_tree<_Key, _Val, _KeyOfValue, _Compare, _Alloc>::const_iterator std::_Rb_tree<_Key, _Val, _KeyOfValue, _Compare, _Alloc>::[01;32m[K_M_find_tr[m[K(const _Kt&) const [35m[K[with _Req = _Kt; _Key = std::pair<int, int>; _Val = std::pair<const std::pair<int, int>, Point*>; _KeyOfValue = std::_Select1st<std::pair<const std::pair<int, int>, Point*> >; _Compare = std::less<std::pair<int, int> >; _Alloc = std::allocator<std::pair<const std::pair<int, int>, Point*> >][m[K[m[K’
 1304 |         [01;36m[K_M_find_tr[m[K(const _Kt& __k) const
      |         [01;36m[K^~~~~~~~~~[m[K
[01m[K/usr/include/c++/13/bits/stl_tree.h:1304:9:[m[K [01;36m[Knote: [m[K  template argument deduction/substitution failed:
[01m[K/usr/include/c++/13/bits/stl_map.h:1219:7:[m[K [01;36m[Knote: [m[Kcandidate: ‘[01m[Kstd::map<_Key, _Tp, _Compare, _Alloc>::iterator std::map<_Key, _Tp, _Compare, _Alloc>::[01;32m[Kfind[m[K(const key_type&) [35m[K[with _Key = std::pair<int, int>; _Tp = Point*; _Compare = std::less<std::pair<int, int> >; _Alloc = std::allocator<std::pair<const std::pair<int, int>, Point*> >; iterator = std::_Rb_tree<std::pair<int, int>, std::pair<const std::pair<int, int>, Point*>, std::_Select1st<std::pair<const std::pair<int, int>, Point*> >, std::less<std::pair<int, int> >, std::allocator<std::pair<const std::pair<int, int>, Point*> > >::iterator; key_type = std::pair<int, int>][m[K[m[K’
 1219 |       [01;36m[Kfind[m[K(const key_type& __x)
      |       [01;36m[K^~~~[m[K
[01m[K/usr/include/c++/13/bits/stl_map.h:1219:28:[m[K [01;36m[Knote: [m[K  no known conversion for argument 1 from ‘[01m[Kstd::vector<int>[m[K’ to ‘[01m[Kconst std::map<std::pair<int, int>, Point*>::key_type&[m[K’ {aka ‘[01m[Kconst std::pair<int, int>&[m[K’}
 1219 |       find([01;36m[Kconst key_type& __x[m[K)
      |            [01;36m[K~~~~~~~~~~~~~~~~^~~[m[K
[01m[K/usr/include/c++/13/bits/stl_map.h:1244:7:[m[K [01;36m[Knote: [m[Kcandidate: ‘[01m[Kstd::map<_Key, _Tp, _Compare, _Alloc>::const_iterator std::map<_Key, _Tp, _Compare, _Alloc>::[01;32m[Kfind[m[K(const key_type&) const [35m[K[with _Key = std::pair<int, int>; _Tp = Point*; _Compare = std::less<std::pair<int, int> >; _Alloc = std::allocator<std::pair<const std::pair<int, int>, Point*> >; const_iterator = std::_Rb_tree<std::pair<int, int>, std::pair<const std::pair<int, int>, Point*>, std::_Select1st<std::pair<const std::pair<int, int>, Point*> >, std::less<std::pair<int, int> >, std::allocator<std::pair<const std::pair<int, int>, Point*> > >::const_iterator; key_type = std::pair<int, int>][m[K[m[K’
 1244 |       [01;36m[Kfind[m[K(const key_type& __x) const
      |       [01;36m[K^~~~[m[K
[01m[K/usr/include/c++/13/bits/stl_map.h:1244:28:[m[K [01;36m[Knote: [m[K  no known conversion for argument 1 from ‘[01m[Kstd::vector<int>[m[K’ to ‘[01m[Kconst std::map<std::pair<int, int>, Point*>::key_type&[m[K’ {aka ‘[01m[Kconst std::pair<int, int>&[m[K’}
 1244 |       find([01;36m[Kconst key_type& __x[m[K) const
      |            [01;36m[K~~~~~~~~~~~~~~~~^~~[m[K
[01m[K/home/zilch/LTU/Viswa/colcon_ws/src/beamlet_star_path_planner/src/beamlet_star_node.cpp:89:17:[m[K [01;31m[Kerror: [m[Kno match for ‘[01m[Koperator[][m[K’ (operand types are ‘[01m[Kstd::map<std::pair<int, int>, Point*>[m[K’ and ‘[01m[Kstd::vector<int>[m[K’)
   89 |         pointMap[01;31m[K[[m[Kkey] = p;
      |                 [01;31m[K^[m[K
[01m[K/usr/include/c++/13/bits/stl_map.h:504:7:[m[K [01;36m[Knote: [m[Kcandidate: ‘[01m[Kstd::map<_Key, _Tp, _Compare, _Alloc>::mapped_type& std::map<_Key, _Tp, _Compare, _Alloc>::[01;32m[Koperator[][m[K(const key_type&) [35m[K[with _Key = std::pair<int, int>; _Tp = Point*; _Compare = std::less<std::pair<int, int> >; _Alloc = std::allocator<std::pair<const std::pair<int, int>, Point*> >; mapped_type = Point*; key_type = std::pair<int, int>][m[K[m[K’
  504 |       [01;36m[Koperator[m[K[](const key_type& __k)
      |       [01;36m[K^~~~~~~~[m[K
[01m[K/usr/include/c++/13/bits/stl_map.h:504:34:[m[K [01;36m[Knote: [m[K  no known conversion for argument 1 from ‘[01m[Kstd::vector<int>[m[K’ to ‘[01m[Kconst std::map<std::pair<int, int>, Point*>::key_type&[m[K’ {aka ‘[01m[Kconst std::pair<int, int>&[m[K’}
  504 |       operator[]([01;36m[Kconst key_type& __k[m[K)
      |                  [01;36m[K~~~~~~~~~~~~~~~~^~~[m[K
[01m[K/usr/include/c++/13/bits/stl_map.h:524:7:[m[K [01;36m[Knote: [m[Kcandidate: ‘[01m[Kstd::map<_Key, _Tp, _Compare, _Alloc>::mapped_type& std::map<_Key, _Tp, _Compare, _Alloc>::[01;32m[Koperator[][m[K(key_type&&) [35m[K[with _Key = std::pair<int, int>; _Tp = Point*; _Compare = std::less<std::pair<int, int> >; _Alloc = std::allocator<std::pair<const std::pair<int, int>, Point*> >; mapped_type = Point*; key_type = std::pair<int, int>][m[K[m[K’
  524 |       [01;36m[Koperator[m[K[](key_type&& __k)
      |       [01;36m[K^~~~~~~~[m[K
[01m[K/usr/include/c++/13/bits/stl_map.h:524:29:[m[K [01;36m[Knote: [m[K  no known conversion for argument 1 from ‘[01m[Kstd::vector<int>[m[K’ to ‘[01m[Kstd::map<std::pair<int, int>, Point*>::key_type&&[m[K’ {aka ‘[01m[Kstd::pair<int, int>&&[m[K’}
  524 |       operator[]([01;36m[Kkey_type&& __k[m[K)
      |                  [01;36m[K~~~~~~~~~~~^~~[m[K
[01m[K/home/zilch/LTU/Viswa/colcon_ws/src/beamlet_star_path_planner/src/beamlet_star_node.cpp:[m[K In member function ‘[01m[Kvoid BeamletStarNode::[01;32m[KcreateBeamletsFromLeaves[m[K(const std::vector<DyadicObject*>&)[m[K’:
[01m[K/home/zilch/LTU/Viswa/colcon_ws/src/beamlet_star_path_planner/src/beamlet_star_node.cpp:100:42:[m[K [01;31m[Kerror: [m[Kcannot convert ‘[01m[Kstd::map<std::vector<int>, Point*>[m[K’ to ‘[01m[Kstd::map<std::pair<int, int>, Point*>&[m[K’
  100 |             Point* TL = getOrCreatePoint([01;31m[KpointMap[m[K, {b[0][0], b[0][1]});
      |                                          [01;31m[K^~~~~~~~[m[K
      |                                          [01;31m[K|[m[K
      |                                          [01;31m[Kstd::map<std::vector<int>, Point*>[m[K
[01m[K/home/zilch/LTU/Viswa/colcon_ws/src/beamlet_star_path_planner/src/beamlet_star_node.cpp:81:67:[m[K [01;36m[Knote: [m[K  initializing argument 1 of ‘[01m[KPoint* BeamletStarNode::[01;32m[KgetOrCreatePoint[m[K(std::map<std::pair<int, int>, Point*>&, int)[m[K’
   81 |     Point* getOrCreatePoint([01;36m[Kstd::map<std::pair<int,int>, Point*>& pointMap[m[K, vector<int> coordinates)
      |                             [01;36m[K~~~~~~~~~~~~~~~~~~~~~~~~~~~~~~~~~~~~~~^~~~~~~~[m[K
[01m[K/home/zilch/LTU/Viswa/colcon_ws/src/beamlet_star_path_planner/src/beamlet_star_node.cpp:101:42:[m[K [01;31m[Kerror: [m[Kcannot convert ‘[01m[Kstd::map<std::vector<int>, Point*>[m[K’ to ‘[01m[Kstd::map<std::pair<int, int>, Point*>&[m[K’
  101 |             Point* TR = getOrCreatePoint([01;31m[KpointMap[m[K, {b[1][0], b[1][1]});
      |                                          [01;31m[K^~~~~~~~[m[K
      |                                          [01;31m[K|[m[K
      |                                          [01;31m[Kstd::map<std::vector<int>, Point*>[m[K
[01m[K/home/zilch/LTU/Viswa/colcon_ws/src/beamlet_star_path_planner/src/beamlet_star_node.cpp:81:67:[m[K [01;36m[Knote: [m[K  initializing argument 1 of ‘[01m[KPoint* BeamletStarNode::[01;32m[KgetOrCreatePoint[m[K(std::map<std::pair<int, int>, Point*>&, int)[m[K’
   81 |     Point* getOrCreatePoint([01;36m[Kstd::map<std::pair<int,int>, Point*>& pointMap[m[K, vector<int> coordinates)
      |                             [01;36m[K~~~~~~~~~~~~~~~~~~~~~~~~~~~~~~~~~~~~~~^~~~~~~~[m[K
[01m[K/home/zilch/LTU/Viswa/colcon_ws/src/beamlet_star_path_planner/src/beamlet_star_node.cpp:102:42:[m[K [01;31m[Kerror: [m[Kcannot convert ‘[01m[Kstd::map<std::vector<int>, Point*>[m[K’ to ‘[01m[Kstd::map<std::pair<int, int>, Point*>&[m[K’
  102 |             Point* BL = getOrCreatePoint([01;31m[KpointMap[m[K, {b[2][0], b[2][1]});
      |                                          [01;31m[K^~~~~~~~[m[K
      |                                          [01;31m[K|[m[K
      |                                          [01;31m[Kstd::map<std::vector<int>, Point*>[m[K
[01m[K/home/zilch/LTU/Viswa/colcon_ws/src/beamlet_star_path_planner/src/beamlet_star_node.cpp:81:67:[m[K [01;36m[Knote: [m[K  initializing argument 1 of ‘[01m[KPoint* BeamletStarNode::[01;32m[KgetOrCreatePoint[m[K(std::map<std::pair<int, int>, Point*>&, int)[m[K’
   81 |     Point* getOrCreatePoint([01;36m[Kstd::map<std::pair<int,int>, Point*>& pointMap[m[K, vector<int> coordinates)
      |                             [01;36m[K~~~~~~~~~~~~~~~~~~~~~~~~~~~~~~~~~~~~~~^~~~~~~~[m[K
[01m[K/home/zilch/LTU/Viswa/colcon_ws/src/beamlet_star_path_planner/src/beamlet_star_node.cpp:103:42:[m[K [01;31m[Kerror: [m[Kcannot convert ‘[01m[Kstd::map<std::vector<int>, Point*>[m[K’ to ‘[01m[Kstd::map<std::pair<int, int>, Point*>&[m[K’
  103 |             Point* BR = getOrCreatePoint([01;31m[KpointMap[m[K, {b[3][0], b[3][1]});
      |                                          [01;31m[K^~~~~~~~[m[K
      |                                          [01;31m[K|[m[K
      |                                          [01;31m[Kstd::map<std::vector<int>, Point*>[m[K
[01m[K/home/zilch/LTU/Viswa/colcon_ws/src/beamlet_star_path_planner/src/beamlet_star_node.cpp:81:67:[m[K [01;36m[Knote: [m[K  initializing argument 1 of ‘[01m[KPoint* BeamletStarNode::[01;32m[KgetOrCreatePoint[m[K(std::map<std::pair<int, int>, Point*>&, int)[m[K’
   81 |     Point* getOrCreatePoint([01;36m[Kstd::map<std::pair<int,int>, Point*>& pointMap[m[K, vector<int> coordinates)
      |                             [01;36m[K~~~~~~~~~~~~~~~~~~~~~~~~~~~~~~~~~~~~~~^~~~~~~~[m[K
gmake[2]: *** [CMakeFiles/beamlet_star_node.dir/build.make:76: CMakeFiles/beamlet_star_node.dir/src/beamlet_star_node.cpp.o] Error 1
gmake[1]: *** [CMakeFiles/Makefile2:137: CMakeFiles/beamlet_star_node.dir/all] Error 2
gmake: *** [Makefile:146: all] Error 2
