[0.128s] DEBUG:colcon:Command line arguments: ['/usr/bin/colcon', 'build']
[0.128s] DEBUG:colcon:Parsed command line arguments: Namespace(log_base=None, log_level=None, verb_name='build', build_base='build', install_base='install', merge_install=False, symlink_install=False, test_result_base=None, continue_on_error=False, executor='parallel', parallel_workers=12, event_handlers=None, ignore_user_meta=False, metas=['./colcon.meta'], base_paths=['.'], packages_ignore=None, packages_ignore_regex=None, paths=None, packages_up_to=None, packages_up_to_regex=None, packages_above=None, packages_above_and_dependencies=None, packages_above_depth=None, packages_select_by_dep=None, packages_skip_by_dep=None, packages_skip_up_to=None, packages_select_build_failed=False, packages_skip_build_finished=False, packages_select_test_failures=False, packages_skip_test_passed=False, packages_select=None, packages_skip=None, packages_select_regex=None, packages_skip_regex=None, packages_start=None, packages_end=None, allow_overriding=[], cmake_args=None, cmake_target=None, cmake_target_skip_unavailable=False, cmake_clean_cache=False, cmake_clean_first=False, cmake_force_configure=False, ament_cmake_args=None, catkin_cmake_args=None, catkin_skip_building_tests=False, mixin_files=None, mixin=None, verb_parser=<colcon_mixin.mixin.mixin_argument.MixinArgumentDecorator object at 0x75d20e7d47d0>, verb_extension=<colcon_core.verb.build.BuildVerb object at 0x75d20e8f4dd0>, main=<bound method BuildVerb.main of <colcon_core.verb.build.BuildVerb object at 0x75d20e8f4dd0>>, mixin_verb=('build',))
[0.174s] Level 1:colcon.colcon_core.package_discovery:discover_packages(colcon_meta) check parameters
[0.174s] Level 1:colcon.colcon_core.package_discovery:discover_packages(recursive) check parameters
[0.174s] Level 1:colcon.colcon_core.package_discovery:discover_packages(ignore) check parameters
[0.174s] Level 1:colcon.colcon_core.package_discovery:discover_packages(path) check parameters
[0.175s] Level 1:colcon.colcon_core.package_discovery:discover_packages(colcon_meta) discover
[0.175s] Level 1:colcon.colcon_core.package_discovery:discover_packages(recursive) discover
[0.175s] INFO:colcon.colcon_core.package_discovery:Crawling recursively for packages in '/home/zilch/LTU/Viswa/colcon_ws/src/beamlet_star_path_planner'
[0.175s] Level 1:colcon.colcon_core.package_identification:_identify(.) by extensions ['ignore', 'ignore_ament_install']
[0.175s] Level 1:colcon.colcon_core.package_identification:_identify(.) by extension 'ignore'
[0.175s] Level 1:colcon.colcon_core.package_identification:_identify(.) by extension 'ignore_ament_install'
[0.175s] Level 1:colcon.colcon_core.package_identification:_identify(.) by extensions ['colcon_pkg']
[0.175s] Level 1:colcon.colcon_core.package_identification:_identify(.) by extension 'colcon_pkg'
[0.175s] Level 1:colcon.colcon_core.package_identification:_identify(.) by extensions ['colcon_meta']
[0.175s] Level 1:colcon.colcon_core.package_identification:_identify(.) by extension 'colcon_meta'
[0.175s] Level 1:colcon.colcon_core.package_identification:_identify(.) by extensions ['ros']
[0.175s] Level 1:colcon.colcon_core.package_identification:_identify(.) by extension 'ros'
[0.210s] DEBUG:colcon.colcon_core.package_identification:Package '.' with type 'ros.ament_cmake' and name 'beamlet_star_path_planner'
[0.210s] Level 1:colcon.colcon_core.package_discovery:discover_packages(recursive) using defaults
[0.210s] Level 1:colcon.colcon_core.package_discovery:discover_packages(ignore) discover
[0.210s] Level 1:colcon.colcon_core.package_discovery:discover_packages(ignore) using defaults
[0.210s] Level 1:colcon.colcon_core.package_discovery:discover_packages(path) discover
[0.210s] Level 1:colcon.colcon_core.package_discovery:discover_packages(path) using defaults
[0.230s] Level 1:colcon.colcon_core.package_discovery:discover_packages(prefix_path) check parameters
[0.230s] Level 1:colcon.colcon_core.package_discovery:discover_packages(prefix_path) discover
[0.232s] DEBUG:colcon.colcon_installed_package_information.package_discovery:Found 1 installed packages in /home/zilch/LTU/Viswa/colcon_ws/src/beamlet_star_path_planner/install
[0.234s] DEBUG:colcon.colcon_installed_package_information.package_discovery:Found 318 installed packages in /opt/ros/jazzy
[0.236s] Level 1:colcon.colcon_core.package_discovery:discover_packages(prefix_path) using defaults
[0.280s] Level 5:colcon.colcon_core.verb:set package 'beamlet_star_path_planner' build argument 'cmake_args' from command line to 'None'
[0.280s] Level 5:colcon.colcon_core.verb:set package 'beamlet_star_path_planner' build argument 'cmake_target' from command line to 'None'
[0.280s] Level 5:colcon.colcon_core.verb:set package 'beamlet_star_path_planner' build argument 'cmake_target_skip_unavailable' from command line to 'False'
[0.280s] Level 5:colcon.colcon_core.verb:set package 'beamlet_star_path_planner' build argument 'cmake_clean_cache' from command line to 'False'
[0.280s] Level 5:colcon.colcon_core.verb:set package 'beamlet_star_path_planner' build argument 'cmake_clean_first' from command line to 'False'
[0.280s] Level 5:colcon.colcon_core.verb:set package 'beamlet_star_path_planner' build argument 'cmake_force_configure' from command line to 'False'
[0.280s] Level 5:colcon.colcon_core.verb:set package 'beamlet_star_path_planner' build argument 'ament_cmake_args' from command line to 'None'
[0.280s] Level 5:colcon.colcon_core.verb:set package 'beamlet_star_path_planner' build argument 'catkin_cmake_args' from command line to 'None'
[0.280s] Level 5:colcon.colcon_core.verb:set package 'beamlet_star_path_planner' build argument 'catkin_skip_building_tests' from command line to 'False'
[0.280s] DEBUG:colcon.colcon_core.verb:Building package 'beamlet_star_path_planner' with the following arguments: {'ament_cmake_args': None, 'build_base': '/home/zilch/LTU/Viswa/colcon_ws/src/beamlet_star_path_planner/build/beamlet_star_path_planner', 'catkin_cmake_args': None, 'catkin_skip_building_tests': False, 'cmake_args': None, 'cmake_clean_cache': False, 'cmake_clean_first': False, 'cmake_force_configure': False, 'cmake_target': None, 'cmake_target_skip_unavailable': False, 'install_base': '/home/zilch/LTU/Viswa/colcon_ws/src/beamlet_star_path_planner/install/beamlet_star_path_planner', 'merge_install': False, 'path': '/home/zilch/LTU/Viswa/colcon_ws/src/beamlet_star_path_planner', 'symlink_install': False, 'test_result_base': None}
[0.280s] INFO:colcon.colcon_core.executor:Executing jobs using 'parallel' executor
[0.282s] DEBUG:colcon.colcon_parallel_executor.executor.parallel:run_until_complete
[0.282s] INFO:colcon.colcon_ros.task.ament_cmake.build:Building ROS package in '/home/zilch/LTU/Viswa/colcon_ws/src/beamlet_star_path_planner' with build type 'ament_cmake'
[0.282s] INFO:colcon.colcon_cmake.task.cmake.build:Building CMake package in '/home/zilch/LTU/Viswa/colcon_ws/src/beamlet_star_path_planner'
[0.284s] INFO:colcon.colcon_core.plugin_system:Skipping extension 'colcon_core.shell.bat': Not used on non-Windows systems
[0.284s] INFO:colcon.colcon_core.shell:Skip shell extension 'powershell' for command environment: Not usable outside of PowerShell
[0.284s] DEBUG:colcon.colcon_core.shell:Skip shell extension 'dsv' for command environment
[0.300s] DEBUG:colcon.colcon_core.event_handler.log_command:Invoking command in '/home/zilch/LTU/Viswa/colcon_ws/src/beamlet_star_path_planner/build/beamlet_star_path_planner': CMAKE_PREFIX_PATH=${CMAKE_PREFIX_PATH}:/opt/ros/jazzy /usr/bin/cmake --build /home/zilch/LTU/Viswa/colcon_ws/src/beamlet_star_path_planner/build/beamlet_star_path_planner -- -j12 -l12
[4.343s] DEBUG:colcon.colcon_core.event_handler.log_command:Invoked command in '/home/zilch/LTU/Viswa/colcon_ws/src/beamlet_star_path_planner/build/beamlet_star_path_planner' returned '0': CMAKE_PREFIX_PATH=${CMAKE_PREFIX_PATH}:/opt/ros/jazzy /usr/bin/cmake --build /home/zilch/LTU/Viswa/colcon_ws/src/beamlet_star_path_planner/build/beamlet_star_path_planner -- -j12 -l12
[4.363s] DEBUG:colcon.colcon_core.event_handler.log_command:Invoking command in '/home/zilch/LTU/Viswa/colcon_ws/src/beamlet_star_path_planner/build/beamlet_star_path_planner': CMAKE_PREFIX_PATH=${CMAKE_PREFIX_PATH}:/opt/ros/jazzy /usr/bin/cmake --install /home/zilch/LTU/Viswa/colcon_ws/src/beamlet_star_path_planner/build/beamlet_star_path_planner
[4.384s] Level 1:colcon.colcon_core.environment:create_environment_scripts_only(beamlet_star_path_planner)
[4.385s] DEBUG:colcon.colcon_core.event_handler.log_command:Invoked command in '/home/zilch/LTU/Viswa/colcon_ws/src/beamlet_star_path_planner/build/beamlet_star_path_planner' returned '0': CMAKE_PREFIX_PATH=${CMAKE_PREFIX_PATH}:/opt/ros/jazzy /usr/bin/cmake --install /home/zilch/LTU/Viswa/colcon_ws/src/beamlet_star_path_planner/build/beamlet_star_path_planner
[4.390s] Level 1:colcon.colcon_core.environment:checking '/home/zilch/LTU/Viswa/colcon_ws/src/beamlet_star_path_planner/install/beamlet_star_path_planner' for CMake module files
[4.392s] Level 1:colcon.colcon_core.environment:checking '/home/zilch/LTU/Viswa/colcon_ws/src/beamlet_star_path_planner/install/beamlet_star_path_planner' for CMake config files
[4.392s] Level 1:colcon.colcon_core.shell:create_environment_hook('beamlet_star_path_planner', 'cmake_prefix_path')
[4.393s] INFO:colcon.colcon_core.shell:Creating environment hook '/home/zilch/LTU/Viswa/colcon_ws/src/beamlet_star_path_planner/install/beamlet_star_path_planner/share/beamlet_star_path_planner/hook/cmake_prefix_path.ps1'
[4.395s] INFO:colcon.colcon_core.shell:Creating environment descriptor '/home/zilch/LTU/Viswa/colcon_ws/src/beamlet_star_path_planner/install/beamlet_star_path_planner/share/beamlet_star_path_planner/hook/cmake_prefix_path.dsv'
[4.396s] INFO:colcon.colcon_core.shell:Creating environment hook '/home/zilch/LTU/Viswa/colcon_ws/src/beamlet_star_path_planner/install/beamlet_star_path_planner/share/beamlet_star_path_planner/hook/cmake_prefix_path.sh'
[4.398s] Level 1:colcon.colcon_core.environment:checking '/home/zilch/LTU/Viswa/colcon_ws/src/beamlet_star_path_planner/install/beamlet_star_path_planner/lib'
[4.398s] Level 1:colcon.colcon_core.environment:checking '/home/zilch/LTU/Viswa/colcon_ws/src/beamlet_star_path_planner/install/beamlet_star_path_planner/bin'
[4.398s] Level 1:colcon.colcon_core.environment:checking '/home/zilch/LTU/Viswa/colcon_ws/src/beamlet_star_path_planner/install/beamlet_star_path_planner/lib/pkgconfig/beamlet_star_path_planner.pc'
[4.399s] Level 1:colcon.colcon_core.environment:checking '/home/zilch/LTU/Viswa/colcon_ws/src/beamlet_star_path_planner/install/beamlet_star_path_planner/lib/python3.12/site-packages'
[4.400s] Level 1:colcon.colcon_core.environment:checking '/home/zilch/LTU/Viswa/colcon_ws/src/beamlet_star_path_planner/install/beamlet_star_path_planner/bin'
[4.400s] INFO:colcon.colcon_core.shell:Creating package script '/home/zilch/LTU/Viswa/colcon_ws/src/beamlet_star_path_planner/install/beamlet_star_path_planner/share/beamlet_star_path_planner/package.ps1'
[4.402s] INFO:colcon.colcon_core.shell:Creating package descriptor '/home/zilch/LTU/Viswa/colcon_ws/src/beamlet_star_path_planner/install/beamlet_star_path_planner/share/beamlet_star_path_planner/package.dsv'
[4.403s] INFO:colcon.colcon_core.shell:Creating package script '/home/zilch/LTU/Viswa/colcon_ws/src/beamlet_star_path_planner/install/beamlet_star_path_planner/share/beamlet_star_path_planner/package.sh'
[4.405s] INFO:colcon.colcon_core.shell:Creating package script '/home/zilch/LTU/Viswa/colcon_ws/src/beamlet_star_path_planner/install/beamlet_star_path_planner/share/beamlet_star_path_planner/package.bash'
[4.407s] INFO:colcon.colcon_core.shell:Creating package script '/home/zilch/LTU/Viswa/colcon_ws/src/beamlet_star_path_planner/install/beamlet_star_path_planner/share/beamlet_star_path_planner/package.zsh'
[4.409s] Level 1:colcon.colcon_core.environment:create_file_with_runtime_dependencies(/home/zilch/LTU/Viswa/colcon_ws/src/beamlet_star_path_planner/install/beamlet_star_path_planner/share/colcon-core/packages/beamlet_star_path_planner)
[4.410s] Level 1:colcon.colcon_core.environment:create_environment_scripts_only(beamlet_star_path_planner)
[4.410s] Level 1:colcon.colcon_core.environment:checking '/home/zilch/LTU/Viswa/colcon_ws/src/beamlet_star_path_planner/install/beamlet_star_path_planner' for CMake module files
[4.412s] Level 1:colcon.colcon_core.environment:checking '/home/zilch/LTU/Viswa/colcon_ws/src/beamlet_star_path_planner/install/beamlet_star_path_planner' for CMake config files
[4.412s] Level 1:colcon.colcon_core.shell:create_environment_hook('beamlet_star_path_planner', 'cmake_prefix_path')
[4.413s] INFO:colcon.colcon_core.shell:Creating environment hook '/home/zilch/LTU/Viswa/colcon_ws/src/beamlet_star_path_planner/install/beamlet_star_path_planner/share/beamlet_star_path_planner/hook/cmake_prefix_path.ps1'
[4.414s] INFO:colcon.colcon_core.shell:Creating environment descriptor '/home/zilch/LTU/Viswa/colcon_ws/src/beamlet_star_path_planner/install/beamlet_star_path_planner/share/beamlet_star_path_planner/hook/cmake_prefix_path.dsv'
[4.415s] INFO:colcon.colcon_core.shell:Creating environment hook '/home/zilch/LTU/Viswa/colcon_ws/src/beamlet_star_path_planner/install/beamlet_star_path_planner/share/beamlet_star_path_planner/hook/cmake_prefix_path.sh'
[4.416s] Level 1:colcon.colcon_core.environment:checking '/home/zilch/LTU/Viswa/colcon_ws/src/beamlet_star_path_planner/install/beamlet_star_path_planner/lib'
[4.416s] Level 1:colcon.colcon_core.environment:checking '/home/zilch/LTU/Viswa/colcon_ws/src/beamlet_star_path_planner/install/beamlet_star_path_planner/bin'
[4.416s] Level 1:colcon.colcon_core.environment:checking '/home/zilch/LTU/Viswa/colcon_ws/src/beamlet_star_path_planner/install/beamlet_star_path_planner/lib/pkgconfig/beamlet_star_path_planner.pc'
[4.417s] Level 1:colcon.colcon_core.environment:checking '/home/zilch/LTU/Viswa/colcon_ws/src/beamlet_star_path_planner/install/beamlet_star_path_planner/lib/python3.12/site-packages'
[4.418s] Level 1:colcon.colcon_core.environment:checking '/home/zilch/LTU/Viswa/colcon_ws/src/beamlet_star_path_planner/install/beamlet_star_path_planner/bin'
[4.418s] INFO:colcon.colcon_core.shell:Creating package script '/home/zilch/LTU/Viswa/colcon_ws/src/beamlet_star_path_planner/install/beamlet_star_path_planner/share/beamlet_star_path_planner/package.ps1'
[4.419s] INFO:colcon.colcon_core.shell:Creating package descriptor '/home/zilch/LTU/Viswa/colcon_ws/src/beamlet_star_path_planner/install/beamlet_star_path_planner/share/beamlet_star_path_planner/package.dsv'
[4.420s] INFO:colcon.colcon_core.shell:Creating package script '/home/zilch/LTU/Viswa/colcon_ws/src/beamlet_star_path_planner/install/beamlet_star_path_planner/share/beamlet_star_path_planner/package.sh'
[4.421s] INFO:colcon.colcon_core.shell:Creating package script '/home/zilch/LTU/Viswa/colcon_ws/src/beamlet_star_path_planner/install/beamlet_star_path_planner/share/beamlet_star_path_planner/package.bash'
[4.421s] INFO:colcon.colcon_core.shell:Creating package script '/home/zilch/LTU/Viswa/colcon_ws/src/beamlet_star_path_planner/install/beamlet_star_path_planner/share/beamlet_star_path_planner/package.zsh'
[4.422s] Level 1:colcon.colcon_core.environment:create_file_with_runtime_dependencies(/home/zilch/LTU/Viswa/colcon_ws/src/beamlet_star_path_planner/install/beamlet_star_path_planner/share/colcon-core/packages/beamlet_star_path_planner)
[4.422s] DEBUG:colcon.colcon_parallel_executor.executor.parallel:closing loop
[4.422s] DEBUG:colcon.colcon_parallel_executor.executor.parallel:loop closed
[4.422s] DEBUG:colcon.colcon_parallel_executor.executor.parallel:run_until_complete finished with '0'
[4.422s] DEBUG:colcon.colcon_core.event_reactor:joining thread
[4.435s] INFO:colcon.colcon_core.plugin_system:Skipping extension 'colcon_notification.desktop_notification.terminal_notifier': Not used on non-Darwin systems
[4.435s] INFO:colcon.colcon_core.plugin_system:Skipping extension 'colcon_notification.desktop_notification.win32': Not used on non-Windows systems
[4.435s] INFO:colcon.colcon_notification.desktop_notification:Sending desktop notification using 'notify2'
[4.462s] DEBUG:colcon.colcon_core.event_reactor:joined thread
[4.463s] INFO:colcon.colcon_core.shell:Creating prefix script '/home/zilch/LTU/Viswa/colcon_ws/src/beamlet_star_path_planner/install/local_setup.ps1'
[4.465s] INFO:colcon.colcon_core.shell:Creating prefix util module '/home/zilch/LTU/Viswa/colcon_ws/src/beamlet_star_path_planner/install/_local_setup_util_ps1.py'
[4.467s] INFO:colcon.colcon_core.shell:Creating prefix chain script '/home/zilch/LTU/Viswa/colcon_ws/src/beamlet_star_path_planner/install/setup.ps1'
[4.468s] INFO:colcon.colcon_core.shell:Creating prefix script '/home/zilch/LTU/Viswa/colcon_ws/src/beamlet_star_path_planner/install/local_setup.sh'
[4.469s] INFO:colcon.colcon_core.shell:Creating prefix util module '/home/zilch/LTU/Viswa/colcon_ws/src/beamlet_star_path_planner/install/_local_setup_util_sh.py'
[4.470s] INFO:colcon.colcon_core.shell:Creating prefix chain script '/home/zilch/LTU/Viswa/colcon_ws/src/beamlet_star_path_planner/install/setup.sh'
[4.472s] INFO:colcon.colcon_core.shell:Creating prefix script '/home/zilch/LTU/Viswa/colcon_ws/src/beamlet_star_path_planner/install/local_setup.bash'
[4.474s] INFO:colcon.colcon_core.shell:Creating prefix chain script '/home/zilch/LTU/Viswa/colcon_ws/src/beamlet_star_path_planner/install/setup.bash'
[4.475s] INFO:colcon.colcon_core.shell:Creating prefix script '/home/zilch/LTU/Viswa/colcon_ws/src/beamlet_star_path_planner/install/local_setup.zsh'
[4.476s] INFO:colcon.colcon_core.shell:Creating prefix chain script '/home/zilch/LTU/Viswa/colcon_ws/src/beamlet_star_path_planner/install/setup.zsh'
