[0.010s] Invoking command in '/home/zilch/LTU/Viswa/colcon_ws/src/beamlet_star_path_planner/build/beamlet_star_path_planner': CMAKE_PREFIX_PATH=${CMAKE_PREFIX_PATH}:/opt/ros/jazzy /usr/bin/cmake --build /home/zilch/LTU/Viswa/colcon_ws/src/beamlet_star_path_planner/build/beamlet_star_path_planner -- -j12 -l12
[0.092s] [ 14%] [32mBuilding CXX object CMakeFiles/beamlet_star_node.dir/src/beamlet_star_node.cpp.o[0m
[0.092s] [ 28%] [32mBuilding CXX object CMakeFiles/beamlet_star_node.dir/src/Point.cpp.o[0m
[0.095s] [ 42%] [32mBuilding CXX object CMakeFiles/beamlet_star_node.dir/src/quadtree.cpp.o[0m
[1.593s] [01m[K/home/zilch/LTU/Viswa/colcon_ws/src/beamlet_star_path_planner/src/quadtree.cpp:153:1:[m[K [01;31m[Kerror: [m[K‘[01m[KPoint[m[K’ does not name a type
[1.594s]   153 | [01;31m[KPoint[m[K* getOrCreatePoint(std::map<std::vector<int>, Point*>& pointMap, std::vector<int> coordinates)
[1.594s]       | [01;31m[K^~~~~[m[K
[1.596s] [01m[K/home/zilch/LTU/Viswa/colcon_ws/src/beamlet_star_path_planner/src/quadtree.cpp:[m[K In function ‘[01m[Kvoid[01;32m[K createBeamletsFromLeaves[m[K(const std::vector<DyadicObject*>&)[m[K’:
[1.596s] [01m[K/home/zilch/LTU/Viswa/colcon_ws/src/beamlet_star_path_planner/src/quadtree.cpp:172:13:[m[K [01;31m[Kerror: [m[K‘[01m[KPoint[m[K’ was not declared in this scope
[1.596s]   172 |             [01;31m[KPoint[m[K* TL = getOrCreatePoint(pointMap, {b[0][0], b[0][1]});
[1.597s]       |             [01;31m[K^~~~~[m[K
[1.599s] [01m[K/home/zilch/LTU/Viswa/colcon_ws/src/beamlet_star_path_planner/src/quadtree.cpp:172:20:[m[K [01;31m[Kerror: [m[K‘[01m[KTL[m[K’ was not declared in this scope
[1.599s]   172 |             Point* [01;31m[KTL[m[K = getOrCreatePoint(pointMap, {b[0][0], b[0][1]});
[1.599s]       |                    [01;31m[K^~[m[K
[1.602s] [01m[K/home/zilch/LTU/Viswa/colcon_ws/src/beamlet_star_path_planner/src/quadtree.cpp:172:42:[m[K [01;31m[Kerror: [m[K‘[01m[KpointMap[m[K’ was not declared in this scope
[1.602s]   172 |             Point* TL = getOrCreatePoint([01;31m[KpointMap[m[K, {b[0][0], b[0][1]});
[1.602s]       |                                          [01;31m[K^~~~~~~~[m[K
[1.606s] [01m[K/home/zilch/LTU/Viswa/colcon_ws/src/beamlet_star_path_planner/src/quadtree.cpp:172:25:[m[K [01;31m[Kerror: [m[K‘[01m[KgetOrCreatePoint[m[K’ was not declared in this scope
[1.606s]   172 |             Point* TL = [01;31m[KgetOrCreatePoint[m[K(pointMap, {b[0][0], b[0][1]});
[1.606s]       |                         [01;31m[K^~~~~~~~~~~~~~~~[m[K
[1.608s] [01m[K/home/zilch/LTU/Viswa/colcon_ws/src/beamlet_star_path_planner/src/quadtree.cpp:173:20:[m[K [01;31m[Kerror: [m[K‘[01m[KTR[m[K’ was not declared in this scope
[1.609s]   173 |             Point* [01;31m[KTR[m[K = getOrCreatePoint(pointMap, {b[1][0], b[1][1]});
[1.609s]       |                    [01;31m[K^~[m[K
[1.611s] [01m[K/home/zilch/LTU/Viswa/colcon_ws/src/beamlet_star_path_planner/src/quadtree.cpp:174:20:[m[K [01;31m[Kerror: [m[K‘[01m[KBL[m[K’ was not declared in this scope
[1.611s]   174 |             Point* [01;31m[KBL[m[K = getOrCreatePoint(pointMap, {b[2][0], b[2][1]});
[1.611s]       |                    [01;31m[K^~[m[K
[1.613s] [01m[K/home/zilch/LTU/Viswa/colcon_ws/src/beamlet_star_path_planner/src/quadtree.cpp:175:20:[m[K [01;31m[Kerror: [m[K‘[01m[KBR[m[K’ was not declared in this scope
[1.614s]   175 |             Point* [01;31m[KBR[m[K = getOrCreatePoint(pointMap, {b[3][0], b[3][1]});
[1.614s]       |                    [01;31m[K^~[m[K
[1.616s] [01m[K/home/zilch/LTU/Viswa/colcon_ws/src/beamlet_star_path_planner/src/quadtree.cpp:178:13:[m[K [01;31m[Kerror: [m[K‘[01m[Kbeamlets[m[K’ was not declared in this scope
[1.616s]   178 |             [01;31m[Kbeamlets[m[K.push_back(new Beamlet(TL, TR));
[1.616s]       |             [01;31m[K^~~~~~~~[m[K
[1.617s] [01m[K/home/zilch/LTU/Viswa/colcon_ws/src/beamlet_star_path_planner/src/quadtree.cpp:178:36:[m[K [01;31m[Kerror: [m[Kexpected type-specifier before ‘[01m[KBeamlet[m[K’
[1.617s]   178 |             beamlets.push_back(new [01;31m[KBeamlet[m[K(TL, TR));
[1.617s]       |                                    [01;31m[K^~~~~~~[m[K
[1.617s] [01m[K/home/zilch/LTU/Viswa/colcon_ws/src/beamlet_star_path_planner/src/quadtree.cpp:179:36:[m[K [01;31m[Kerror: [m[Kexpected type-specifier before ‘[01m[KBeamlet[m[K’
[1.617s]   179 |             beamlets.push_back(new [01;31m[KBeamlet[m[K(BL, BR));
[1.617s]       |                                    [01;31m[K^~~~~~~[m[K
[1.617s] [01m[K/home/zilch/LTU/Viswa/colcon_ws/src/beamlet_star_path_planner/src/quadtree.cpp:180:36:[m[K [01;31m[Kerror: [m[Kexpected type-specifier before ‘[01m[KBeamlet[m[K’
[1.617s]   180 |             beamlets.push_back(new [01;31m[KBeamlet[m[K(TL, BL));
[1.617s]       |                                    [01;31m[K^~~~~~~[m[K
[1.617s] [01m[K/home/zilch/LTU/Viswa/colcon_ws/src/beamlet_star_path_planner/src/quadtree.cpp:181:36:[m[K [01;31m[Kerror: [m[Kexpected type-specifier before ‘[01m[KBeamlet[m[K’
[1.618s]   181 |             beamlets.push_back(new [01;31m[KBeamlet[m[K(TR, BR));
[1.618s]       |                                    [01;31m[K^~~~~~~[m[K
[1.618s] [01m[K/home/zilch/LTU/Viswa/colcon_ws/src/beamlet_star_path_planner/src/quadtree.cpp:184:36:[m[K [01;31m[Kerror: [m[Kexpected type-specifier before ‘[01m[KBeamlet[m[K’
[1.618s]   184 |             beamlets.push_back(new [01;31m[KBeamlet[m[K(TL, BR));
[1.618s]       |                                    [01;31m[K^~~~~~~[m[K
[1.618s] [01m[K/home/zilch/LTU/Viswa/colcon_ws/src/beamlet_star_path_planner/src/quadtree.cpp:185:36:[m[K [01;31m[Kerror: [m[Kexpected type-specifier before ‘[01m[KBeamlet[m[K’
[1.618s]   185 |             beamlets.push_back(new [01;31m[KBeamlet[m[K(TR, BL));
[1.618s]       |                                    [01;31m[K^~~~~~~[m[K
[1.665s] [01m[K/home/zilch/LTU/Viswa/colcon_ws/src/beamlet_star_path_planner/src/beamlet_star_node.cpp:[m[K In constructor ‘[01m[KBeamletStarNode::[01;32m[KBeamletStarNode[m[K()[m[K’:
[1.666s] [01m[K/home/zilch/LTU/Viswa/colcon_ws/src/beamlet_star_path_planner/src/beamlet_star_node.cpp:74:9:[m[K [01;31m[Kerror: [m[K‘[01m[KcreateBeamletsFromLeaves[m[K’ was not declared in this scope
[1.666s]    74 |         [01;31m[KcreateBeamletsFromLeaves[m[K(leaves);
[1.666s]       |         [01;31m[K^~~~~~~~~~~~~~~~~~~~~~~~[m[K
[2.040s] gmake[2]: *** [CMakeFiles/beamlet_star_node.dir/build.make:90: CMakeFiles/beamlet_star_node.dir/src/quadtree.cpp.o] Error 1
[2.040s] gmake[2]: *** Waiting for unfinished jobs....
[2.103s] gmake[2]: *** [CMakeFiles/beamlet_star_node.dir/build.make:76: CMakeFiles/beamlet_star_node.dir/src/beamlet_star_node.cpp.o] Error 1
[2.103s] gmake[1]: *** [CMakeFiles/Makefile2:137: CMakeFiles/beamlet_star_node.dir/all] Error 2
[2.103s] gmake: *** [Makefile:146: all] Error 2
[2.107s] Invoked command in '/home/zilch/LTU/Viswa/colcon_ws/src/beamlet_star_path_planner/build/beamlet_star_path_planner' returned '2': CMAKE_PREFIX_PATH=${CMAKE_PREFIX_PATH}:/opt/ros/jazzy /usr/bin/cmake --build /home/zilch/LTU/Viswa/colcon_ws/src/beamlet_star_path_planner/build/beamlet_star_path_planner -- -j12 -l12
