[0.016s] Invoking command in '/home/zilch/LTU/Viswa/colcon_ws/src/beamlet_star_path_planner/build/beamlet_star_path_planner': CMAKE_PREFIX_PATH=${CMAKE_PREFIX_PATH}:/opt/ros/jazzy /usr/bin/cmake --build /home/zilch/LTU/Viswa/colcon_ws/src/beamlet_star_path_planner/build/beamlet_star_path_planner -- -j12 -l12
[0.144s] [ 16%] [32mBuilding CXX object CMakeFiles/beamlet_star_node.dir/src/quadtree.cpp.o[0m
[2.541s] [01m[K/home/zilch/LTU/Viswa/colcon_ws/src/beamlet_star_path_planner/src/quadtree.cpp:6:5:[m[K [01;31m[Kerror: [m[Kno declaration matches ‘[01m[Kint QuadTree::[01;32m[KcountObstacles[m[K(const QuadTreeNode*) const[m[K’
[2.541s]     6 | int [01;31m[KQuadTree[m[K::countObstacles(const QuadTreeNode* node) const
[2.541s]       |     [01;31m[K^~~~~~~~[m[K
[2.541s] In file included from [01m[K/home/zilch/LTU/Viswa/colcon_ws/src/beamlet_star_path_planner/src/quadtree.cpp:1[m[K:
[2.541s] [01m[K/home/zilch/LTU/Viswa/colcon_ws/src/beamlet_star_path_planner/include/beamlet_star_path_planner/quadtree.h:21:9:[m[K [01;36m[Knote: [m[Kcandidate is: ‘[01m[Kint QuadTree::[01;32m[KcountObstacles[m[K(int, int, int) const[m[K’
[2.541s]    21 |     int [01;36m[KcountObstacles[m[K(int scale, int x, int y) const;
[2.542s]       |         [01;36m[K^~~~~~~~~~~~~~[m[K
[2.542s] [01m[K/home/zilch/LTU/Viswa/colcon_ws/src/beamlet_star_path_planner/include/beamlet_star_path_planner/quadtree.h:8:7:[m[K [01;36m[Knote: [m[K‘[01m[Kclass QuadTree[m[K’ defined here
[2.542s]     8 | class [01;36m[KQuadTree[m[K
[2.542s]       |       [01;36m[K^~~~~~~~[m[K
[2.542s] [01m[K/home/zilch/LTU/Viswa/colcon_ws/src/beamlet_star_path_planner/src/quadtree.cpp:[m[K In member function ‘[01m[KQuadTreeNode* QuadTree::[01;32m[KbuildQuadTree[m[K(int, int, int)[m[K’:
[2.542s] [01m[K/home/zilch/LTU/Viswa/colcon_ws/src/beamlet_star_path_planner/src/quadtree.cpp:35:40:[m[K [01;31m[Kerror: [m[Kno matching function for call to ‘[01m[KQuadTree::countObstacles(QuadTreeNode*&)[m[K’
[2.542s]    35 |     int totalObstacles = [01;31m[KcountObstacles(node)[m[K;
[2.542s]       |                          [01;31m[K~~~~~~~~~~~~~~^~~~~~[m[K
[2.542s] [01m[K/home/zilch/LTU/Viswa/colcon_ws/src/beamlet_star_path_planner/include/beamlet_star_path_planner/quadtree.h:21:9:[m[K [01;36m[Knote: [m[Kcandidate: ‘[01m[Kint QuadTree::[01;32m[KcountObstacles[m[K(int, int, int) const[m[K’
[2.542s]    21 |     int [01;36m[KcountObstacles[m[K(int scale, int x, int y) const;
[2.542s]       |         [01;36m[K^~~~~~~~~~~~~~[m[K
[2.542s] [01m[K/home/zilch/LTU/Viswa/colcon_ws/src/beamlet_star_path_planner/include/beamlet_star_path_planner/quadtree.h:21:9:[m[K [01;36m[Knote: [m[K  candidate expects 3 arguments, 1 provided
[3.232s] gmake[2]: *** [CMakeFiles/beamlet_star_node.dir/build.make:104: CMakeFiles/beamlet_star_node.dir/src/quadtree.cpp.o] Error 1
[3.232s] gmake[1]: *** [CMakeFiles/Makefile2:137: CMakeFiles/beamlet_star_node.dir/all] Error 2
[3.233s] gmake: *** [Makefile:146: all] Error 2
[3.237s] Invoked command in '/home/zilch/LTU/Viswa/colcon_ws/src/beamlet_star_path_planner/build/beamlet_star_path_planner' returned '2': CMAKE_PREFIX_PATH=${CMAKE_PREFIX_PATH}:/opt/ros/jazzy /usr/bin/cmake --build /home/zilch/LTU/Viswa/colcon_ws/src/beamlet_star_path_planner/build/beamlet_star_path_planner -- -j12 -l12
