[0.009s] Invoking command in '/home/zilch/LTU/Viswa/colcon_ws/src/beamlet_star_path_planner/build/beamlet_star_path_planner': CMAKE_PREFIX_PATH=${CMAKE_PREFIX_PATH}:/opt/ros/jazzy /usr/bin/cmake --build /home/zilch/LTU/Viswa/colcon_ws/src/beamlet_star_path_planner/build/beamlet_star_path_planner -- -j12 -l12
[0.078s] [ 14%] [32mBuilding CXX object CMakeFiles/beamlet_star_node.dir/src/Point.cpp.o[0m
[0.079s] [ 28%] [32mBuilding CXX object CMakeFiles/beamlet_star_node.dir/src/Beamlet.cpp.o[0m
[0.280s] [01m[K/home/zilch/LTU/Viswa/colcon_ws/src/beamlet_star_path_planner/src/Beamlet.cpp:[m[K In function ‘[01m[Kstd::ostream&[01;32m[K operator<<[m[K(std::ostream&, const Beamlet&)[m[K’:
[0.280s] [01m[K/home/zilch/LTU/Viswa/colcon_ws/src/beamlet_star_path_planner/src/Beamlet.cpp:84:32:[m[K [01;31m[Kerror: [m[Kno match for ‘[01m[Koperator<<[m[K’ (operand types are ‘[01m[Kstd::ostream[m[K’ {aka ‘[01m[Kstd::basic_ostream<char>[m[K’} and ‘[01m[Kconst std::vector<int>[m[K’)
[0.281s]    84 |                         [32m[Koutput[m[K [01;31m[K<<[m[K [34m[Kcoor1[m[K;
[0.281s]       |                         [32m[K~~~~~~[m[K [01;31m[K^~[m[K [34m[K~~~~~[m[K
[0.281s]       |                         [32m[K|[m[K         [34m[K|[m[K
[0.281s]       |                         [32m[K|[m[K         [34m[Kconst std::vector<int>[m[K
[0.282s]       |                         [32m[Kstd::ostream {aka std::basic_ostream<char>}[m[K
[0.282s] In file included from [01m[K/usr/include/c++/13/iostream:41[m[K,
[0.282s]                  from [01m[K/home/zilch/LTU/Viswa/colcon_ws/src/beamlet_star_path_planner/include/beamlet_star_path_planner/Point.h:11[m[K,
[0.282s]                  from [01m[K/home/zilch/LTU/Viswa/colcon_ws/src/beamlet_star_path_planner/include/beamlet_star_path_planner/Beamlet.h:4[m[K,
[0.282s]                  from [01m[K/home/zilch/LTU/Viswa/colcon_ws/src/beamlet_star_path_planner/src/Beamlet.cpp:1[m[K:
[0.282s] [01m[K/usr/include/c++/13/ostream:110:7:[m[K [01;36m[Knote: [m[Kcandidate: ‘[01m[Kstd::basic_ostream<_CharT, _Traits>::__ostream_type& std::basic_ostream<_CharT, _Traits>::[01;32m[Koperator<<[m[K(__ostream_type& (*)(__ostream_type&)) [35m[K[with _CharT = char; _Traits = std::char_traits<char>; __ostream_type = std::basic_ostream<char>][m[K[m[K’
[0.282s]   110 |       [01;36m[Koperator[m[K<<(__ostream_type& (*__pf)(__ostream_type&))
[0.282s]       |       [01;36m[K^~~~~~~~[m[K
[0.282s] [01m[K/usr/include/c++/13/ostream:110:36:[m[K [01;36m[Knote: [m[K  no known conversion for argument 1 from ‘[01m[Kconst std::vector<int>[m[K’ to ‘[01m[Kstd::basic_ostream<char>::__ostream_type& (*)(std::basic_ostream<char>::__ostream_type&)[m[K’ {aka ‘[01m[Kstd::basic_ostream<char>& (*)(std::basic_ostream<char>&)[m[K’}
[0.283s]   110 |       operator<<([01;36m[K__ostream_type& (*__pf)(__ostream_type&)[m[K)
[0.283s]       |                  [01;36m[K~~~~~~~~~~~~~~~~~~^~~~~~~~~~~~~~~~~~~~~~[m[K
[0.283s] [01m[K/usr/include/c++/13/ostream:119:7:[m[K [01;36m[Knote: [m[Kcandidate: ‘[01m[Kstd::basic_ostream<_CharT, _Traits>::__ostream_type& std::basic_ostream<_CharT, _Traits>::[01;32m[Koperator<<[m[K(__ios_type& (*)(__ios_type&)) [35m[K[with _CharT = char; _Traits = std::char_traits<char>; __ostream_type = std::basic_ostream<char>; __ios_type = std::basic_ios<char>][m[K[m[K’
[0.283s]   119 |       [01;36m[Koperator[m[K<<(__ios_type& (*__pf)(__ios_type&))
[0.283s]       |       [01;36m[K^~~~~~~~[m[K
[0.283s] [01m[K/usr/include/c++/13/ostream:119:32:[m[K [01;36m[Knote: [m[K  no known conversion for argument 1 from ‘[01m[Kconst std::vector<int>[m[K’ to ‘[01m[Kstd::basic_ostream<char>::__ios_type& (*)(std::basic_ostream<char>::__ios_type&)[m[K’ {aka ‘[01m[Kstd::basic_ios<char>& (*)(std::basic_ios<char>&)[m[K’}
[0.283s]   119 |       operator<<([01;36m[K__ios_type& (*__pf)(__ios_type&)[m[K)
[0.283s]       |                  [01;36m[K~~~~~~~~~~~~~~^~~~~~~~~~~~~~~~~~[m[K
[0.283s] [01m[K/usr/include/c++/13/ostream:129:7:[m[K [01;36m[Knote: [m[Kcandidate: ‘[01m[Kstd::basic_ostream<_CharT, _Traits>::__ostream_type& std::basic_ostream<_CharT, _Traits>::[01;32m[Koperator<<[m[K(std::ios_base& (*)(std::ios_base&)) [35m[K[with _CharT = char; _Traits = std::char_traits<char>; __ostream_type = std::basic_ostream<char>][m[K[m[K’
[0.284s]   129 |       [01;36m[Koperator[m[K<<(ios_base& (*__pf) (ios_base&))
[0.284s]       |       [01;36m[K^~~~~~~~[m[K
[0.284s] [01m[K/usr/include/c++/13/ostream:129:30:[m[K [01;36m[Knote: [m[K  no known conversion for argument 1 from ‘[01m[Kconst std::vector<int>[m[K’ to ‘[01m[Kstd::ios_base& (*)(std::ios_base&)[m[K’
[0.284s]   129 |       operator<<([01;36m[Kios_base& (*__pf) (ios_base&)[m[K)
[0.284s]       |                  [01;36m[K~~~~~~~~~~~~^~~~~~~~~~~~~~~~~[m[K
[0.284s] [01m[K/usr/include/c++/13/ostream:168:7:[m[K [01;36m[Knote: [m[Kcandidate: ‘[01m[Kstd::basic_ostream<_CharT, _Traits>::__ostream_type& std::basic_ostream<_CharT, _Traits>::[01;32m[Koperator<<[m[K(long int) [35m[K[with _CharT = char; _Traits = std::char_traits<char>; __ostream_type = std::basic_ostream<char>][m[K[m[K’
[0.284s]   168 |       [01;36m[Koperator[m[K<<(long __n)
[0.284s]       |       [01;36m[K^~~~~~~~[m[K
[0.284s] [01m[K/usr/include/c++/13/ostream:168:23:[m[K [01;36m[Knote: [m[K  no known conversion for argument 1 from ‘[01m[Kconst std::vector<int>[m[K’ to ‘[01m[Klong int[m[K’
[0.284s]   168 |       operator<<([01;36m[Klong __n[m[K)
[0.285s]       |                  [01;36m[K~~~~~^~~[m[K
[0.285s] [01m[K/usr/include/c++/13/ostream:172:7:[m[K [01;36m[Knote: [m[Kcandidate: ‘[01m[Kstd::basic_ostream<_CharT, _Traits>::__ostream_type& std::basic_ostream<_CharT, _Traits>::[01;32m[Koperator<<[m[K(long unsigned int) [35m[K[with _CharT = char; _Traits = std::char_traits<char>; __ostream_type = std::basic_ostream<char>][m[K[m[K’
[0.285s]   172 |       [01;36m[Koperator[m[K<<(unsigned long __n)
[0.285s]       |       [01;36m[K^~~~~~~~[m[K
[0.285s] [01m[K/usr/include/c++/13/ostream:172:32:[m[K [01;36m[Knote: [m[K  no known conversion for argument 1 from ‘[01m[Kconst std::vector<int>[m[K’ to ‘[01m[Klong unsigned int[m[K’
[0.285s]   172 |       operator<<([01;36m[Kunsigned long __n[m[K)
[0.285s]       |                  [01;36m[K~~~~~~~~~~~~~~^~~[m[K
[0.285s] [01m[K/usr/include/c++/13/ostream:176:7:[m[K [01;36m[Knote: [m[Kcandidate: ‘[01m[Kstd::basic_ostream<_CharT, _Traits>::__ostream_type& std::basic_ostream<_CharT, _Traits>::[01;32m[Koperator<<[m[K(bool) [35m[K[with _CharT = char; _Traits = std::char_traits<char>; __ostream_type = std::basic_ostream<char>][m[K[m[K’
[0.285s]   176 |       [01;36m[Koperator[m[K<<(bool __n)
[0.285s]       |       [01;36m[K^~~~~~~~[m[K
[0.286s] [01m[K/usr/include/c++/13/ostream:176:23:[m[K [01;36m[Knote: [m[K  no known conversion for argument 1 from ‘[01m[Kconst std::vector<int>[m[K’ to ‘[01m[Kbool[m[K’
[0.286s]   176 |       operator<<([01;36m[Kbool __n[m[K)
[0.286s]       |                  [01;36m[K~~~~~^~~[m[K
[0.286s] In file included from [01m[K/usr/include/c++/13/ostream:880[m[K:
[0.286s] [01m[K/usr/include/c++/13/bits/ostream.tcc:96:5:[m[K [01;36m[Knote: [m[Kcandidate: ‘[01m[Kstd::basic_ostream<_CharT, _Traits>& std::basic_ostream<_CharT, _Traits>::[01;32m[Koperator<<[m[K(short int) [35m[K[with _CharT = char; _Traits = std::char_traits<char>][m[K[m[K’
[0.286s]    96 |     [01;36m[Kbasic_ostream<_CharT, _Traits>[m[K::
[0.286s]       |     [01;36m[K^~~~~~~~~~~~~~~~~~~~~~~~~~~~~~[m[K
[0.286s] [01m[K/usr/include/c++/13/bits/ostream.tcc:97:22:[m[K [01;36m[Knote: [m[K  no known conversion for argument 1 from ‘[01m[Kconst std::vector<int>[m[K’ to ‘[01m[Kshort int[m[K’
[0.286s]    97 |     operator<<([01;36m[Kshort __n[m[K)
[0.286s]       |                [01;36m[K~~~~~~^~~[m[K
[0.287s] [01m[K/usr/include/c++/13/ostream:183:7:[m[K [01;36m[Knote: [m[Kcandidate: ‘[01m[Kstd::basic_ostream<_CharT, _Traits>::__ostream_type& std::basic_ostream<_CharT, _Traits>::[01;32m[Koperator<<[m[K(short unsigned int) [35m[K[with _CharT = char; _Traits = std::char_traits<char>; __ostream_type = std::basic_ostream<char>][m[K[m[K’
[0.287s]   183 |       [01;36m[Koperator[m[K<<(unsigned short __n)
[0.287s]       |       [01;36m[K^~~~~~~~[m[K
[0.287s] [01m[K/usr/include/c++/13/ostream:183:33:[m[K [01;36m[Knote: [m[K  no known conversion for argument 1 from ‘[01m[Kconst std::vector<int>[m[K’ to ‘[01m[Kshort unsigned int[m[K’
[0.287s]   183 |       operator<<([01;36m[Kunsigned short __n[m[K)
[0.287s]       |                  [01;36m[K~~~~~~~~~~~~~~~^~~[m[K
[0.287s] [01m[K/usr/include/c++/13/bits/ostream.tcc:110:5:[m[K [01;36m[Knote: [m[Kcandidate: ‘[01m[Kstd::basic_ostream<_CharT, _Traits>& std::basic_ostream<_CharT, _Traits>::[01;32m[Koperator<<[m[K(int) [35m[K[with _CharT = char; _Traits = std::char_traits<char>][m[K[m[K’
[0.287s]   110 |     [01;36m[Kbasic_ostream<_CharT, _Traits>[m[K::
[0.287s]       |     [01;36m[K^~~~~~~~~~~~~~~~~~~~~~~~~~~~~~[m[K
[0.288s] [01m[K/usr/include/c++/13/bits/ostream.tcc:111:20:[m[K [01;36m[Knote: [m[K  no known conversion for argument 1 from ‘[01m[Kconst std::vector<int>[m[K’ to ‘[01m[Kint[m[K’
[0.288s]   111 |     operator<<([01;36m[Kint __n[m[K)
[0.288s]       |                [01;36m[K~~~~^~~[m[K
[0.288s] [01m[K/usr/include/c++/13/ostream:194:7:[m[K [01;36m[Knote: [m[Kcandidate: ‘[01m[Kstd::basic_ostream<_CharT, _Traits>::__ostream_type& std::basic_ostream<_CharT, _Traits>::[01;32m[Koperator<<[m[K(unsigned int) [35m[K[with _CharT = char; _Traits = std::char_traits<char>; __ostream_type = std::basic_ostream<char>][m[K[m[K’
[0.288s]   194 |       [01;36m[Koperator[m[K<<(unsigned int __n)
[0.288s]       |       [01;36m[K^~~~~~~~[m[K
[0.288s] [01m[K/usr/include/c++/13/ostream:194:31:[m[K [01;36m[Knote: [m[K  no known conversion for argument 1 from ‘[01m[Kconst std::vector<int>[m[K’ to ‘[01m[Kunsigned int[m[K’
[0.288s]   194 |       operator<<([01;36m[Kunsigned int __n[m[K)
[0.288s]       |                  [01;36m[K~~~~~~~~~~~~~^~~[m[K
[0.288s] [01m[K/usr/include/c++/13/ostream:203:7:[m[K [01;36m[Knote: [m[Kcandidate: ‘[01m[Kstd::basic_ostream<_CharT, _Traits>::__ostream_type& std::basic_ostream<_CharT, _Traits>::[01;32m[Koperator<<[m[K(long long int) [35m[K[with _CharT = char; _Traits = std::char_traits<char>; __ostream_type = std::basic_ostream<char>][m[K[m[K’
[0.288s]   203 |       [01;36m[Koperator[m[K<<(long long __n)
[0.289s]       |       [01;36m[K^~~~~~~~[m[K
[0.289s] [01m[K/usr/include/c++/13/ostream:203:28:[m[K [01;36m[Knote: [m[K  no known conversion for argument 1 from ‘[01m[Kconst std::vector<int>[m[K’ to ‘[01m[Klong long int[m[K’
[0.289s]   203 |       operator<<([01;36m[Klong long __n[m[K)
[0.289s]       |                  [01;36m[K~~~~~~~~~~^~~[m[K
[0.289s] [01m[K/usr/include/c++/13/ostream:207:7:[m[K [01;36m[Knote: [m[Kcandidate: ‘[01m[Kstd::basic_ostream<_CharT, _Traits>::__ostream_type& std::basic_ostream<_CharT, _Traits>::[01;32m[Koperator<<[m[K(long long unsigned int) [35m[K[with _CharT = char; _Traits = std::char_traits<char>; __ostream_type = std::basic_ostream<char>][m[K[m[K’
[0.289s]   207 |       [01;36m[Koperator[m[K<<(unsigned long long __n)
[0.289s]       |       [01;36m[K^~~~~~~~[m[K
[0.289s] [01m[K/usr/include/c++/13/ostream:207:37:[m[K [01;36m[Knote: [m[K  no known conversion for argument 1 from ‘[01m[Kconst std::vector<int>[m[K’ to ‘[01m[Klong long unsigned int[m[K’
[0.289s]   207 |       operator<<([01;36m[Kunsigned long long __n[m[K)
[0.289s]       |                  [01;36m[K~~~~~~~~~~~~~~~~~~~^~~[m[K
[0.290s] [01m[K/usr/include/c++/13/ostream:222:7:[m[K [01;36m[Knote: [m[Kcandidate: ‘[01m[Kstd::basic_ostream<_CharT, _Traits>::__ostream_type& std::basic_ostream<_CharT, _Traits>::[01;32m[Koperator<<[m[K(double) [35m[K[with _CharT = char; _Traits = std::char_traits<char>; __ostream_type = std::basic_ostream<char>][m[K[m[K’
[0.290s]   222 |       [01;36m[Koperator[m[K<<(double __f)
[0.290s]       |       [01;36m[K^~~~~~~~[m[K
[0.290s] [01m[K/usr/include/c++/13/ostream:222:25:[m[K [01;36m[Knote: [m[K  no known conversion for argument 1 from ‘[01m[Kconst std::vector<int>[m[K’ to ‘[01m[Kdouble[m[K’
[0.290s]   222 |       operator<<([01;36m[Kdouble __f[m[K)
[0.290s]       |                  [01;36m[K~~~~~~~^~~[m[K
[0.290s] [01m[K/usr/include/c++/13/ostream:226:7:[m[K [01;36m[Knote: [m[Kcandidate: ‘[01m[Kstd::basic_ostream<_CharT, _Traits>::__ostream_type& std::basic_ostream<_CharT, _Traits>::[01;32m[Koperator<<[m[K(float) [35m[K[with _CharT = char; _Traits = std::char_traits<char>; __ostream_type = std::basic_ostream<char>][m[K[m[K’
[0.290s]   226 |       [01;36m[Koperator[m[K<<(float __f)
[0.290s]       |       [01;36m[K^~~~~~~~[m[K
[0.290s] [01m[K/usr/include/c++/13/ostream:226:24:[m[K [01;36m[Knote: [m[K  no known conversion for argument 1 from ‘[01m[Kconst std::vector<int>[m[K’ to ‘[01m[Kfloat[m[K’
[0.291s]   226 |       operator<<([01;36m[Kfloat __f[m[K)
[0.291s]       |                  [01;36m[K~~~~~~^~~[m[K
[0.291s] [01m[K/usr/include/c++/13/ostream:234:7:[m[K [01;36m[Knote: [m[Kcandidate: ‘[01m[Kstd::basic_ostream<_CharT, _Traits>::__ostream_type& std::basic_ostream<_CharT, _Traits>::[01;32m[Koperator<<[m[K(long double) [35m[K[with _CharT = char; _Traits = std::char_traits<char>; __ostream_type = std::basic_ostream<char>][m[K[m[K’
[0.291s]   234 |       [01;36m[Koperator[m[K<<(long double __f)
[0.291s]       |       [01;36m[K^~~~~~~~[m[K
[0.291s] [01m[K/usr/include/c++/13/ostream:234:30:[m[K [01;36m[Knote: [m[K  no known conversion for argument 1 from ‘[01m[Kconst std::vector<int>[m[K’ to ‘[01m[Klong double[m[K’
[0.291s]   234 |       operator<<([01;36m[Klong double __f[m[K)
[0.291s]       |                  [01;36m[K~~~~~~~~~~~~^~~[m[K
[0.291s] [01m[K/usr/include/c++/13/ostream:292:7:[m[K [01;36m[Knote: [m[Kcandidate: ‘[01m[Kstd::basic_ostream<_CharT, _Traits>::__ostream_type& std::basic_ostream<_CharT, _Traits>::[01;32m[Koperator<<[m[K(const void*) [35m[K[with _CharT = char; _Traits = std::char_traits<char>; __ostream_type = std::basic_ostream<char>][m[K[m[K’
[0.291s]   292 |       [01;36m[Koperator[m[K<<(const void* __p)
[0.292s]       |       [01;36m[K^~~~~~~~[m[K
[0.292s] [01m[K/usr/include/c++/13/ostream:292:30:[m[K [01;36m[Knote: [m[K  no known conversion for argument 1 from ‘[01m[Kconst std::vector<int>[m[K’ to ‘[01m[Kconst void*[m[K’
[0.292s]   292 |       operator<<([01;36m[Kconst void* __p[m[K)
[0.292s]       |                  [01;36m[K~~~~~~~~~~~~^~~[m[K
[0.292s] [01m[K/usr/include/c++/13/ostream:297:7:[m[K [01;36m[Knote: [m[Kcandidate: ‘[01m[Kstd::basic_ostream<_CharT, _Traits>::__ostream_type& std::basic_ostream<_CharT, _Traits>::[01;32m[Koperator<<[m[K(std::nullptr_t) [35m[K[with _CharT = char; _Traits = std::char_traits<char>; __ostream_type = std::basic_ostream<char>; std::nullptr_t = std::nullptr_t][m[K[m[K’
[0.292s]   297 |       [01;36m[Koperator[m[K<<(nullptr_t)
[0.292s]       |       [01;36m[K^~~~~~~~[m[K
[0.292s] [01m[K/usr/include/c++/13/ostream:297:18:[m[K [01;36m[Knote: [m[K  no known conversion for argument 1 from ‘[01m[Kconst std::vector<int>[m[K’ to ‘[01m[Kstd::nullptr_t[m[K’
[0.292s]   297 |       operator<<([01;36m[Knullptr_t[m[K)
[0.292s]       |                  [01;36m[K^~~~~~~~~[m[K
[0.292s] [01m[K/usr/include/c++/13/bits/ostream.tcc:124:5:[m[K [01;36m[Knote: [m[Kcandidate: ‘[01m[Kstd::basic_ostream<_CharT, _Traits>& std::basic_ostream<_CharT, _Traits>::[01;32m[Koperator<<[m[K(__streambuf_type*) [35m[K[with _CharT = char; _Traits = std::char_traits<char>; __streambuf_type = std::basic_streambuf<char>][m[K[m[K’
[0.293s]   124 |     [01;36m[Kbasic_ostream<_CharT, _Traits>[m[K::
[0.293s]       |     [01;36m[K^~~~~~~~~~~~~~~~~~~~~~~~~~~~~~[m[K
[0.293s] [01m[K/usr/include/c++/13/bits/ostream.tcc:125:34:[m[K [01;36m[Knote: [m[K  no known conversion for argument 1 from ‘[01m[Kconst std::vector<int>[m[K’ to ‘[01m[Kstd::basic_ostream<char>::__streambuf_type*[m[K’ {aka ‘[01m[Kstd::basic_streambuf<char>*[m[K’}
[0.293s]   125 |     operator<<([01;36m[K__streambuf_type* __sbin[m[K)
[0.293s]       |                [01;36m[K~~~~~~~~~~~~~~~~~~^~~~~~[m[K
[0.293s] In file included from [01m[K/usr/include/c++/13/bits/memory_resource.h:38[m[K,
[0.293s]                  from [01m[K/usr/include/c++/13/vector:80[m[K,
[0.293s]                  from [01m[K/home/zilch/LTU/Viswa/colcon_ws/src/beamlet_star_path_planner/include/beamlet_star_path_planner/Point.h:4[m[K:
[0.293s] [01m[K/usr/include/c++/13/cstddef:124:5:[m[K [01;36m[Knote: [m[Kcandidate: ‘[01m[Ktemplate<class _IntegerType> constexpr std::__byte_op_t<_IntegerType> std::[01;32m[Koperator<<[m[K(byte, _IntegerType)[m[K’
[0.293s]   124 |     [01;36m[Koperator[m[K<<(byte __b, _IntegerType __shift) noexcept
[0.294s]       |     [01;36m[K^~~~~~~~[m[K
[0.294s] [01m[K/usr/include/c++/13/cstddef:124:5:[m[K [01;36m[Knote: [m[K  template argument deduction/substitution failed:
[0.294s] [01m[K/home/zilch/LTU/Viswa/colcon_ws/src/beamlet_star_path_planner/src/Beamlet.cpp:84:25:[m[K [01;36m[Knote: [m[K  cannot convert ‘[01m[Koutput[m[K’ (type ‘[01m[Kstd::ostream[m[K’ {aka ‘[01m[Kstd::basic_ostream<char>[m[K’}) to type ‘[01m[Kstd::byte[m[K’
[0.294s]    84 |                         [01;36m[Koutput[m[K << coor1;
[0.294s]       |                         [01;36m[K^~~~~~[m[K
[0.294s] In file included from [01m[K/usr/include/c++/13/bits/basic_string.h:47[m[K,
[0.294s]                  from [01m[K/usr/include/c++/13/string:54[m[K,
[0.294s]                  from [01m[K/usr/include/c++/13/bits/locale_classes.h:40[m[K,
[0.294s]                  from [01m[K/usr/include/c++/13/bits/ios_base.h:41[m[K,
[0.294s]                  from [01m[K/usr/include/c++/13/ios:44[m[K,
[0.295s]                  from [01m[K/usr/include/c++/13/ostream:40[m[K:
[0.295s] [01m[K/usr/include/c++/13/string_view:761:5:[m[K [01;36m[Knote: [m[Kcandidate: ‘[01m[Ktemplate<class _CharT, class _Traits> std::basic_ostream<_CharT, _Traits>& std::[01;32m[Koperator<<[m[K(basic_ostream<_CharT, _Traits>&, basic_string_view<_CharT, _Traits>)[m[K’
[0.295s]   761 |     [01;36m[Koperator[m[K<<(basic_ostream<_CharT, _Traits>& __os,
[0.295s]       |     [01;36m[K^~~~~~~~[m[K
[0.295s] [01m[K/usr/include/c++/13/string_view:761:5:[m[K [01;36m[Knote: [m[K  template argument deduction/substitution failed:
[0.295s] [01m[K/home/zilch/LTU/Viswa/colcon_ws/src/beamlet_star_path_planner/src/Beamlet.cpp:84:35:[m[K [01;36m[Knote: [m[K  ‘[01m[Kstd::vector<int>[m[K’ is not derived from ‘[01m[Kstd::basic_string_view<_CharT, _Traits>[m[K’
[0.295s]    84 |                         output << [01;36m[Kcoor1[m[K;
[0.295s]       |                                   [01;36m[K^~~~~[m[K
[0.295s] [01m[K/usr/include/c++/13/bits/basic_string.h:4032:5:[m[K [01;36m[Knote: [m[Kcandidate: ‘[01m[Ktemplate<class _CharT, class _Traits, class _Alloc> std::basic_ostream<_CharT, _Traits>& std::[01;32m[Koperator<<[m[K(basic_ostream<_CharT, _Traits>&, const __cxx11::basic_string<_CharT, _Traits, _Allocator>&)[m[K’
[0.295s]  4032 |     [01;36m[Koperator[m[K<<(basic_ostream<_CharT, _Traits>& __os,
[0.296s]       |     [01;36m[K^~~~~~~~[m[K
[0.296s] [01m[K/usr/include/c++/13/bits/basic_string.h:4032:5:[m[K [01;36m[Knote: [m[K  template argument deduction/substitution failed:
[0.296s] [01m[K/home/zilch/LTU/Viswa/colcon_ws/src/beamlet_star_path_planner/src/Beamlet.cpp:84:35:[m[K [01;36m[Knote: [m[K  ‘[01m[Kconst std::vector<int>[m[K’ is not derived from ‘[01m[Kconst std::__cxx11::basic_string<_CharT, _Traits, _Allocator>[m[K’
[0.296s]    84 |                         output << [01;36m[Kcoor1[m[K;
[0.296s]       |                                   [01;36m[K^~~~~[m[K
[0.296s] In file included from [01m[K/usr/include/c++/13/bits/ios_base.h:46[m[K:
[0.296s] [01m[K/usr/include/c++/13/system_error:339:5:[m[K [01;36m[Knote: [m[Kcandidate: ‘[01m[Ktemplate<class _CharT, class _Traits> std::basic_ostream<_CharT, _Traits>& std::[01;32m[Koperator<<[m[K(basic_ostream<_CharT, _Traits>&, const error_code&)[m[K’
[0.296s]   339 |     [01;36m[Koperator[m[K<<(basic_ostream<_CharT, _Traits>& __os, const error_code& __e)
[0.296s]       |     [01;36m[K^~~~~~~~[m[K
[0.296s] [01m[K/usr/include/c++/13/system_error:339:5:[m[K [01;36m[Knote: [m[K  template argument deduction/substitution failed:
[0.297s] [01m[K/home/zilch/LTU/Viswa/colcon_ws/src/beamlet_star_path_planner/src/Beamlet.cpp:84:35:[m[K [01;36m[Knote: [m[K  cannot convert ‘[01m[Kcoor1[m[K’ (type ‘[01m[Kconst std::vector<int>[m[K’) to type ‘[01m[Kconst std::error_code&[m[K’
[0.297s]    84 |                         output << [01;36m[Kcoor1[m[K;
[0.297s]       |                                   [01;36m[K^~~~~[m[K
[0.297s] [01m[K/usr/include/c++/13/ostream:554:5:[m[K [01;36m[Knote: [m[Kcandidate: ‘[01m[Ktemplate<class _CharT, class _Traits> std::basic_ostream<_CharT, _Traits>& std::[01;32m[Koperator<<[m[K(basic_ostream<_CharT, _Traits>&, _CharT)[m[K’
[0.297s]   554 |     [01;36m[Koperator[m[K<<(basic_ostream<_CharT, _Traits>& __out, _CharT __c)
[0.297s]       |     [01;36m[K^~~~~~~~[m[K
[0.297s] [01m[K/usr/include/c++/13/ostream:554:5:[m[K [01;36m[Knote: [m[K  template argument deduction/substitution failed:
[0.297s] [01m[K/home/zilch/LTU/Viswa/colcon_ws/src/beamlet_star_path_planner/src/Beamlet.cpp:84:35:[m[K [01;36m[Knote: [m[K  deduced conflicting types for parameter ‘[01m[K_CharT[m[K’ (‘[01m[Kchar[m[K’ and ‘[01m[Kstd::vector<int>[m[K’)
[0.297s]    84 |                         output << [01;36m[Kcoor1[m[K;
[0.297s]       |                                   [01;36m[K^~~~~[m[K
[0.298s] [01m[K/usr/include/c++/13/ostream:564:5:[m[K [01;36m[Knote: [m[Kcandidate: ‘[01m[Ktemplate<class _CharT, class _Traits> std::basic_ostream<_CharT, _Traits>& std::[01;32m[Koperator<<[m[K(basic_ostream<_CharT, _Traits>&, char)[m[K’
[0.298s]   564 |     [01;36m[Koperator[m[K<<(basic_ostream<_CharT, _Traits>& __out, char __c)
[0.298s]       |     [01;36m[K^~~~~~~~[m[K
[0.298s] [01m[K/usr/include/c++/13/ostream:564:5:[m[K [01;36m[Knote: [m[K  template argument deduction/substitution failed:
[0.298s] [01m[K/home/zilch/LTU/Viswa/colcon_ws/src/beamlet_star_path_planner/src/Beamlet.cpp:84:35:[m[K [01;36m[Knote: [m[K  cannot convert ‘[01m[Kcoor1[m[K’ (type ‘[01m[Kconst std::vector<int>[m[K’) to type ‘[01m[Kchar[m[K’
[0.298s]    84 |                         output << [01;36m[Kcoor1[m[K;
[0.298s]       |                                   [01;36m[K^~~~~[m[K
[0.298s] [01m[K/usr/include/c++/13/ostream:570:5:[m[K [01;36m[Knote: [m[Kcandidate: ‘[01m[Ktemplate<class _Traits> std::basic_ostream<char, _Traits>& std::[01;32m[Koperator<<[m[K(basic_ostream<char, _Traits>&, char)[m[K’
[0.298s]   570 |     [01;36m[Koperator[m[K<<(basic_ostream<char, _Traits>& __out, char __c)
[0.298s]       |     [01;36m[K^~~~~~~~[m[K
[0.299s] [01m[K/usr/include/c++/13/ostream:570:5:[m[K [01;36m[Knote: [m[K  template argument deduction/substitution failed:
[0.299s] [01m[K/home/zilch/LTU/Viswa/colcon_ws/src/beamlet_star_path_planner/src/Beamlet.cpp:84:35:[m[K [01;36m[Knote: [m[K  cannot convert ‘[01m[Kcoor1[m[K’ (type ‘[01m[Kconst std::vector<int>[m[K’) to type ‘[01m[Kchar[m[K’
[0.299s]    84 |                         output << [01;36m[Kcoor1[m[K;
[0.299s]       |                                   [01;36m[K^~~~~[m[K
[0.299s] [01m[K/usr/include/c++/13/ostream:581:5:[m[K [01;36m[Knote: [m[Kcandidate: ‘[01m[Ktemplate<class _Traits> std::basic_ostream<char, _Traits>& std::[01;32m[Koperator<<[m[K(basic_ostream<char, _Traits>&, signed char)[m[K’
[0.299s]   581 |     [01;36m[Koperator[m[K<<(basic_ostream<char, _Traits>& __out, signed char __c)
[0.299s]       |     [01;36m[K^~~~~~~~[m[K
[0.299s] [01m[K/usr/include/c++/13/ostream:581:5:[m[K [01;36m[Knote: [m[K  template argument deduction/substitution failed:
[0.299s] [01m[K/home/zilch/LTU/Viswa/colcon_ws/src/beamlet_star_path_planner/src/Beamlet.cpp:84:35:[m[K [01;36m[Knote: [m[K  cannot convert ‘[01m[Kcoor1[m[K’ (type ‘[01m[Kconst std::vector<int>[m[K’) to type ‘[01m[Ksigned char[m[K’
[0.299s]    84 |                         output << [01;36m[Kcoor1[m[K;
[0.300s]       |                                   [01;36m[K^~~~~[m[K
[0.300s] [01m[K/usr/include/c++/13/ostream:586:5:[m[K [01;36m[Knote: [m[Kcandidate: ‘[01m[Ktemplate<class _Traits> std::basic_ostream<char, _Traits>& std::[01;32m[Koperator<<[m[K(basic_ostream<char, _Traits>&, unsigned char)[m[K’
[0.300s]   586 |     [01;36m[Koperator[m[K<<(basic_ostream<char, _Traits>& __out, unsigned char __c)
[0.300s]       |     [01;36m[K^~~~~~~~[m[K
[0.300s] [01m[K/usr/include/c++/13/ostream:586:5:[m[K [01;36m[Knote: [m[K  template argument deduction/substitution failed:
[0.300s] [01m[K/home/zilch/LTU/Viswa/colcon_ws/src/beamlet_star_path_planner/src/Beamlet.cpp:84:35:[m[K [01;36m[Knote: [m[K  cannot convert ‘[01m[Kcoor1[m[K’ (type ‘[01m[Kconst std::vector<int>[m[K’) to type ‘[01m[Kunsigned char[m[K’
[0.300s]    84 |                         output << [01;36m[Kcoor1[m[K;
[0.300s]       |                                   [01;36m[K^~~~~[m[K
[0.301s] [01m[K/usr/include/c++/13/ostream:645:5:[m[K [01;36m[Knote: [m[Kcandidate: ‘[01m[Ktemplate<class _CharT, class _Traits> std::basic_ostream<_CharT, _Traits>& std::[01;32m[Koperator<<[m[K(basic_ostream<_CharT, _Traits>&, const _CharT*)[m[K’
[0.301s]   645 |     [01;36m[Koperator[m[K<<(basic_ostream<_CharT, _Traits>& __out, const _CharT* __s)
[0.301s]       |     [01;36m[K^~~~~~~~[m[K
[0.301s] [01m[K/usr/include/c++/13/ostream:645:5:[m[K [01;36m[Knote: [m[K  template argument deduction/substitution failed:
[0.301s] [01m[K/home/zilch/LTU/Viswa/colcon_ws/src/beamlet_star_path_planner/src/Beamlet.cpp:84:35:[m[K [01;36m[Knote: [m[K  mismatched types ‘[01m[Kconst _CharT*[m[K’ and ‘[01m[Kstd::vector<int>[m[K’
[0.301s]    84 |                         output << [01;36m[Kcoor1[m[K;
[0.301s]       |                                   [01;36m[K^~~~~[m[K
[0.301s] [01m[K/usr/include/c++/13/bits/ostream.tcc:307:5:[m[K [01;36m[Knote: [m[Kcandidate: ‘[01m[Ktemplate<class _CharT, class _Traits> std::basic_ostream<_CharT, _Traits>& std::[01;32m[Koperator<<[m[K(basic_ostream<_CharT, _Traits>&, const char*)[m[K’
[0.301s]   307 |     [01;36m[Koperator[m[K<<(basic_ostream<_CharT, _Traits>& __out, const char* __s)
[0.301s]       |     [01;36m[K^~~~~~~~[m[K
[0.302s] [01m[K/usr/include/c++/13/bits/ostream.tcc:307:5:[m[K [01;36m[Knote: [m[K  template argument deduction/substitution failed:
[0.302s] [01m[K/home/zilch/LTU/Viswa/colcon_ws/src/beamlet_star_path_planner/src/Beamlet.cpp:84:35:[m[K [01;36m[Knote: [m[K  cannot convert ‘[01m[Kcoor1[m[K’ (type ‘[01m[Kconst std::vector<int>[m[K’) to type ‘[01m[Kconst char*[m[K’
[0.302s]    84 |                         output << [01;36m[Kcoor1[m[K;
[0.302s]       |                                   [01;36m[K^~~~~[m[K
[0.302s] [01m[K/usr/include/c++/13/ostream:662:5:[m[K [01;36m[Knote: [m[Kcandidate: ‘[01m[Ktemplate<class _Traits> std::basic_ostream<char, _Traits>& std::[01;32m[Koperator<<[m[K(basic_ostream<char, _Traits>&, const char*)[m[K’
[0.302s]   662 |     [01;36m[Koperator[m[K<<(basic_ostream<char, _Traits>& __out, const char* __s)
[0.302s]       |     [01;36m[K^~~~~~~~[m[K
[0.302s] [01m[K/usr/include/c++/13/ostream:662:5:[m[K [01;36m[Knote: [m[K  template argument deduction/substitution failed:
[0.302s] [01m[K/home/zilch/LTU/Viswa/colcon_ws/src/beamlet_star_path_planner/src/Beamlet.cpp:84:35:[m[K [01;36m[Knote: [m[K  cannot convert ‘[01m[Kcoor1[m[K’ (type ‘[01m[Kconst std::vector<int>[m[K’) to type ‘[01m[Kconst char*[m[K’
[0.302s]    84 |                         output << [01;36m[Kcoor1[m[K;
[0.303s]       |                                   [01;36m[K^~~~~[m[K
[0.303s] [01m[K/usr/include/c++/13/ostream:675:5:[m[K [01;36m[Knote: [m[Kcandidate: ‘[01m[Ktemplate<class _Traits> std::basic_ostream<char, _Traits>& std::[01;32m[Koperator<<[m[K(basic_ostream<char, _Traits>&, const signed char*)[m[K’
[0.303s]   675 |     [01;36m[Koperator[m[K<<(basic_ostream<char, _Traits>& __out, const signed char* __s)
[0.303s]       |     [01;36m[K^~~~~~~~[m[K
[0.303s] [01m[K/usr/include/c++/13/ostream:675:5:[m[K [01;36m[Knote: [m[K  template argument deduction/substitution failed:
[0.303s] [01m[K/home/zilch/LTU/Viswa/colcon_ws/src/beamlet_star_path_planner/src/Beamlet.cpp:84:35:[m[K [01;36m[Knote: [m[K  cannot convert ‘[01m[Kcoor1[m[K’ (type ‘[01m[Kconst std::vector<int>[m[K’) to type ‘[01m[Kconst signed char*[m[K’
[0.303s]    84 |                         output << [01;36m[Kcoor1[m[K;
[0.303s]       |                                   [01;36m[K^~~~~[m[K
[0.303s] [01m[K/usr/include/c++/13/ostream:680:5:[m[K [01;36m[Knote: [m[Kcandidate: ‘[01m[Ktemplate<class _Traits> std::basic_ostream<char, _Traits>& std::[01;32m[Koperator<<[m[K(basic_ostream<char, _Traits>&, const unsigned char*)[m[K’
[0.304s]   680 |     [01;36m[Koperator[m[K<<(basic_ostream<char, _Traits>& __out, const unsigned char* __s)
[0.304s]       |     [01;36m[K^~~~~~~~[m[K
[0.304s] [01m[K/usr/include/c++/13/ostream:680:5:[m[K [01;36m[Knote: [m[K  template argument deduction/substitution failed:
[0.304s] [01m[K/home/zilch/LTU/Viswa/colcon_ws/src/beamlet_star_path_planner/src/Beamlet.cpp:84:35:[m[K [01;36m[Knote: [m[K  cannot convert ‘[01m[Kcoor1[m[K’ (type ‘[01m[Kconst std::vector<int>[m[K’) to type ‘[01m[Kconst unsigned char*[m[K’
[0.304s]    84 |                         output << [01;36m[Kcoor1[m[K;
[0.304s]       |                                   [01;36m[K^~~~~[m[K
[0.304s] [01m[K/usr/include/c++/13/ostream:801:5:[m[K [01;36m[Knote: [m[Kcandidate: ‘[01m[Ktemplate<class _Ostream, class _Tp> _Ostream&& std::[01;32m[Koperator<<[m[K(_Ostream&&, const _Tp&)[m[K’
[0.304s]   801 |     [01;36m[Koperator[m[K<<(_Ostream&& __os, const _Tp& __x)
[0.304s]       |     [01;36m[K^~~~~~~~[m[K
[0.304s] [01m[K/usr/include/c++/13/ostream:801:5:[m[K [01;36m[Knote: [m[K  template argument deduction/substitution failed:
[0.305s] /usr/include/c++/13/ostream: In substitution of ‘[01m[Ktemplate<class _Ostream, class _Tp> _Ostream&& std::[01;32m[Koperator<<[m[K(_Ostream&&, const _Tp&) [35m[K[with _Ostream = std::basic_ostream<char>&; _Tp = std::vector<int>][m[K[m[K’:
[0.305s] [01m[K/home/zilch/LTU/Viswa/colcon_ws/src/beamlet_star_path_planner/src/Beamlet.cpp:84:14:[m[K   required from here
[0.305s] [01m[K/usr/include/c++/13/ostream:801:5:[m[K [01;31m[Kerror: [m[Kno type named ‘[01m[Ktype[m[K’ in ‘[01m[Kstruct std::enable_if<false, void>[m[K’
[0.305s] [01m[K/home/zilch/LTU/Viswa/colcon_ws/src/beamlet_star_path_planner/src/Beamlet.cpp:77:1:[m[K [01;36m[Knote: [m[Kcandidate: ‘[01m[Kstd::ostream&[01;32m[K operator<<[m[K(std::ostream&, const Beamlet&)[m[K’
[0.305s]    77 | [01;36m[Koperator[m[K<<(std::ostream & output, const Beamlet & beamlet)
[0.305s]       | [01;36m[K^~~~~~~~[m[K
[0.305s] [01m[K/home/zilch/LTU/Viswa/colcon_ws/src/beamlet_star_path_planner/src/Beamlet.cpp:77:51:[m[K [01;36m[Knote: [m[K  no known conversion for argument 2 from ‘[01m[Kconst std::vector<int>[m[K’ to ‘[01m[Kconst Beamlet&[m[K’
[0.305s]    77 | operator<<(std::ostream & output, [01;36m[Kconst Beamlet & beamlet[m[K)
[0.305s]       |                                   [01;36m[K~~~~~~~~~~~~~~~~^~~~~~~[m[K
[0.305s] [01m[K/home/zilch/LTU/Viswa/colcon_ws/src/beamlet_star_path_planner/src/Beamlet.cpp:98:32:[m[K [01;31m[Kerror: [m[Kno match for ‘[01m[Koperator<<[m[K’ (operand types are ‘[01m[Kstd::ostream[m[K’ {aka ‘[01m[Kstd::basic_ostream<char>[m[K’} and ‘[01m[Kconst std::vector<int>[m[K’)
[0.306s]    98 |                         [32m[Koutput[m[K [01;31m[K<<[m[K [34m[Kcoor2[m[K;
[0.306s]       |                         [32m[K~~~~~~[m[K [01;31m[K^~[m[K [34m[K~~~~~[m[K
[0.306s]       |                         [32m[K|[m[K         [34m[K|[m[K
[0.306s]       |                         [32m[K|[m[K         [34m[Kconst std::vector<int>[m[K
[0.306s]       |                         [32m[Kstd::ostream {aka std::basic_ostream<char>}[m[K
[0.306s] [01m[K/usr/include/c++/13/ostream:110:7:[m[K [01;36m[Knote: [m[Kcandidate: ‘[01m[Kstd::basic_ostream<_CharT, _Traits>::__ostream_type& std::basic_ostream<_CharT, _Traits>::[01;32m[Koperator<<[m[K(__ostream_type& (*)(__ostream_type&)) [35m[K[with _CharT = char; _Traits = std::char_traits<char>; __ostream_type = std::basic_ostream<char>][m[K[m[K’
[0.306s]   110 |       [01;36m[Koperator[m[K<<(__ostream_type& (*__pf)(__ostream_type&))
[0.306s]       |       [01;36m[K^~~~~~~~[m[K
[0.306s] [01m[K/usr/include/c++/13/ostream:110:36:[m[K [01;36m[Knote: [m[K  no known conversion for argument 1 from ‘[01m[Kconst std::vector<int>[m[K’ to ‘[01m[Kstd::basic_ostream<char>::__ostream_type& (*)(std::basic_ostream<char>::__ostream_type&)[m[K’ {aka ‘[01m[Kstd::basic_ostream<char>& (*)(std::basic_ostream<char>&)[m[K’}
[0.306s]   110 |       operator<<([01;36m[K__ostream_type& (*__pf)(__ostream_type&)[m[K)
[0.307s]       |                  [01;36m[K~~~~~~~~~~~~~~~~~~^~~~~~~~~~~~~~~~~~~~~~[m[K
[0.307s] [01m[K/usr/include/c++/13/ostream:119:7:[m[K [01;36m[Knote: [m[Kcandidate: ‘[01m[Kstd::basic_ostream<_CharT, _Traits>::__ostream_type& std::basic_ostream<_CharT, _Traits>::[01;32m[Koperator<<[m[K(__ios_type& (*)(__ios_type&)) [35m[K[with _CharT = char; _Traits = std::char_traits<char>; __ostream_type = std::basic_ostream<char>; __ios_type = std::basic_ios<char>][m[K[m[K’
[0.307s]   119 |       [01;36m[Koperator[m[K<<(__ios_type& (*__pf)(__ios_type&))
[0.307s]       |       [01;36m[K^~~~~~~~[m[K
[0.307s] [01m[K/usr/include/c++/13/ostream:119:32:[m[K [01;36m[Knote: [m[K  no known conversion for argument 1 from ‘[01m[Kconst std::vector<int>[m[K’ to ‘[01m[Kstd::basic_ostream<char>::__ios_type& (*)(std::basic_ostream<char>::__ios_type&)[m[K’ {aka ‘[01m[Kstd::basic_ios<char>& (*)(std::basic_ios<char>&)[m[K’}
[0.307s]   119 |       operator<<([01;36m[K__ios_type& (*__pf)(__ios_type&)[m[K)
[0.307s]       |                  [01;36m[K~~~~~~~~~~~~~~^~~~~~~~~~~~~~~~~~[m[K
[0.307s] [01m[K/usr/include/c++/13/ostream:129:7:[m[K [01;36m[Knote: [m[Kcandidate: ‘[01m[Kstd::basic_ostream<_CharT, _Traits>::__ostream_type& std::basic_ostream<_CharT, _Traits>::[01;32m[Koperator<<[m[K(std::ios_base& (*)(std::ios_base&)) [35m[K[with _CharT = char; _Traits = std::char_traits<char>; __ostream_type = std::basic_ostream<char>][m[K[m[K’
[0.307s]   129 |       [01;36m[Koperator[m[K<<(ios_base& (*__pf) (ios_base&))
[0.307s]       |       [01;36m[K^~~~~~~~[m[K
[0.308s] [01m[K/usr/include/c++/13/ostream:129:30:[m[K [01;36m[Knote: [m[K  no known conversion for argument 1 from ‘[01m[Kconst std::vector<int>[m[K’ to ‘[01m[Kstd::ios_base& (*)(std::ios_base&)[m[K’
[0.308s]   129 |       operator<<([01;36m[Kios_base& (*__pf) (ios_base&)[m[K)
[0.308s]       |                  [01;36m[K~~~~~~~~~~~~^~~~~~~~~~~~~~~~~[m[K
[0.308s] [01m[K/usr/include/c++/13/ostream:168:7:[m[K [01;36m[Knote: [m[Kcandidate: ‘[01m[Kstd::basic_ostream<_CharT, _Traits>::__ostream_type& std::basic_ostream<_CharT, _Traits>::[01;32m[Koperator<<[m[K(long int) [35m[K[with _CharT = char; _Traits = std::char_traits<char>; __ostream_type = std::basic_ostream<char>][m[K[m[K’
[0.308s]   168 |       [01;36m[Koperator[m[K<<(long __n)
[0.308s]       |       [01;36m[K^~~~~~~~[m[K
[0.308s] [01m[K/usr/include/c++/13/ostream:168:23:[m[K [01;36m[Knote: [m[K  no known conversion for argument 1 from ‘[01m[Kconst std::vector<int>[m[K’ to ‘[01m[Klong int[m[K’
[0.308s]   168 |       operator<<([01;36m[Klong __n[m[K)
[0.308s]       |                  [01;36m[K~~~~~^~~[m[K
[0.308s] [01m[K/usr/include/c++/13/ostream:172:7:[m[K [01;36m[Knote: [m[Kcandidate: ‘[01m[Kstd::basic_ostream<_CharT, _Traits>::__ostream_type& std::basic_ostream<_CharT, _Traits>::[01;32m[Koperator<<[m[K(long unsigned int) [35m[K[with _CharT = char; _Traits = std::char_traits<char>; __ostream_type = std::basic_ostream<char>][m[K[m[K’
[0.309s]   172 |       [01;36m[Koperator[m[K<<(unsigned long __n)
[0.309s]       |       [01;36m[K^~~~~~~~[m[K
[0.309s] [01m[K/usr/include/c++/13/ostream:172:32:[m[K [01;36m[Knote: [m[K  no known conversion for argument 1 from ‘[01m[Kconst std::vector<int>[m[K’ to ‘[01m[Klong unsigned int[m[K’
[0.309s]   172 |       operator<<([01;36m[Kunsigned long __n[m[K)
[0.309s]       |                  [01;36m[K~~~~~~~~~~~~~~^~~[m[K
[0.309s] [01m[K/usr/include/c++/13/ostream:176:7:[m[K [01;36m[Knote: [m[Kcandidate: ‘[01m[Kstd::basic_ostream<_CharT, _Traits>::__ostream_type& std::basic_ostream<_CharT, _Traits>::[01;32m[Koperator<<[m[K(bool) [35m[K[with _CharT = char; _Traits = std::char_traits<char>; __ostream_type = std::basic_ostream<char>][m[K[m[K’
[0.309s]   176 |       [01;36m[Koperator[m[K<<(bool __n)
[0.309s]       |       [01;36m[K^~~~~~~~[m[K
[0.309s] [01m[K/usr/include/c++/13/ostream:176:23:[m[K [01;36m[Knote: [m[K  no known conversion for argument 1 from ‘[01m[Kconst std::vector<int>[m[K’ to ‘[01m[Kbool[m[K’
[0.309s]   176 |       operator<<([01;36m[Kbool __n[m[K)
[0.309s]       |                  [01;36m[K~~~~~^~~[m[K
[0.310s] [01m[K/usr/include/c++/13/bits/ostream.tcc:96:5:[m[K [01;36m[Knote: [m[Kcandidate: ‘[01m[Kstd::basic_ostream<_CharT, _Traits>& std::basic_ostream<_CharT, _Traits>::[01;32m[Koperator<<[m[K(short int) [35m[K[with _CharT = char; _Traits = std::char_traits<char>][m[K[m[K’
[0.310s]    96 |     [01;36m[Kbasic_ostream<_CharT, _Traits>[m[K::
[0.310s]       |     [01;36m[K^~~~~~~~~~~~~~~~~~~~~~~~~~~~~~[m[K
[0.310s] [01m[K/usr/include/c++/13/bits/ostream.tcc:97:22:[m[K [01;36m[Knote: [m[K  no known conversion for argument 1 from ‘[01m[Kconst std::vector<int>[m[K’ to ‘[01m[Kshort int[m[K’
[0.310s]    97 |     operator<<([01;36m[Kshort __n[m[K)
[0.310s]       |                [01;36m[K~~~~~~^~~[m[K
[0.310s] [01m[K/usr/include/c++/13/ostream:183:7:[m[K [01;36m[Knote: [m[Kcandidate: ‘[01m[Kstd::basic_ostream<_CharT, _Traits>::__ostream_type& std::basic_ostream<_CharT, _Traits>::[01;32m[Koperator<<[m[K(short unsigned int) [35m[K[with _CharT = char; _Traits = std::char_traits<char>; __ostream_type = std::basic_ostream<char>][m[K[m[K’
[0.310s]   183 |       [01;36m[Koperator[m[K<<(unsigned short __n)
[0.310s]       |       [01;36m[K^~~~~~~~[m[K
[0.310s] [01m[K/usr/include/c++/13/ostream:183:33:[m[K [01;36m[Knote: [m[K  no known conversion for argument 1 from ‘[01m[Kconst std::vector<int>[m[K’ to ‘[01m[Kshort unsigned int[m[K’
[0.311s]   183 |       operator<<([01;36m[Kunsigned short __n[m[K)
[0.311s]       |                  [01;36m[K~~~~~~~~~~~~~~~^~~[m[K
[0.311s] [01m[K/usr/include/c++/13/bits/ostream.tcc:110:5:[m[K [01;36m[Knote: [m[Kcandidate: ‘[01m[Kstd::basic_ostream<_CharT, _Traits>& std::basic_ostream<_CharT, _Traits>::[01;32m[Koperator<<[m[K(int) [35m[K[with _CharT = char; _Traits = std::char_traits<char>][m[K[m[K’
[0.311s]   110 |     [01;36m[Kbasic_ostream<_CharT, _Traits>[m[K::
[0.311s]       |     [01;36m[K^~~~~~~~~~~~~~~~~~~~~~~~~~~~~~[m[K
[0.311s] [01m[K/usr/include/c++/13/bits/ostream.tcc:111:20:[m[K [01;36m[Knote: [m[K  no known conversion for argument 1 from ‘[01m[Kconst std::vector<int>[m[K’ to ‘[01m[Kint[m[K’
[0.311s]   111 |     operator<<([01;36m[Kint __n[m[K)
[0.311s]       |                [01;36m[K~~~~^~~[m[K
[0.311s] [01m[K/usr/include/c++/13/ostream:194:7:[m[K [01;36m[Knote: [m[Kcandidate: ‘[01m[Kstd::basic_ostream<_CharT, _Traits>::__ostream_type& std::basic_ostream<_CharT, _Traits>::[01;32m[Koperator<<[m[K(unsigned int) [35m[K[with _CharT = char; _Traits = std::char_traits<char>; __ostream_type = std::basic_ostream<char>][m[K[m[K’
[0.311s]   194 |       [01;36m[Koperator[m[K<<(unsigned int __n)
[0.312s]       |       [01;36m[K^~~~~~~~[m[K
[0.312s] [01m[K/usr/include/c++/13/ostream:194:31:[m[K [01;36m[Knote: [m[K  no known conversion for argument 1 from ‘[01m[Kconst std::vector<int>[m[K’ to ‘[01m[Kunsigned int[m[K’
[0.312s]   194 |       operator<<([01;36m[Kunsigned int __n[m[K)
[0.312s]       |                  [01;36m[K~~~~~~~~~~~~~^~~[m[K
[0.312s] [01m[K/usr/include/c++/13/ostream:203:7:[m[K [01;36m[Knote: [m[Kcandidate: ‘[01m[Kstd::basic_ostream<_CharT, _Traits>::__ostream_type& std::basic_ostream<_CharT, _Traits>::[01;32m[Koperator<<[m[K(long long int) [35m[K[with _CharT = char; _Traits = std::char_traits<char>; __ostream_type = std::basic_ostream<char>][m[K[m[K’
[0.312s]   203 |       [01;36m[Koperator[m[K<<(long long __n)
[0.312s]       |       [01;36m[K^~~~~~~~[m[K
[0.312s] [01m[K/usr/include/c++/13/ostream:203:28:[m[K [01;36m[Knote: [m[K  no known conversion for argument 1 from ‘[01m[Kconst std::vector<int>[m[K’ to ‘[01m[Klong long int[m[K’
[0.312s]   203 |       operator<<([01;36m[Klong long __n[m[K)
[0.312s]       |                  [01;36m[K~~~~~~~~~~^~~[m[K
[0.313s] [01m[K/usr/include/c++/13/ostream:207:7:[m[K [01;36m[Knote: [m[Kcandidate: ‘[01m[Kstd::basic_ostream<_CharT, _Traits>::__ostream_type& std::basic_ostream<_CharT, _Traits>::[01;32m[Koperator<<[m[K(long long unsigned int) [35m[K[with _CharT = char; _Traits = std::char_traits<char>; __ostream_type = std::basic_ostream<char>][m[K[m[K’
[0.313s]   207 |       [01;36m[Koperator[m[K<<(unsigned long long __n)
[0.313s]       |       [01;36m[K^~~~~~~~[m[K
[0.313s] [01m[K/usr/include/c++/13/ostream:207:37:[m[K [01;36m[Knote: [m[K  no known conversion for argument 1 from ‘[01m[Kconst std::vector<int>[m[K’ to ‘[01m[Klong long unsigned int[m[K’
[0.313s]   207 |       operator<<([01;36m[Kunsigned long long __n[m[K)
[0.313s]       |                  [01;36m[K~~~~~~~~~~~~~~~~~~~^~~[m[K
[0.313s] [01m[K/usr/include/c++/13/ostream:222:7:[m[K [01;36m[Knote: [m[Kcandidate: ‘[01m[Kstd::basic_ostream<_CharT, _Traits>::__ostream_type& std::basic_ostream<_CharT, _Traits>::[01;32m[Koperator<<[m[K(double) [35m[K[with _CharT = char; _Traits = std::char_traits<char>; __ostream_type = std::basic_ostream<char>][m[K[m[K’
[0.313s]   222 |       [01;36m[Koperator[m[K<<(double __f)
[0.313s]       |       [01;36m[K^~~~~~~~[m[K
[0.313s] [01m[K/usr/include/c++/13/ostream:222:25:[m[K [01;36m[Knote: [m[K  no known conversion for argument 1 from ‘[01m[Kconst std::vector<int>[m[K’ to ‘[01m[Kdouble[m[K’
[0.314s]   222 |       operator<<([01;36m[Kdouble __f[m[K)
[0.314s]       |                  [01;36m[K~~~~~~~^~~[m[K
[0.314s] [01m[K/usr/include/c++/13/ostream:226:7:[m[K [01;36m[Knote: [m[Kcandidate: ‘[01m[Kstd::basic_ostream<_CharT, _Traits>::__ostream_type& std::basic_ostream<_CharT, _Traits>::[01;32m[Koperator<<[m[K(float) [35m[K[with _CharT = char; _Traits = std::char_traits<char>; __ostream_type = std::basic_ostream<char>][m[K[m[K’
[0.314s]   226 |       [01;36m[Koperator[m[K<<(float __f)
[0.314s]       |       [01;36m[K^~~~~~~~[m[K
[0.314s] [01m[K/usr/include/c++/13/ostream:226:24:[m[K [01;36m[Knote: [m[K  no known conversion for argument 1 from ‘[01m[Kconst std::vector<int>[m[K’ to ‘[01m[Kfloat[m[K’
[0.314s]   226 |       operator<<([01;36m[Kfloat __f[m[K)
[0.314s]       |                  [01;36m[K~~~~~~^~~[m[K
[0.314s] [01m[K/usr/include/c++/13/ostream:234:7:[m[K [01;36m[Knote: [m[Kcandidate: ‘[01m[Kstd::basic_ostream<_CharT, _Traits>::__ostream_type& std::basic_ostream<_CharT, _Traits>::[01;32m[Koperator<<[m[K(long double) [35m[K[with _CharT = char; _Traits = std::char_traits<char>; __ostream_type = std::basic_ostream<char>][m[K[m[K’
[0.314s]   234 |       [01;36m[Koperator[m[K<<(long double __f)
[0.314s]       |       [01;36m[K^~~~~~~~[m[K
[0.315s] [01m[K/usr/include/c++/13/ostream:234:30:[m[K [01;36m[Knote: [m[K  no known conversion for argument 1 from ‘[01m[Kconst std::vector<int>[m[K’ to ‘[01m[Klong double[m[K’
[0.315s]   234 |       operator<<([01;36m[Klong double __f[m[K)
[0.315s]       |                  [01;36m[K~~~~~~~~~~~~^~~[m[K
[0.315s] [01m[K/usr/include/c++/13/ostream:292:7:[m[K [01;36m[Knote: [m[Kcandidate: ‘[01m[Kstd::basic_ostream<_CharT, _Traits>::__ostream_type& std::basic_ostream<_CharT, _Traits>::[01;32m[Koperator<<[m[K(const void*) [35m[K[with _CharT = char; _Traits = std::char_traits<char>; __ostream_type = std::basic_ostream<char>][m[K[m[K’
[0.315s]   292 |       [01;36m[Koperator[m[K<<(const void* __p)
[0.315s]       |       [01;36m[K^~~~~~~~[m[K
[0.315s] [01m[K/usr/include/c++/13/ostream:292:30:[m[K [01;36m[Knote: [m[K  no known conversion for argument 1 from ‘[01m[Kconst std::vector<int>[m[K’ to ‘[01m[Kconst void*[m[K’
[0.315s]   292 |       operator<<([01;36m[Kconst void* __p[m[K)
[0.315s]       |                  [01;36m[K~~~~~~~~~~~~^~~[m[K
[0.315s] [01m[K/usr/include/c++/13/ostream:297:7:[m[K [01;36m[Knote: [m[Kcandidate: ‘[01m[Kstd::basic_ostream<_CharT, _Traits>::__ostream_type& std::basic_ostream<_CharT, _Traits>::[01;32m[Koperator<<[m[K(std::nullptr_t) [35m[K[with _CharT = char; _Traits = std::char_traits<char>; __ostream_type = std::basic_ostream<char>; std::nullptr_t = std::nullptr_t][m[K[m[K’
[0.316s]   297 |       [01;36m[Koperator[m[K<<(nullptr_t)
[0.316s]       |       [01;36m[K^~~~~~~~[m[K
[0.316s] [01m[K/usr/include/c++/13/ostream:297:18:[m[K [01;36m[Knote: [m[K  no known conversion for argument 1 from ‘[01m[Kconst std::vector<int>[m[K’ to ‘[01m[Kstd::nullptr_t[m[K’
[0.316s]   297 |       operator<<([01;36m[Knullptr_t[m[K)
[0.316s]       |                  [01;36m[K^~~~~~~~~[m[K
[0.316s] [01m[K/usr/include/c++/13/bits/ostream.tcc:124:5:[m[K [01;36m[Knote: [m[Kcandidate: ‘[01m[Kstd::basic_ostream<_CharT, _Traits>& std::basic_ostream<_CharT, _Traits>::[01;32m[Koperator<<[m[K(__streambuf_type*) [35m[K[with _CharT = char; _Traits = std::char_traits<char>; __streambuf_type = std::basic_streambuf<char>][m[K[m[K’
[0.316s]   124 |     [01;36m[Kbasic_ostream<_CharT, _Traits>[m[K::
[0.316s]       |     [01;36m[K^~~~~~~~~~~~~~~~~~~~~~~~~~~~~~[m[K
[0.316s] [01m[K/usr/include/c++/13/bits/ostream.tcc:125:34:[m[K [01;36m[Knote: [m[K  no known conversion for argument 1 from ‘[01m[Kconst std::vector<int>[m[K’ to ‘[01m[Kstd::basic_ostream<char>::__streambuf_type*[m[K’ {aka ‘[01m[Kstd::basic_streambuf<char>*[m[K’}
[0.316s]   125 |     operator<<([01;36m[K__streambuf_type* __sbin[m[K)
[0.317s]       |                [01;36m[K~~~~~~~~~~~~~~~~~~^~~~~~[m[K
[0.317s] [01m[K/usr/include/c++/13/cstddef:124:5:[m[K [01;36m[Knote: [m[Kcandidate: ‘[01m[Ktemplate<class _IntegerType> constexpr std::__byte_op_t<_IntegerType> std::[01;32m[Koperator<<[m[K(byte, _IntegerType)[m[K’
[0.317s]   124 |     [01;36m[Koperator[m[K<<(byte __b, _IntegerType __shift) noexcept
[0.317s]       |     [01;36m[K^~~~~~~~[m[K
[0.317s] [01m[K/usr/include/c++/13/cstddef:124:5:[m[K [01;36m[Knote: [m[K  template argument deduction/substitution failed:
[0.317s] [01m[K/home/zilch/LTU/Viswa/colcon_ws/src/beamlet_star_path_planner/src/Beamlet.cpp:98:25:[m[K [01;36m[Knote: [m[K  cannot convert ‘[01m[Koutput[m[K’ (type ‘[01m[Kstd::ostream[m[K’ {aka ‘[01m[Kstd::basic_ostream<char>[m[K’}) to type ‘[01m[Kstd::byte[m[K’
[0.317s]    98 |                         [01;36m[Koutput[m[K << coor2;
[0.317s]       |                         [01;36m[K^~~~~~[m[K
[0.317s] [01m[K/usr/include/c++/13/string_view:761:5:[m[K [01;36m[Knote: [m[Kcandidate: ‘[01m[Ktemplate<class _CharT, class _Traits> std::basic_ostream<_CharT, _Traits>& std::[01;32m[Koperator<<[m[K(basic_ostream<_CharT, _Traits>&, basic_string_view<_CharT, _Traits>)[m[K’
[0.317s]   761 |     [01;36m[Koperator[m[K<<(basic_ostream<_CharT, _Traits>& __os,
[0.318s]       |     [01;36m[K^~~~~~~~[m[K
[0.318s] [01m[K/usr/include/c++/13/string_view:761:5:[m[K [01;36m[Knote: [m[K  template argument deduction/substitution failed:
[0.318s] [01m[K/home/zilch/LTU/Viswa/colcon_ws/src/beamlet_star_path_planner/src/Beamlet.cpp:98:35:[m[K [01;36m[Knote: [m[K  ‘[01m[Kstd::vector<int>[m[K’ is not derived from ‘[01m[Kstd::basic_string_view<_CharT, _Traits>[m[K’
[0.318s]    98 |                         output << [01;36m[Kcoor2[m[K;
[0.318s]       |                                   [01;36m[K^~~~~[m[K
[0.318s] [01m[K/usr/include/c++/13/bits/basic_string.h:4032:5:[m[K [01;36m[Knote: [m[Kcandidate: ‘[01m[Ktemplate<class _CharT, class _Traits, class _Alloc> std::basic_ostream<_CharT, _Traits>& std::[01;32m[Koperator<<[m[K(basic_ostream<_CharT, _Traits>&, const __cxx11::basic_string<_CharT, _Traits, _Allocator>&)[m[K’
[0.318s]  4032 |     [01;36m[Koperator[m[K<<(basic_ostream<_CharT, _Traits>& __os,
[0.318s]       |     [01;36m[K^~~~~~~~[m[K
[0.318s] [01m[K/usr/include/c++/13/bits/basic_string.h:4032:5:[m[K [01;36m[Knote: [m[K  template argument deduction/substitution failed:
[0.318s] [01m[K/home/zilch/LTU/Viswa/colcon_ws/src/beamlet_star_path_planner/src/Beamlet.cpp:98:35:[m[K [01;36m[Knote: [m[K  ‘[01m[Kconst std::vector<int>[m[K’ is not derived from ‘[01m[Kconst std::__cxx11::basic_string<_CharT, _Traits, _Allocator>[m[K’
[0.319s]    98 |                         output << [01;36m[Kcoor2[m[K;
[0.319s]       |                                   [01;36m[K^~~~~[m[K
[0.319s] [01m[K/usr/include/c++/13/system_error:339:5:[m[K [01;36m[Knote: [m[Kcandidate: ‘[01m[Ktemplate<class _CharT, class _Traits> std::basic_ostream<_CharT, _Traits>& std::[01;32m[Koperator<<[m[K(basic_ostream<_CharT, _Traits>&, const error_code&)[m[K’
[0.319s]   339 |     [01;36m[Koperator[m[K<<(basic_ostream<_CharT, _Traits>& __os, const error_code& __e)
[0.319s]       |     [01;36m[K^~~~~~~~[m[K
[0.319s] [01m[K/usr/include/c++/13/system_error:339:5:[m[K [01;36m[Knote: [m[K  template argument deduction/substitution failed:
[0.319s] [01m[K/home/zilch/LTU/Viswa/colcon_ws/src/beamlet_star_path_planner/src/Beamlet.cpp:98:35:[m[K [01;36m[Knote: [m[K  cannot convert ‘[01m[Kcoor2[m[K’ (type ‘[01m[Kconst std::vector<int>[m[K’) to type ‘[01m[Kconst std::error_code&[m[K’
[0.319s]    98 |                         output << [01;36m[Kcoor2[m[K;
[0.319s]       |                                   [01;36m[K^~~~~[m[K
[0.319s] [01m[K/usr/include/c++/13/ostream:554:5:[m[K [01;36m[Knote: [m[Kcandidate: ‘[01m[Ktemplate<class _CharT, class _Traits> std::basic_ostream<_CharT, _Traits>& std::[01;32m[Koperator<<[m[K(basic_ostream<_CharT, _Traits>&, _CharT)[m[K’
[0.320s]   554 |     [01;36m[Koperator[m[K<<(basic_ostream<_CharT, _Traits>& __out, _CharT __c)
[0.320s]       |     [01;36m[K^~~~~~~~[m[K
[0.320s] [01m[K/usr/include/c++/13/ostream:554:5:[m[K [01;36m[Knote: [m[K  template argument deduction/substitution failed:
[0.320s] [01m[K/home/zilch/LTU/Viswa/colcon_ws/src/beamlet_star_path_planner/src/Beamlet.cpp:98:35:[m[K [01;36m[Knote: [m[K  deduced conflicting types for parameter ‘[01m[K_CharT[m[K’ (‘[01m[Kchar[m[K’ and ‘[01m[Kstd::vector<int>[m[K’)
[0.320s]    98 |                         output << [01;36m[Kcoor2[m[K;
[0.320s]       |                                   [01;36m[K^~~~~[m[K
[0.320s] [01m[K/usr/include/c++/13/ostream:564:5:[m[K [01;36m[Knote: [m[Kcandidate: ‘[01m[Ktemplate<class _CharT, class _Traits> std::basic_ostream<_CharT, _Traits>& std::[01;32m[Koperator<<[m[K(basic_ostream<_CharT, _Traits>&, char)[m[K’
[0.320s]   564 |     [01;36m[Koperator[m[K<<(basic_ostream<_CharT, _Traits>& __out, char __c)
[0.320s]       |     [01;36m[K^~~~~~~~[m[K
[0.320s] [01m[K/usr/include/c++/13/ostream:564:5:[m[K [01;36m[Knote: [m[K  template argument deduction/substitution failed:
[0.321s] [01m[K/home/zilch/LTU/Viswa/colcon_ws/src/beamlet_star_path_planner/src/Beamlet.cpp:98:35:[m[K [01;36m[Knote: [m[K  cannot convert ‘[01m[Kcoor2[m[K’ (type ‘[01m[Kconst std::vector<int>[m[K’) to type ‘[01m[Kchar[m[K’
[0.321s]    98 |                         output << [01;36m[Kcoor2[m[K;
[0.321s]       |                                   [01;36m[K^~~~~[m[K
[0.321s] [01m[K/usr/include/c++/13/ostream:570:5:[m[K [01;36m[Knote: [m[Kcandidate: ‘[01m[Ktemplate<class _Traits> std::basic_ostream<char, _Traits>& std::[01;32m[Koperator<<[m[K(basic_ostream<char, _Traits>&, char)[m[K’
[0.321s]   570 |     [01;36m[Koperator[m[K<<(basic_ostream<char, _Traits>& __out, char __c)
[0.321s]       |     [01;36m[K^~~~~~~~[m[K
[0.321s] [01m[K/usr/include/c++/13/ostream:570:5:[m[K [01;36m[Knote: [m[K  template argument deduction/substitution failed:
[0.321s] [01m[K/home/zilch/LTU/Viswa/colcon_ws/src/beamlet_star_path_planner/src/Beamlet.cpp:98:35:[m[K [01;36m[Knote: [m[K  cannot convert ‘[01m[Kcoor2[m[K’ (type ‘[01m[Kconst std::vector<int>[m[K’) to type ‘[01m[Kchar[m[K’
[0.321s]    98 |                         output << [01;36m[Kcoor2[m[K;
[0.321s]       |                                   [01;36m[K^~~~~[m[K
[0.322s] [01m[K/usr/include/c++/13/ostream:581:5:[m[K [01;36m[Knote: [m[Kcandidate: ‘[01m[Ktemplate<class _Traits> std::basic_ostream<char, _Traits>& std::[01;32m[Koperator<<[m[K(basic_ostream<char, _Traits>&, signed char)[m[K’
[0.322s]   581 |     [01;36m[Koperator[m[K<<(basic_ostream<char, _Traits>& __out, signed char __c)
[0.322s]       |     [01;36m[K^~~~~~~~[m[K
[0.322s] [01m[K/usr/include/c++/13/ostream:581:5:[m[K [01;36m[Knote: [m[K  template argument deduction/substitution failed:
[0.322s] [01m[K/home/zilch/LTU/Viswa/colcon_ws/src/beamlet_star_path_planner/src/Beamlet.cpp:98:35:[m[K [01;36m[Knote: [m[K  cannot convert ‘[01m[Kcoor2[m[K’ (type ‘[01m[Kconst std::vector<int>[m[K’) to type ‘[01m[Ksigned char[m[K’
[0.322s]    98 |                         output << [01;36m[Kcoor2[m[K;
[0.322s]       |                                   [01;36m[K^~~~~[m[K
[0.322s] [01m[K/usr/include/c++/13/ostream:586:5:[m[K [01;36m[Knote: [m[Kcandidate: ‘[01m[Ktemplate<class _Traits> std::basic_ostream<char, _Traits>& std::[01;32m[Koperator<<[m[K(basic_ostream<char, _Traits>&, unsigned char)[m[K’
[0.322s]   586 |     [01;36m[Koperator[m[K<<(basic_ostream<char, _Traits>& __out, unsigned char __c)
[0.322s]       |     [01;36m[K^~~~~~~~[m[K
[0.322s] [01m[K/usr/include/c++/13/ostream:586:5:[m[K [01;36m[Knote: [m[K  template argument deduction/substitution failed:
[0.323s] [01m[K/home/zilch/LTU/Viswa/colcon_ws/src/beamlet_star_path_planner/src/Beamlet.cpp:98:35:[m[K [01;36m[Knote: [m[K  cannot convert ‘[01m[Kcoor2[m[K’ (type ‘[01m[Kconst std::vector<int>[m[K’) to type ‘[01m[Kunsigned char[m[K’
[0.323s]    98 |                         output << [01;36m[Kcoor2[m[K;
[0.323s]       |                                   [01;36m[K^~~~~[m[K
[0.323s] [01m[K/usr/include/c++/13/ostream:645:5:[m[K [01;36m[Knote: [m[Kcandidate: ‘[01m[Ktemplate<class _CharT, class _Traits> std::basic_ostream<_CharT, _Traits>& std::[01;32m[Koperator<<[m[K(basic_ostream<_CharT, _Traits>&, const _CharT*)[m[K’
[0.323s]   645 |     [01;36m[Koperator[m[K<<(basic_ostream<_CharT, _Traits>& __out, const _CharT* __s)
[0.323s]       |     [01;36m[K^~~~~~~~[m[K
[0.323s] [01m[K/usr/include/c++/13/ostream:645:5:[m[K [01;36m[Knote: [m[K  template argument deduction/substitution failed:
[0.323s] [01m[K/home/zilch/LTU/Viswa/colcon_ws/src/beamlet_star_path_planner/src/Beamlet.cpp:98:35:[m[K [01;36m[Knote: [m[K  mismatched types ‘[01m[Kconst _CharT*[m[K’ and ‘[01m[Kstd::vector<int>[m[K’
[0.323s]    98 |                         output << [01;36m[Kcoor2[m[K;
[0.323s]       |                                   [01;36m[K^~~~~[m[K
[0.324s] [01m[K/usr/include/c++/13/bits/ostream.tcc:307:5:[m[K [01;36m[Knote: [m[Kcandidate: ‘[01m[Ktemplate<class _CharT, class _Traits> std::basic_ostream<_CharT, _Traits>& std::[01;32m[Koperator<<[m[K(basic_ostream<_CharT, _Traits>&, const char*)[m[K’
[0.324s]   307 |     [01;36m[Koperator[m[K<<(basic_ostream<_CharT, _Traits>& __out, const char* __s)
[0.324s]       |     [01;36m[K^~~~~~~~[m[K
[0.324s] [01m[K/usr/include/c++/13/bits/ostream.tcc:307:5:[m[K [01;36m[Knote: [m[K  template argument deduction/substitution failed:
[0.324s] [01m[K/home/zilch/LTU/Viswa/colcon_ws/src/beamlet_star_path_planner/src/Beamlet.cpp:98:35:[m[K [01;36m[Knote: [m[K  cannot convert ‘[01m[Kcoor2[m[K’ (type ‘[01m[Kconst std::vector<int>[m[K’) to type ‘[01m[Kconst char*[m[K’
[0.324s]    98 |                         output << [01;36m[Kcoor2[m[K;
[0.324s]       |                                   [01;36m[K^~~~~[m[K
[0.324s] [01m[K/usr/include/c++/13/ostream:662:5:[m[K [01;36m[Knote: [m[Kcandidate: ‘[01m[Ktemplate<class _Traits> std::basic_ostream<char, _Traits>& std::[01;32m[Koperator<<[m[K(basic_ostream<char, _Traits>&, const char*)[m[K’
[0.324s]   662 |     [01;36m[Koperator[m[K<<(basic_ostream<char, _Traits>& __out, const char* __s)
[0.324s]       |     [01;36m[K^~~~~~~~[m[K
[0.325s] [01m[K/usr/include/c++/13/ostream:662:5:[m[K [01;36m[Knote: [m[K  template argument deduction/substitution failed:
[0.325s] [01m[K/home/zilch/LTU/Viswa/colcon_ws/src/beamlet_star_path_planner/src/Beamlet.cpp:98:35:[m[K [01;36m[Knote: [m[K  cannot convert ‘[01m[Kcoor2[m[K’ (type ‘[01m[Kconst std::vector<int>[m[K’) to type ‘[01m[Kconst char*[m[K’
[0.325s]    98 |                         output << [01;36m[Kcoor2[m[K;
[0.325s]       |                                   [01;36m[K^~~~~[m[K
[0.325s] [01m[K/usr/include/c++/13/ostream:675:5:[m[K [01;36m[Knote: [m[Kcandidate: ‘[01m[Ktemplate<class _Traits> std::basic_ostream<char, _Traits>& std::[01;32m[Koperator<<[m[K(basic_ostream<char, _Traits>&, const signed char*)[m[K’
[0.325s]   675 |     [01;36m[Koperator[m[K<<(basic_ostream<char, _Traits>& __out, const signed char* __s)
[0.325s]       |     [01;36m[K^~~~~~~~[m[K
[0.325s] [01m[K/usr/include/c++/13/ostream:675:5:[m[K [01;36m[Knote: [m[K  template argument deduction/substitution failed:
[0.325s] [01m[K/home/zilch/LTU/Viswa/colcon_ws/src/beamlet_star_path_planner/src/Beamlet.cpp:98:35:[m[K [01;36m[Knote: [m[K  cannot convert ‘[01m[Kcoor2[m[K’ (type ‘[01m[Kconst std::vector<int>[m[K’) to type ‘[01m[Kconst signed char*[m[K’
[0.325s]    98 |                         output << [01;36m[Kcoor2[m[K;
[0.326s]       |                                   [01;36m[K^~~~~[m[K
[0.326s] [01m[K/usr/include/c++/13/ostream:680:5:[m[K [01;36m[Knote: [m[Kcandidate: ‘[01m[Ktemplate<class _Traits> std::basic_ostream<char, _Traits>& std::[01;32m[Koperator<<[m[K(basic_ostream<char, _Traits>&, const unsigned char*)[m[K’
[0.326s]   680 |     [01;36m[Koperator[m[K<<(basic_ostream<char, _Traits>& __out, const unsigned char* __s)
[0.326s]       |     [01;36m[K^~~~~~~~[m[K
[0.326s] [01m[K/usr/include/c++/13/ostream:680:5:[m[K [01;36m[Knote: [m[K  template argument deduction/substitution failed:
[0.326s] [01m[K/home/zilch/LTU/Viswa/colcon_ws/src/beamlet_star_path_planner/src/Beamlet.cpp:98:35:[m[K [01;36m[Knote: [m[K  cannot convert ‘[01m[Kcoor2[m[K’ (type ‘[01m[Kconst std::vector<int>[m[K’) to type ‘[01m[Kconst unsigned char*[m[K’
[0.326s]    98 |                         output << [01;36m[Kcoor2[m[K;
[0.326s]       |                                   [01;36m[K^~~~~[m[K
[0.326s] [01m[K/usr/include/c++/13/ostream:801:5:[m[K [01;36m[Knote: [m[Kcandidate: ‘[01m[Ktemplate<class _Ostream, class _Tp> _Ostream&& std::[01;32m[Koperator<<[m[K(_Ostream&&, const _Tp&)[m[K’
[0.326s]   801 |     [01;36m[Koperator[m[K<<(_Ostream&& __os, const _Tp& __x)
[0.327s]       |     [01;36m[K^~~~~~~~[m[K
[0.327s] [01m[K/usr/include/c++/13/ostream:801:5:[m[K [01;36m[Knote: [m[K  template argument deduction/substitution failed:
[0.327s] /usr/include/c++/13/ostream: In substitution of ‘[01m[Ktemplate<class _Ostream, class _Tp> _Ostream&& std::[01;32m[Koperator<<[m[K(_Ostream&&, const _Tp&) [35m[K[with _Ostream = std::basic_ostream<char>&; _Tp = std::vector<int>][m[K[m[K’:
[0.327s] [01m[K/home/zilch/LTU/Viswa/colcon_ws/src/beamlet_star_path_planner/src/Beamlet.cpp:98:14:[m[K   required from here
[0.327s] [01m[K/usr/include/c++/13/ostream:801:5:[m[K [01;31m[Kerror: [m[Kno type named ‘[01m[Ktype[m[K’ in ‘[01m[Kstruct std::enable_if<false, void>[m[K’
[0.327s] [01m[K/home/zilch/LTU/Viswa/colcon_ws/src/beamlet_star_path_planner/src/Beamlet.cpp:77:1:[m[K [01;36m[Knote: [m[Kcandidate: ‘[01m[Kstd::ostream&[01;32m[K operator<<[m[K(std::ostream&, const Beamlet&)[m[K’
[0.327s]    77 | [01;36m[Koperator[m[K<<(std::ostream & output, const Beamlet & beamlet)
[0.327s]       | [01;36m[K^~~~~~~~[m[K
[0.327s] [01m[K/home/zilch/LTU/Viswa/colcon_ws/src/beamlet_star_path_planner/src/Beamlet.cpp:77:51:[m[K [01;36m[Knote: [m[K  no known conversion for argument 2 from ‘[01m[Kconst std::vector<int>[m[K’ to ‘[01m[Kconst Beamlet&[m[K’
[0.327s]    77 | operator<<(std::ostream & output, [01;36m[Kconst Beamlet & beamlet[m[K)
[0.328s]       |                                   [01;36m[K~~~~~~~~~~~~~~~~^~~~~~~[m[K
[0.328s] gmake[2]: *** [CMakeFiles/beamlet_star_node.dir/build.make:132: CMakeFiles/beamlet_star_node.dir/src/Beamlet.cpp.o] Error 1
[0.328s] gmake[2]: *** Waiting for unfinished jobs....
[0.423s] gmake[1]: *** [CMakeFiles/Makefile2:137: CMakeFiles/beamlet_star_node.dir/all] Error 2
[0.423s] gmake: *** [Makefile:146: all] Error 2
[0.426s] Invoked command in '/home/zilch/LTU/Viswa/colcon_ws/src/beamlet_star_path_planner/build/beamlet_star_path_planner' returned '2': CMAKE_PREFIX_PATH=${CMAKE_PREFIX_PATH}:/opt/ros/jazzy /usr/bin/cmake --build /home/zilch/LTU/Viswa/colcon_ws/src/beamlet_star_path_planner/build/beamlet_star_path_planner -- -j12 -l12
