In file included from [01m[K/home/zilch/LTU/Viswa/colcon_ws/src/beamlet_star_path_planner/include/beamlet_star_path_planner/BeamletGraph.h:13[m[K,
                 from [01m[K/home/zilch/LTU/Viswa/colcon_ws/src/beamlet_star_path_planner/include/beamlet_star_path_planner/Point.h:9[m[K,
                 from [01m[K/home/zilch/LTU/Viswa/colcon_ws/src/beamlet_star_path_planner/src/Point.cpp:1[m[K:
[01m[K/home/zilch/LTU/Viswa/colcon_ws/src/beamlet_star_path_planner/include/beamlet_star_path_planner/quadtree.h:19:10:[m[K [01;31m[Kerror: [m[K‘[01m[Kmap[m[K’ in namespace ‘[01m[Kstd[m[K’ does not name a template type
   19 |     std::[01;31m[Kmap[m[K<std::vector<int>, Point*> uniquePoints;
      |          [01;31m[K^~~[m[K
[01m[K/home/zilch/LTU/Viswa/colcon_ws/src/beamlet_star_path_planner/include/beamlet_star_path_planner/quadtree.h:5:1:[m[K [01;36m[Knote: [m[K‘[01m[Kstd::map[m[K’ is defined in header ‘[01m[K<map>[m[K’; did you forget to ‘[01m[K#include <map>[m[K’?
    4 | #include "beamlet_star_path_planner/DyadicObject.h"
  +++ |+[32m[K#include <map>[m[K
    5 | #include "beamlet_star_path_planner/Point.h"
[01m[K/home/zilch/LTU/Viswa/colcon_ws/src/beamlet_star_path_planner/include/beamlet_star_path_planner/quadtree.h:39:10:[m[K [01;31m[Kerror: [m[K‘[01m[Kmap[m[K’ in namespace ‘[01m[Kstd[m[K’ does not name a template type
   39 |     std::[01;31m[Kmap[m[K<std::vector<int>, Point*> getUniqueLeafPoints() const;
      |          [01;31m[K^~~[m[K
[01m[K/home/zilch/LTU/Viswa/colcon_ws/src/beamlet_star_path_planner/include/beamlet_star_path_planner/quadtree.h:39:5:[m[K [01;36m[Knote: [m[K‘[01m[Kstd::map[m[K’ is defined in header ‘[01m[K<map>[m[K’; did you forget to ‘[01m[K#include <map>[m[K’?
   39 |     [01;36m[Kstd[m[K::map<std::vector<int>, Point*> getUniqueLeafPoints() const;
      |     [01;36m[K^~~[m[K
[01m[K/home/zilch/LTU/Viswa/colcon_ws/src/beamlet_star_path_planner/include/beamlet_star_path_planner/quadtree.h:41:28:[m[K [01;31m[Kerror: [m[K‘[01m[Kstd::map[m[K’ has not been declared
   41 |     void printUniquePoints([01;31m[Kstd[m[K::map<std::vector<int>, Point*>& pointMap) const;
      |                            [01;31m[K^~~[m[K
[01m[K/home/zilch/LTU/Viswa/colcon_ws/src/beamlet_star_path_planner/include/beamlet_star_path_planner/quadtree.h:41:36:[m[K [01;31m[Kerror: [m[Kexpected ‘[01m[K,[m[K’ or ‘[01m[K...[m[K’ before ‘[01m[K<[m[K’ token
   41 |     void printUniquePoints(std::map[01;31m[K<[m[Kstd::vector<int>, Point*>& pointMap) const;
      |                                    [01;31m[K^[m[K
In file included from [01m[K/home/zilch/LTU/Viswa/colcon_ws/src/beamlet_star_path_planner/include/beamlet_star_path_planner/BeamletGraph.h:13[m[K,
                 from [01m[K/home/zilch/LTU/Viswa/colcon_ws/src/beamlet_star_path_planner/include/beamlet_star_path_planner/Point.h:9[m[K,
                 from [01m[K/home/zilch/LTU/Viswa/colcon_ws/src/beamlet_star_path_planner/include/beamlet_star_path_planner/Beamlet.h:4[m[K,
                 from [01m[K/home/zilch/LTU/Viswa/colcon_ws/src/beamlet_star_path_planner/src/Beamlet.cpp:1[m[K:
[01m[K/home/zilch/LTU/Viswa/colcon_ws/src/beamlet_star_path_planner/include/beamlet_star_path_planner/quadtree.h:19:10:[m[K [01;31m[Kerror: [m[K‘[01m[Kmap[m[K’ in namespace ‘[01m[Kstd[m[K’ does not name a template type
   19 |     std::[01;31m[Kmap[m[K<std::vector<int>, Point*> uniquePoints;
      |          [01;31m[K^~~[m[K
[01m[K/home/zilch/LTU/Viswa/colcon_ws/src/beamlet_star_path_planner/include/beamlet_star_path_planner/quadtree.h:5:1:[m[K [01;36m[Knote: [m[K‘[01m[Kstd::map[m[K’ is defined in header ‘[01m[K<map>[m[K’; did you forget to ‘[01m[K#include <map>[m[K’?
    4 | #include "beamlet_star_path_planner/DyadicObject.h"
  +++ |+[32m[K#include <map>[m[K
    5 | #include "beamlet_star_path_planner/Point.h"
[01m[K/home/zilch/LTU/Viswa/colcon_ws/src/beamlet_star_path_planner/include/beamlet_star_path_planner/quadtree.h:39:10:[m[K [01;31m[Kerror: [m[K‘[01m[Kmap[m[K’ in namespace ‘[01m[Kstd[m[K’ does not name a template type
   39 |     std::[01;31m[Kmap[m[K<std::vector<int>, Point*> getUniqueLeafPoints() const;
      |          [01;31m[K^~~[m[K
[01m[K/home/zilch/LTU/Viswa/colcon_ws/src/beamlet_star_path_planner/include/beamlet_star_path_planner/quadtree.h:39:5:[m[K [01;36m[Knote: [m[K‘[01m[Kstd::map[m[K’ is defined in header ‘[01m[K<map>[m[K’; did you forget to ‘[01m[K#include <map>[m[K’?
   39 |     [01;36m[Kstd[m[K::map<std::vector<int>, Point*> getUniqueLeafPoints() const;
      |     [01;36m[K^~~[m[K
[01m[K/home/zilch/LTU/Viswa/colcon_ws/src/beamlet_star_path_planner/include/beamlet_star_path_planner/quadtree.h:41:28:[m[K [01;31m[Kerror: [m[K‘[01m[Kstd::map[m[K’ has not been declared
   41 |     void printUniquePoints([01;31m[Kstd[m[K::map<std::vector<int>, Point*>& pointMap) const;
      |                            [01;31m[K^~~[m[K
[01m[K/home/zilch/LTU/Viswa/colcon_ws/src/beamlet_star_path_planner/include/beamlet_star_path_planner/quadtree.h:41:36:[m[K [01;31m[Kerror: [m[Kexpected ‘[01m[K,[m[K’ or ‘[01m[K...[m[K’ before ‘[01m[K<[m[K’ token
   41 |     void printUniquePoints(std::map[01;31m[K<[m[Kstd::vector<int>, Point*>& pointMap) const;
      |                                    [01;31m[K^[m[K
[01m[K/home/zilch/LTU/Viswa/colcon_ws/src/beamlet_star_path_planner/include/beamlet_star_path_planner/BeamletGraph.h:21:17:[m[K [01;31m[Kerror: [m[K‘[01m[KBeamlet[m[K’ was not declared in this scope
   21 |     std::vector<[01;31m[KBeamlet[m[K*> beamlets;
      |                 [01;31m[K^~~~~~~[m[K
[01m[K/home/zilch/LTU/Viswa/colcon_ws/src/beamlet_star_path_planner/include/beamlet_star_path_planner/BeamletGraph.h:21:25:[m[K [01;31m[Kerror: [m[Ktemplate argument 1 is invalid
   21 |     std::vector<Beamlet*[01;31m[K>[m[K beamlets;
      |                         [01;31m[K^[m[K
[01m[K/home/zilch/LTU/Viswa/colcon_ws/src/beamlet_star_path_planner/include/beamlet_star_path_planner/BeamletGraph.h:21:25:[m[K [01;31m[Kerror: [m[Ktemplate argument 2 is invalid
[01m[K/home/zilch/LTU/Viswa/colcon_ws/src/beamlet_star_path_planner/include/beamlet_star_path_planner/BeamletGraph.h:26:96:[m[K [01;31m[Kerror: [m[K‘[01m[KPoint[m[K’ was not declared in this scope
   26 |     void generateBeamlets(std::vector<std::vector<int>> grid, const std::map<std::vector<int>, [01;31m[KPoint[m[K*>& points);
      |                                                                                                [01;31m[K^~~~~[m[K
[01m[K/home/zilch/LTU/Viswa/colcon_ws/src/beamlet_star_path_planner/include/beamlet_star_path_planner/BeamletGraph.h:26:102:[m[K [01;31m[Kerror: [m[Ktemplate argument 2 is invalid
   26 |     void generateBeamlets(std::vector<std::vector<int>> grid, const std::map<std::vector<int>, Point*[01;31m[K>[m[K& points);
      |                                                                                                      [01;31m[K^[m[K
[01m[K/home/zilch/LTU/Viswa/colcon_ws/src/beamlet_star_path_planner/include/beamlet_star_path_planner/BeamletGraph.h:26:102:[m[K [01;31m[Kerror: [m[Ktemplate argument 4 is invalid
[01m[K/home/zilch/LTU/Viswa/colcon_ws/src/beamlet_star_path_planner/include/beamlet_star_path_planner/BeamletGraph.h:26:96:[m[K [01;31m[Kerror: [m[K‘[01m[KPoint[m[K’ was not declared in this scope
   26 |     void generateBeamlets(std::vector<std::vector<int>> grid, const std::map<std::vector<int>, [01;31m[KPoint[m[K*>& points);
      |                                                                                                [01;31m[K^~~~~[m[K
[01m[K/home/zilch/LTU/Viswa/colcon_ws/src/beamlet_star_path_planner/include/beamlet_star_path_planner/BeamletGraph.h:26:102:[m[K [01;31m[Kerror: [m[Ktemplate argument 2 is invalid
   26 |     void generateBeamlets(std::vector<std::vector<int>> grid, const std::map<std::vector<int>, Point*[01;31m[K>[m[K& points);
      |                                                                                                      [01;31m[K^[m[K
[01m[K/home/zilch/LTU/Viswa/colcon_ws/src/beamlet_star_path_planner/include/beamlet_star_path_planner/BeamletGraph.h:26:102:[m[K [01;31m[Kerror: [m[Ktemplate argument 4 is invalid
[01m[K/home/zilch/LTU/Viswa/colcon_ws/src/beamlet_star_path_planner/include/beamlet_star_path_planner/BeamletGraph.h:26:96:[m[K [01;31m[Kerror: [m[K‘[01m[KPoint[m[K’ was not declared in this scope
   26 |     void generateBeamlets(std::vector<std::vector<int>> grid, const std::map<std::vector<int>, [01;31m[KPoint[m[K*>& points);
      |                                                                                                [01;31m[K^~~~~[m[K
[01m[K/home/zilch/LTU/Viswa/colcon_ws/src/beamlet_star_path_planner/include/beamlet_star_path_planner/BeamletGraph.h:26:102:[m[K [01;31m[Kerror: [m[Ktemplate argument 2 is invalid
   26 |     void generateBeamlets(std::vector<std::vector<int>> grid, const std::map<std::vector<int>, Point*[01;31m[K>[m[K& points);
      |                                                                                                      [01;31m[K^[m[K
[01m[K/home/zilch/LTU/Viswa/colcon_ws/src/beamlet_star_path_planner/include/beamlet_star_path_planner/BeamletGraph.h:26:102:[m[K [01;31m[Kerror: [m[Ktemplate argument 4 is invalid
[01m[K/home/zilch/LTU/Viswa/colcon_ws/src/beamlet_star_path_planner/include/beamlet_star_path_planner/BeamletGraph.h:26:69:[m[K [01;31m[Kerror: [m[Kinvalid template-id
   26 |     void generateBeamlets(std::vector<std::vector<int>> grid, const [01;31m[Kstd[m[K::map<std::vector<int>, Point*>& points);
      |                                                                     [01;31m[K^~~[m[K
[01m[K/home/zilch/LTU/Viswa/colcon_ws/src/beamlet_star_path_planner/include/beamlet_star_path_planner/BeamletGraph.h:26:96:[m[K [01;31m[Kerror: [m[K‘[01m[KPoint[m[K’ was not declared in this scope
   26 |     void generateBeamlets(std::vector<std::vector<int>> grid, const std::map<std::vector<int>, [01;31m[KPoint[m[K*>& points);
      |                                                                                                [01;31m[K^~~~~[m[K
[01m[K/home/zilch/LTU/Viswa/colcon_ws/src/beamlet_star_path_planner/include/beamlet_star_path_planner/BeamletGraph.h:26:102:[m[K [01;31m[Kerror: [m[Kexpected primary-expression before ‘[01m[K>[m[K’ token
   26 |     void generateBeamlets(std::vector<std::vector<int>> grid, const std::map<std::vector<int>, Point*[01;31m[K>[m[K& points);
      |                                                                                                      [01;31m[K^[m[K
[01m[K/home/zilch/LTU/Viswa/colcon_ws/src/beamlet_star_path_planner/include/beamlet_star_path_planner/BeamletGraph.h:26:63:[m[K [01;31m[Kerror: [m[Kmissing template argument list after ‘[01m[Kstd::map[m[K’; template placeholder not permitted in parameter
   26 |     void generateBeamlets(std::vector<std::vector<int>> grid, [01;31m[Kconst[m[K std::map<std::vector<int>, Point*>& points);
      |                                                               [01;31m[K^~~~~[m[K
      |                                                                    [32m[K<>[m[K
In file included from [01m[K/usr/include/c++/13/map:63[m[K,
                 from [01m[K/home/zilch/LTU/Viswa/colcon_ws/src/beamlet_star_path_planner/include/beamlet_star_path_planner/BeamletGraph.h:17[m[K:
[01m[K/usr/include/c++/13/bits/stl_map.h:102:11:[m[K [01;36m[Knote: [m[K‘[01m[Ktemplate<class _Key, class _Tp, class _Compare, class _Alloc> class std::map[m[K’ declared here
  102 |     class [01;36m[Kmap[m[K
      |           [01;36m[K^~~[m[K
[01m[K/home/zilch/LTU/Viswa/colcon_ws/src/beamlet_star_path_planner/include/beamlet_star_path_planner/BeamletGraph.h:30:23:[m[K [01;31m[Kerror: [m[K‘[01m[KBeamlet[m[K’ was not declared in this scope; did you mean ‘[01m[Kbeamlets[m[K’?
   30 |     const std::vector<[01;31m[KBeamlet[m[K*>& getBeamlets() const;
      |                       [01;31m[K^~~~~~~[m[K
      |                       [32m[Kbeamlets[m[K
[01m[K/home/zilch/LTU/Viswa/colcon_ws/src/beamlet_star_path_planner/include/beamlet_star_path_planner/BeamletGraph.h:30:31:[m[K [01;31m[Kerror: [m[Ktemplate argument 1 is invalid
   30 |     const std::vector<Beamlet*[01;31m[K>[m[K& getBeamlets() const;
      |                               [01;31m[K^[m[K
[01m[K/home/zilch/LTU/Viswa/colcon_ws/src/beamlet_star_path_planner/include/beamlet_star_path_planner/BeamletGraph.h:30:31:[m[K [01;31m[Kerror: [m[Ktemplate argument 2 is invalid
[01m[K/home/zilch/LTU/Viswa/colcon_ws/src/beamlet_star_path_planner/include/beamlet_star_path_planner/BeamletGraph.h:32:65:[m[K [01;31m[Kerror: [m[K‘[01m[KPoint[m[K’ has not been declared
   32 |     bool isBeamletFeasible(std::vector<std::vector<int>>& grid, [01;31m[KPoint[m[K* p1, Point* p2);
      |                                                                 [01;31m[K^~~~~[m[K
[01m[K/home/zilch/LTU/Viswa/colcon_ws/src/beamlet_star_path_planner/include/beamlet_star_path_planner/BeamletGraph.h:32:76:[m[K [01;31m[Kerror: [m[K‘[01m[KPoint[m[K’ has not been declared
   32 |     bool isBeamletFeasible(std::vector<std::vector<int>>& grid, Point* p1, [01;31m[KPoint[m[K* p2);
      |                                                                            [01;31m[K^~~~~[m[K
gmake[2]: *** [CMakeFiles/beamlet_star_node.dir/build.make:146: CMakeFiles/beamlet_star_node.dir/src/Point.cpp.o] Error 1
gmake[2]: *** Waiting for unfinished jobs....
gmake[2]: *** [CMakeFiles/beamlet_star_node.dir/build.make:132: CMakeFiles/beamlet_star_node.dir/src/Beamlet.cpp.o] Error 1
gmake[1]: *** [CMakeFiles/Makefile2:137: CMakeFiles/beamlet_star_node.dir/all] Error 2
gmake: *** [Makefile:146: all] Error 2
