[01m[K/home/zilch/LTU/Viswa/colcon_ws/src/beamlet_star_path_planner/src/quadtree.cpp:9:1:[m[K [01;31m[Kerror: [m[Kno declaration matches ‘[01m[KQuadTree::[01;32m[KQuadTree[m[K(const std::vector<std::vector<int> >&, int, int, int, double)[m[K’
    9 | [01;31m[KQuadTree[m[K::QuadTree(const std::vector<std::vector<int>>& grid, int rows, int cols, int smax, double alpha)
      | [01;31m[K^~~~~~~~[m[K
In file included from [01m[K/home/zilch/LTU/Viswa/colcon_ws/src/beamlet_star_path_planner/src/quadtree.cpp:3[m[K:
[01m[K/home/zilch/LTU/Viswa/colcon_ws/src/beamlet_star_path_planner/include/beamlet_star_path_planner/quadtree.h:8:7:[m[K [01;36m[Knote: [m[Kcandidates are: ‘[01m[KQuadTree::[01;32m[KQuadTree[m[K(const QuadTree&)[m[K’
    8 | class [01;36m[KQuadTree[m[K
      |       [01;36m[K^~~~~~~~[m[K
[01m[K/home/zilch/LTU/Viswa/colcon_ws/src/beamlet_star_path_planner/include/beamlet_star_path_planner/quadtree.h:21:5:[m[K [01;36m[Knote: [m[K                ‘[01m[KQuadTree::[01;32m[KQuadTree[m[K(const std::vector<std::vector<int> >&, int, int, int, int)[m[K’
   21 |     [01;36m[KQuadTree[m[K(const std::vector<std::vector<int>>& grid, int rows, int cols, int smax, int alpha);
      |     [01;36m[K^~~~~~~~[m[K
[01m[K/home/zilch/LTU/Viswa/colcon_ws/src/beamlet_star_path_planner/include/beamlet_star_path_planner/quadtree.h:8:7:[m[K [01;36m[Knote: [m[K‘[01m[Kclass QuadTree[m[K’ defined here
    8 | class [01;36m[KQuadTree[m[K
      |       [01;36m[K^~~~~~~~[m[K
[01m[K/home/zilch/LTU/Viswa/colcon_ws/src/beamlet_star_path_planner/src/quadtree.cpp:[m[K In member function ‘[01m[Kvoid QuadTree::[01;32m[KbuildQuadTree[m[K(int, int, int)[m[K’:
[01m[K/home/zilch/LTU/Viswa/colcon_ws/src/beamlet_star_path_planner/src/quadtree.cpp:85:44:[m[K [01;31m[Kerror: [m[Kinvalid use of void expression
   85 |             node->setChild(0, [01;31m[KbuildQuadTree(scale-1, 2*x-1, 2*y-1)[m[K);
      |                               [01;31m[K~~~~~~~~~~~~~^~~~~~~~~~~~~~~~~~~~~~~[m[K
[01m[K/home/zilch/LTU/Viswa/colcon_ws/src/beamlet_star_path_planner/src/quadtree.cpp:86:44:[m[K [01;31m[Kerror: [m[Kinvalid use of void expression
   86 |             node->setChild(1, [01;31m[KbuildQuadTree(scale-1, 2*x-1, 2*y)[m[K);
      |                               [01;31m[K~~~~~~~~~~~~~^~~~~~~~~~~~~~~~~~~~~[m[K
[01m[K/home/zilch/LTU/Viswa/colcon_ws/src/beamlet_star_path_planner/src/quadtree.cpp:87:44:[m[K [01;31m[Kerror: [m[Kinvalid use of void expression
   87 |             node->setChild(2, [01;31m[KbuildQuadTree(scale-1, 2*x, 2*y-1)[m[K);
      |                               [01;31m[K~~~~~~~~~~~~~^~~~~~~~~~~~~~~~~~~~~[m[K
[01m[K/home/zilch/LTU/Viswa/colcon_ws/src/beamlet_star_path_planner/src/quadtree.cpp:88:44:[m[K [01;31m[Kerror: [m[Kinvalid use of void expression
   88 |             node->setChild(3, [01;31m[KbuildQuadTree(scale-1, 2*x, 2*y)[m[K);
      |                               [01;31m[K~~~~~~~~~~~~~^~~~~~~~~~~~~~~~~~~[m[K
gmake[2]: *** [CMakeFiles/beamlet_star_node.dir/build.make:90: CMakeFiles/beamlet_star_node.dir/src/quadtree.cpp.o] Error 1
gmake[1]: *** [CMakeFiles/Makefile2:137: CMakeFiles/beamlet_star_node.dir/all] Error 2
gmake: *** [Makefile:146: all] Error 2
