[0.010s] Invoking command in '/home/zilch/LTU/Viswa/colcon_ws/src/beamlet_star_path_planner/build/beamlet_star_path_planner': CMAKE_PREFIX_PATH=${CMAKE_PREFIX_PATH}:/opt/ros/jazzy /usr/bin/cmake --build /home/zilch/LTU/Viswa/colcon_ws/src/beamlet_star_path_planner/build/beamlet_star_path_planner -- -j12 -l12
[0.040s] -- Found ament_cmake: 2.5.4 (/opt/ros/jazzy/share/ament_cmake/cmake)
[0.252s] -- Found rclcpp: 28.1.13 (/opt/ros/jazzy/share/rclcpp/cmake)
[0.273s] -- Found rosidl_generator_c: 4.6.6 (/opt/ros/jazzy/share/rosidl_generator_c/cmake)
[0.279s] -- Found rosidl_generator_cpp: 4.6.6 (/opt/ros/jazzy/share/rosidl_generator_cpp/cmake)
[0.287s] -- Using all available rosidl_typesupport_c: rosidl_typesupport_fastrtps_c;rosidl_typesupport_introspection_c
[0.296s] -- Using all available rosidl_typesupport_cpp: rosidl_typesupport_fastrtps_cpp;rosidl_typesupport_introspection_cpp
[0.340s] -- Found rmw_implementation_cmake: 7.3.2 (/opt/ros/jazzy/share/rmw_implementation_cmake/cmake)
[0.341s] -- Found rmw_fastrtps_cpp: 8.4.3 (/opt/ros/jazzy/share/rmw_fastrtps_cpp/cmake)
[0.399s] -- Using RMW implementation 'rmw_fastrtps_cpp' as default
[0.447s] -- Found ament_lint_auto: 0.17.3 (/opt/ros/jazzy/share/ament_lint_auto/cmake)
[0.549s] -- Added test 'cppcheck' to perform static code analysis on C / C++ code
[0.549s] -- Configured cppcheck include dirs: /home/zilch/LTU/Viswa/colcon_ws/src/beamlet_star_path_planner/include
[0.549s] -- Configured cppcheck exclude dirs and/or files: 
[0.552s] -- Added test 'flake8' to check Python code syntax and style conventions
[0.552s] -- Configured 'flake8' exclude dirs and/or files: 
[0.557s] -- Added test 'lint_cmake' to check CMake code style
[0.560s] -- Added test 'pep257' to check Python code against some of the docstring style conventions in PEP 257
[0.580s] -- Added test 'uncrustify' to check C / C++ code style
[0.580s] -- Configured uncrustify additional arguments: 
[0.583s] -- Added test 'xmllint' to check XML markup files
[0.583s] -- Configuring done (0.5s)
[0.590s] -- Generating done (0.0s)
[0.592s] -- Build files have been written to: /home/zilch/LTU/Viswa/colcon_ws/src/beamlet_star_path_planner/build/beamlet_star_path_planner
[0.643s] [ 12%] [32mBuilding CXX object CMakeFiles/beamlet_star_node.dir/src/BeamletGraph.cpp.o[0m
[0.643s] [ 25%] [32mBuilding CXX object CMakeFiles/beamlet_star_node.dir/src/Point.cpp.o[0m
[0.644s] [ 37%] [32mBuilding CXX object CMakeFiles/beamlet_star_node.dir/src/Beamlet.cpp.o[0m
[0.732s] In file included from [01m[K/home/zilch/LTU/Viswa/colcon_ws/src/beamlet_star_path_planner/src/BeamletGraph.cpp:8[m[K:
[0.732s] [01m[K/home/zilch/LTU/Viswa/colcon_ws/src/beamlet_star_path_planner/include/beamlet_star_path_planner/BeamletGraph.h:13:10:[m[K [01;31m[Kerror: [m[K‘[01m[Kvector[m[K’ in namespace ‘[01m[Kstd[m[K’ does not name a template type
[0.732s]    13 |     std::[01;31m[Kvector[m[K<Beamlet*> allBeamlets;
[0.732s]       |          [01;31m[K^~~~~~[m[K
[0.733s] [01m[K/home/zilch/LTU/Viswa/colcon_ws/src/beamlet_star_path_planner/include/beamlet_star_path_planner/BeamletGraph.h:1:1:[m[K [01;36m[Knote: [m[K‘[01m[Kstd::vector[m[K’ is defined in header ‘[01m[K<vector>[m[K’; did you forget to ‘[01m[K#include <vector>[m[K’?
[0.733s]   +++ |+[32m[K#include <vector>[m[K
[0.733s]     1 | /*
[0.733s] [01m[K/home/zilch/LTU/Viswa/colcon_ws/src/beamlet_star_path_planner/include/beamlet_star_path_planner/BeamletGraph.h:17:21:[m[K [01;31m[Kerror: [m[K‘[01m[KBeamlet[m[K’ has not been declared
[0.733s]    17 |     void AddBeamlet([01;31m[KBeamlet[m[K* b);
[0.733s]       |                     [01;31m[K^~~~~~~[m[K
[0.760s] In file included from [01m[K/home/zilch/LTU/Viswa/colcon_ws/src/beamlet_star_path_planner/include/beamlet_star_path_planner/Point.h:7[m[K,
[0.760s]                  from [01m[K/home/zilch/LTU/Viswa/colcon_ws/src/beamlet_star_path_planner/src/Point.cpp:1[m[K:
[0.760s] [01m[K/home/zilch/LTU/Viswa/colcon_ws/src/beamlet_star_path_planner/include/beamlet_star_path_planner/Beamlet.h:48:21:[m[K [01;31m[Kerror: [m[K‘[01m[Kostream[m[K’ in namespace ‘[01m[Kstd[m[K’ does not name a type
[0.760s]    48 |         friend std::[01;31m[Kostream[m[K& operator<<(std::ostream & output, const Beamlet & beamlet);
[0.760s]       |                     [01;31m[K^~~~~~~[m[K
[0.760s] [01m[K/home/zilch/LTU/Viswa/colcon_ws/src/beamlet_star_path_planner/include/beamlet_star_path_planner/Beamlet.h:7:1:[m[K [01;36m[Knote: [m[K‘[01m[Kstd::ostream[m[K’ is defined in header ‘[01m[K<ostream>[m[K’; did you forget to ‘[01m[K#include <ostream>[m[K’?
[0.761s]     6 | #include "Point.h"
[0.761s]   +++ |+[32m[K#include <ostream>[m[K
[0.761s]     7 | 
[0.761s] In file included from [01m[K/home/zilch/LTU/Viswa/colcon_ws/src/beamlet_star_path_planner/include/beamlet_star_path_planner/Point.h:9[m[K,
[0.761s]                  from [01m[K/home/zilch/LTU/Viswa/colcon_ws/src/beamlet_star_path_planner/include/beamlet_star_path_planner/Beamlet.h:6[m[K,
[0.761s]                  from [01m[K/home/zilch/LTU/Viswa/colcon_ws/src/beamlet_star_path_planner/src/Beamlet.cpp:1[m[K:
[0.761s] [01m[K/home/zilch/LTU/Viswa/colcon_ws/src/beamlet_star_path_planner/include/beamlet_star_path_planner/BeamletGraph.h:13:17:[m[K [01;31m[Kerror: [m[K‘[01m[KBeamlet[m[K’ was not declared in this scope
[0.761s]    13 |     std::vector<[01;31m[KBeamlet[m[K*> allBeamlets;
[0.762s]       |                 [01;31m[K^~~~~~~[m[K
[0.762s] [01m[K/home/zilch/LTU/Viswa/colcon_ws/src/beamlet_star_path_planner/include/beamlet_star_path_planner/BeamletGraph.h:13:25:[m[K [01;31m[Kerror: [m[Ktemplate argument 1 is invalid
[0.762s]    13 |     std::vector<Beamlet*[01;31m[K>[m[K allBeamlets;
[0.762s]       |                         [01;31m[K^[m[K
[0.762s] [01m[K/home/zilch/LTU/Viswa/colcon_ws/src/beamlet_star_path_planner/include/beamlet_star_path_planner/BeamletGraph.h:13:25:[m[K [01;31m[Kerror: [m[Ktemplate argument 2 is invalid
[0.762s] [01m[K/home/zilch/LTU/Viswa/colcon_ws/src/beamlet_star_path_planner/include/beamlet_star_path_planner/BeamletGraph.h:17:21:[m[K [01;31m[Kerror: [m[K‘[01m[KBeamlet[m[K’ has not been declared
[0.762s]    17 |     void AddBeamlet([01;31m[KBeamlet[m[K* b);
[0.762s]       |                     [01;31m[K^~~~~~~[m[K
[0.841s] [01m[K/home/zilch/LTU/Viswa/colcon_ws/src/beamlet_star_path_planner/src/Point.cpp:[m[K In static member function ‘[01m[Kstatic Point* Point::[01;32m[KgetOrCreatePoint[m[K(const std::vector<int>&)[m[K’:
[0.841s] [01m[K/home/zilch/LTU/Viswa/colcon_ws/src/beamlet_star_path_planner/src/Point.cpp:51:17:[m[K [01;31m[Kerror: [m[K‘[01m[Kmap[m[K’ in namespace ‘[01m[Kstd[m[K’ does not name a template type
[0.841s]    51 |     static std::[01;31m[Kmap[m[K<std::vector<int>, std::unique_ptr<Point>> listOfPoints;
[0.841s]       |                 [01;31m[K^~~[m[K
[0.841s] [01m[K/home/zilch/LTU/Viswa/colcon_ws/src/beamlet_star_path_planner/src/Point.cpp:2:1:[m[K [01;36m[Knote: [m[K‘[01m[Kstd::map[m[K’ is defined in header ‘[01m[K<map>[m[K’; did you forget to ‘[01m[K#include <map>[m[K’?
[0.841s]     1 | #include "beamlet_star_path_planner/Point.h"
[0.841s]   +++ |+[32m[K#include <map>[m[K
[0.841s]     2 | // #include "utilities/PrintContent.h"
[0.842s] [01m[K/home/zilch/LTU/Viswa/colcon_ws/src/beamlet_star_path_planner/src/Point.cpp:52:27:[m[K [01;31m[Kerror: [m[K‘[01m[KlistOfPoints[m[K’ was not declared in this scope
[0.843s]    52 |     auto [it, inserted] = [01;31m[KlistOfPoints[m[K.try_emplace(coordinates, nullptr);
[0.843s]       |                           [01;31m[K^~~~~~~~~~~~[m[K
[0.843s] [01m[K/home/zilch/LTU/Viswa/colcon_ws/src/beamlet_star_path_planner/src/Point.cpp:55:27:[m[K [01;31m[Kerror: [m[K‘[01m[Kmake_unique[m[K’ is not a member of ‘[01m[Kstd[m[K’
[0.843s]    55 |         it->second = std::[01;31m[Kmake_unique[m[K<Point>(coordinates);
[0.843s]       |                           [01;31m[K^~~~~~~~~~~[m[K
[0.843s] [01m[K/home/zilch/LTU/Viswa/colcon_ws/src/beamlet_star_path_planner/src/Point.cpp:2:1:[m[K [01;36m[Knote: [m[K‘[01m[Kstd::make_unique[m[K’ is defined in header ‘[01m[K<memory>[m[K’; did you forget to ‘[01m[K#include <memory>[m[K’?
[0.843s]     1 | #include "beamlet_star_path_planner/Point.h"
[0.843s]   +++ |+[32m[K#include <memory>[m[K
[0.843s]     2 | // #include "utilities/PrintContent.h"
[0.843s] [01m[K/home/zilch/LTU/Viswa/colcon_ws/src/beamlet_star_path_planner/src/Point.cpp:55:44:[m[K [01;31m[Kerror: [m[Kexpected primary-expression before ‘[01m[K>[m[K’ token
[0.844s]    55 |         it->second = std::make_unique<Point[01;31m[K>[m[K(coordinates);
[0.844s]       |                                            [01;31m[K^[m[K
[0.860s] gmake[2]: *** [CMakeFiles/beamlet_star_node.dir/build.make:146: CMakeFiles/beamlet_star_node.dir/src/Beamlet.cpp.o] Error 1
[0.860s] gmake[2]: *** Waiting for unfinished jobs....
[0.876s] gmake[2]: *** [CMakeFiles/beamlet_star_node.dir/build.make:132: CMakeFiles/beamlet_star_node.dir/src/Point.cpp.o] Error 1
[0.949s] [01m[K/home/zilch/LTU/Viswa/colcon_ws/src/beamlet_star_path_planner/src/BeamletGraph.cpp:16:6:[m[K [01;31m[Kerror: [m[Kno declaration matches ‘[01m[Kvoid BeamletGraph::[01;32m[KAddBeamlet[m[K(Beamlet*)[m[K’
[0.950s]    16 | void [01;31m[KBeamletGraph[m[K::AddBeamlet(Beamlet* b) {
[0.950s]       |      [01;31m[K^~~~~~~~~~~~[m[K
[0.950s] [01m[K/home/zilch/LTU/Viswa/colcon_ws/src/beamlet_star_path_planner/include/beamlet_star_path_planner/BeamletGraph.h:17:10:[m[K [01;36m[Knote: [m[Kcandidate is: ‘[01m[Kvoid BeamletGraph::[01;32m[KAddBeamlet[m[K(int*)[m[K’
[0.950s]    17 |     void [01;36m[KAddBeamlet[m[K(Beamlet* b);
[0.950s]       |          [01;36m[K^~~~~~~~~~[m[K
[0.950s] [01m[K/home/zilch/LTU/Viswa/colcon_ws/src/beamlet_star_path_planner/include/beamlet_star_path_planner/BeamletGraph.h:11:7:[m[K [01;36m[Knote: [m[K‘[01m[Kclass BeamletGraph[m[K’ defined here
[0.950s]    11 | class [01;36m[KBeamletGraph[m[K {
[0.950s]       |       [01;36m[K^~~~~~~~~~~~[m[K
[0.967s] gmake[2]: *** [CMakeFiles/beamlet_star_node.dir/build.make:160: CMakeFiles/beamlet_star_node.dir/src/BeamletGraph.cpp.o] Error 1
[0.967s] gmake[1]: *** [CMakeFiles/Makefile2:137: CMakeFiles/beamlet_star_node.dir/all] Error 2
[0.967s] gmake: *** [Makefile:146: all] Error 2
[0.969s] Invoked command in '/home/zilch/LTU/Viswa/colcon_ws/src/beamlet_star_path_planner/build/beamlet_star_path_planner' returned '2': CMAKE_PREFIX_PATH=${CMAKE_PREFIX_PATH}:/opt/ros/jazzy /usr/bin/cmake --build /home/zilch/LTU/Viswa/colcon_ws/src/beamlet_star_path_planner/build/beamlet_star_path_planner -- -j12 -l12
