[0.016s] Invoking command in '/home/zilch/LTU/Viswa/colcon_ws/src/beamlet_star_path_planner/build/beamlet_star_path_planner': CMAKE_PREFIX_PATH=${CMAKE_PREFIX_PATH}:/opt/ros/jazzy /usr/bin/cmake --build /home/zilch/LTU/Viswa/colcon_ws/src/beamlet_star_path_planner/build/beamlet_star_path_planner -- -j12 -l12
[0.136s] [ 40%] [32mBuilding CXX object CMakeFiles/beamlet_star_node.dir/src/quadtree.cpp.o[0m
[0.137s] [ 40%] [32mBuilding CXX object CMakeFiles/beamlet_star_node.dir/src/beamlet_star_node.cpp.o[0m
[2.689s] [01m[K/home/zilch/LTU/Viswa/colcon_ws/src/beamlet_star_path_planner/src/quadtree.cpp:[m[K In member function ‘[01m[KDyadicObject* QuadTree::[01;32m[KbuildQuadTree[m[K(int, int, int)[m[K’:
[2.690s] [01m[K/home/zilch/LTU/Viswa/colcon_ws/src/beamlet_star_path_planner/src/quadtree.cpp:60:19:[m[K [01;31m[Kerror: [m[K‘[01m[KDyadicObject* DyadicObject::children [4][m[K’ is private within this context
[2.690s]    60 |             node->[01;31m[Kchildren[m[K[0] = buildQuadTree(scale-1, 2*x-1, 2*y-1);
[2.690s]       |                   [01;31m[K^~~~~~~~[m[K
[2.690s] In file included from [01m[K/home/zilch/LTU/Viswa/colcon_ws/src/beamlet_star_path_planner/include/beamlet_star_path_planner/quadtree.h:4[m[K,
[2.690s]                  from [01m[K/home/zilch/LTU/Viswa/colcon_ws/src/beamlet_star_path_planner/src/quadtree.cpp:3[m[K:
[2.690s] [01m[K/home/zilch/LTU/Viswa/colcon_ws/src/beamlet_star_path_planner/include/beamlet_star_path_planner/DyadicObject.h:15:19:[m[K [01;36m[Knote: [m[Kdeclared private here
[2.691s]    15 |     DyadicObject* [01;36m[Kchildren[m[K[4]; // 4 quadrants
[2.691s]       |                   [01;36m[K^~~~~~~~[m[K
[2.691s] [01m[K/home/zilch/LTU/Viswa/colcon_ws/src/beamlet_star_path_planner/src/quadtree.cpp:61:19:[m[K [01;31m[Kerror: [m[K‘[01m[KDyadicObject* DyadicObject::children [4][m[K’ is private within this context
[2.691s]    61 |             node->[01;31m[Kchildren[m[K[1] = buildQuadTree(scale-1, 2*x-1, 2*y);
[2.691s]       |                   [01;31m[K^~~~~~~~[m[K
[2.691s] [01m[K/home/zilch/LTU/Viswa/colcon_ws/src/beamlet_star_path_planner/include/beamlet_star_path_planner/DyadicObject.h:15:19:[m[K [01;36m[Knote: [m[Kdeclared private here
[2.691s]    15 |     DyadicObject* [01;36m[Kchildren[m[K[4]; // 4 quadrants
[2.692s]       |                   [01;36m[K^~~~~~~~[m[K
[2.692s] [01m[K/home/zilch/LTU/Viswa/colcon_ws/src/beamlet_star_path_planner/src/quadtree.cpp:62:19:[m[K [01;31m[Kerror: [m[K‘[01m[KDyadicObject* DyadicObject::children [4][m[K’ is private within this context
[2.692s]    62 |             node->[01;31m[Kchildren[m[K[2] = buildQuadTree(scale-1, 2*x, 2*y-1);
[2.692s]       |                   [01;31m[K^~~~~~~~[m[K
[2.692s] [01m[K/home/zilch/LTU/Viswa/colcon_ws/src/beamlet_star_path_planner/include/beamlet_star_path_planner/DyadicObject.h:15:19:[m[K [01;36m[Knote: [m[Kdeclared private here
[2.693s]    15 |     DyadicObject* [01;36m[Kchildren[m[K[4]; // 4 quadrants
[2.693s]       |                   [01;36m[K^~~~~~~~[m[K
[2.693s] [01m[K/home/zilch/LTU/Viswa/colcon_ws/src/beamlet_star_path_planner/src/quadtree.cpp:63:19:[m[K [01;31m[Kerror: [m[K‘[01m[KDyadicObject* DyadicObject::children [4][m[K’ is private within this context
[2.693s]    63 |             node->[01;31m[Kchildren[m[K[3] = buildQuadTree(scale-1, 2*x, 2*y);
[2.693s]       |                   [01;31m[K^~~~~~~~[m[K
[2.693s] [01m[K/home/zilch/LTU/Viswa/colcon_ws/src/beamlet_star_path_planner/include/beamlet_star_path_planner/DyadicObject.h:15:19:[m[K [01;36m[Knote: [m[Kdeclared private here
[2.693s]    15 |     DyadicObject* [01;36m[Kchildren[m[K[4]; // 4 quadrants
[2.694s]       |                   [01;36m[K^~~~~~~~[m[K
[2.694s] [01m[K/home/zilch/LTU/Viswa/colcon_ws/src/beamlet_star_path_planner/src/quadtree.cpp:[m[K In member function ‘[01m[Kvoid QuadTree::[01;32m[KprintFormalDyadicForm[m[K(DyadicObject*) const[m[K’:
[2.694s] [01m[K/home/zilch/LTU/Viswa/colcon_ws/src/beamlet_star_path_planner/src/quadtree.cpp:81:14:[m[K [01;31m[Kerror: [m[K‘[01m[KDyadicObject* DyadicObject::children [4][m[K’ is private within this context
[2.694s]    81 |     if(node->[01;31m[Kchildren[m[K[0] == nullptr) {
[2.694s]       |              [01;31m[K^~~~~~~~[m[K
[2.695s] [01m[K/home/zilch/LTU/Viswa/colcon_ws/src/beamlet_star_path_planner/include/beamlet_star_path_planner/DyadicObject.h:15:19:[m[K [01;36m[Knote: [m[Kdeclared private here
[2.695s]    15 |     DyadicObject* [01;36m[Kchildren[m[K[4]; // 4 quadrants
[2.695s]       |                   [01;36m[K^~~~~~~~[m[K
[2.695s] [01m[K/home/zilch/LTU/Viswa/colcon_ws/src/beamlet_star_path_planner/src/quadtree.cpp:109:37:[m[K [01;31m[Kerror: [m[K‘[01m[KDyadicObject* DyadicObject::children [4][m[K’ is private within this context
[2.695s]   109 |         printFormalDyadicForm(node->[01;31m[Kchildren[m[K[i]);
[2.695s]       |                                     [01;31m[K^~~~~~~~[m[K
[2.696s] [01m[K/home/zilch/LTU/Viswa/colcon_ws/src/beamlet_star_path_planner/include/beamlet_star_path_planner/DyadicObject.h:15:19:[m[K [01;36m[Knote: [m[Kdeclared private here
[2.696s]    15 |     DyadicObject* [01;36m[Kchildren[m[K[4]; // 4 quadrants
[2.696s]       |                   [01;36m[K^~~~~~~~[m[K
[3.400s] gmake[2]: *** [CMakeFiles/beamlet_star_node.dir/build.make:90: CMakeFiles/beamlet_star_node.dir/src/quadtree.cpp.o] Error 1
[3.400s] gmake[2]: *** Waiting for unfinished jobs....
[3.576s] gmake[1]: *** [CMakeFiles/Makefile2:137: CMakeFiles/beamlet_star_node.dir/all] Error 2
[3.576s] gmake: *** [Makefile:146: all] Error 2
[3.579s] Invoked command in '/home/zilch/LTU/Viswa/colcon_ws/src/beamlet_star_path_planner/build/beamlet_star_path_planner' returned '2': CMAKE_PREFIX_PATH=${CMAKE_PREFIX_PATH}:/opt/ros/jazzy /usr/bin/cmake --build /home/zilch/LTU/Viswa/colcon_ws/src/beamlet_star_path_planner/build/beamlet_star_path_planner -- -j12 -l12
