[0.016s] Invoking command in '/home/zilch/LTU/Viswa/colcon_ws/src/beamlet_star_path_planner/build/beamlet_star_path_planner': CMAKE_PREFIX_PATH=${CMAKE_PREFIX_PATH}:/opt/ros/jazzy /usr/bin/cmake --build /home/zilch/LTU/Viswa/colcon_ws/src/beamlet_star_path_planner/build/beamlet_star_path_planner -- -j12 -l12
[0.058s] -- Found ament_cmake: 2.5.4 (/opt/ros/jazzy/share/ament_cmake/cmake)
[0.388s] -- Found rclcpp: 28.1.13 (/opt/ros/jazzy/share/rclcpp/cmake)
[0.440s] -- Found rosidl_generator_c: 4.6.6 (/opt/ros/jazzy/share/rosidl_generator_c/cmake)
[0.457s] -- Found rosidl_generator_cpp: 4.6.6 (/opt/ros/jazzy/share/rosidl_generator_cpp/cmake)
[0.478s] -- Using all available rosidl_typesupport_c: rosidl_typesupport_fastrtps_c;rosidl_typesupport_introspection_c
[0.495s] -- Using all available rosidl_typesupport_cpp: rosidl_typesupport_fastrtps_cpp;rosidl_typesupport_introspection_cpp
[0.581s] -- Found rmw_implementation_cmake: 7.3.2 (/opt/ros/jazzy/share/rmw_implementation_cmake/cmake)
[0.583s] -- Found rmw_fastrtps_cpp: 8.4.3 (/opt/ros/jazzy/share/rmw_fastrtps_cpp/cmake)
[0.708s] -- Using RMW implementation 'rmw_fastrtps_cpp' as default
[0.810s] -- Found ament_lint_auto: 0.17.3 (/opt/ros/jazzy/share/ament_lint_auto/cmake)
[0.962s] -- Added test 'cppcheck' to perform static code analysis on C / C++ code
[0.962s] -- Configured cppcheck include dirs: /home/zilch/LTU/Viswa/colcon_ws/src/beamlet_star_path_planner/include
[0.962s] -- Configured cppcheck exclude dirs and/or files: 
[0.965s] -- Added test 'flake8' to check Python code syntax and style conventions
[0.966s] -- Configured 'flake8' exclude dirs and/or files: 
[0.971s] -- Added test 'lint_cmake' to check CMake code style
[0.974s] -- Added test 'pep257' to check Python code against some of the docstring style conventions in PEP 257
[0.995s] -- Added test 'uncrustify' to check C / C++ code style
[0.995s] -- Configured uncrustify additional arguments: 
[0.998s] -- Added test 'xmllint' to check XML markup files
[0.999s] -- Configuring done (0.9s)
[1.010s] -- Generating done (0.0s)
[1.015s] -- Build files have been written to: /home/zilch/LTU/Viswa/colcon_ws/src/beamlet_star_path_planner/build/beamlet_star_path_planner
[1.086s] [ 20%] [32mBuilding CXX object CMakeFiles/beamlet_star_node.dir/src/beamlet_star_node.cpp.o[0m
[1.086s] [ 40%] [32mBuilding CXX object CMakeFiles/beamlet_star_node.dir/src/quadtree.cpp.o[0m
[3.453s] In file included from [01m[K/home/zilch/LTU/Viswa/colcon_ws/src/beamlet_star_path_planner/src/quadtree.cpp:3[m[K:
[3.454s] [01m[K/home/zilch/LTU/Viswa/colcon_ws/src/beamlet_star_path_planner/include/beamlet_star_path_planner/quadtree.h:19:30:[m[K [01;31m[Kerror: [m[K‘[01m[KDyadicObject[m[K’ does not name a type
[3.454s]    19 |     int countObstacles(const [01;31m[KDyadicObject[m[K& dObj) const;
[3.454s]       |                              [01;31m[K^~~~~~~~~~~~[m[K
[3.454s] [01m[K/home/zilch/LTU/Viswa/colcon_ws/src/beamlet_star_path_planner/include/beamlet_star_path_planner/quadtree.h:21:26:[m[K [01;31m[Kerror: [m[K‘[01m[KQuadTreeNode[m[K’ has not been declared
[3.454s]    21 |     void recursiveDivide([01;31m[KQuadTreeNode[m[K* node);
[3.455s]       |                          [01;31m[K^~~~~~~~~~~~[m[K
[3.456s] [01m[K/home/zilch/LTU/Viswa/colcon_ws/src/beamlet_star_path_planner/include/beamlet_star_path_planner/quadtree.h:23:5:[m[K [01;31m[Kerror: [m[K‘[01m[KQuadTreeNode[m[K’ does not name a type; did you mean ‘[01m[KQuadTree[m[K’?
[3.456s]    23 |     [01;31m[KQuadTreeNode[m[K* buildQuadTree(int scale, int x, int y);
[3.456s]       |     [01;31m[K^~~~~~~~~~~~[m[K
[3.457s]       |     [32m[KQuadTree[m[K
[3.457s] [01m[K/home/zilch/LTU/Viswa/colcon_ws/src/beamlet_star_path_planner/include/beamlet_star_path_planner/quadtree.h:25:32:[m[K [01;31m[Kerror: [m[K‘[01m[KQuadTreeNode[m[K’ has not been declared
[3.457s]    25 |     void printFormalDyadicForm([01;31m[KQuadTreeNode[m[K* node) const;
[3.457s]       |                                [01;31m[K^~~~~~~~~~~~[m[K
[3.457s] [01m[K/home/zilch/LTU/Viswa/colcon_ws/src/beamlet_star_path_planner/src/quadtree.cpp:8:5:[m[K [01;31m[Kerror: [m[Kno declaration matches ‘[01m[Kint QuadTree::[01;32m[KcountObstacles[m[K(DyadicObject*) const[m[K’
[3.458s]     8 | int [01;31m[KQuadTree[m[K::countObstacles(DyadicObject* node) const
[3.458s]       |     [01;31m[K^~~~~~~~[m[K
[3.458s] [01m[K/home/zilch/LTU/Viswa/colcon_ws/src/beamlet_star_path_planner/include/beamlet_star_path_planner/quadtree.h:19:9:[m[K [01;36m[Knote: [m[Kcandidate is: ‘[01m[Kint QuadTree::[01;32m[KcountObstacles[m[K(const int&) const[m[K’
[3.458s]    19 |     int [01;36m[KcountObstacles[m[K(const DyadicObject& dObj) const;
[3.458s]       |         [01;36m[K^~~~~~~~~~~~~~[m[K
[3.459s] [01m[K/home/zilch/LTU/Viswa/colcon_ws/src/beamlet_star_path_planner/include/beamlet_star_path_planner/quadtree.h:6:7:[m[K [01;36m[Knote: [m[K‘[01m[Kclass QuadTree[m[K’ defined here
[3.459s]     6 | class [01;36m[KQuadTree[m[K
[3.459s]       |       [01;36m[K^~~~~~~~[m[K
[3.459s] [01m[K/home/zilch/LTU/Viswa/colcon_ws/src/beamlet_star_path_planner/src/quadtree.cpp:31:15:[m[K [01;31m[Kerror: [m[Kno declaration matches ‘[01m[KDyadicObject* QuadTree::[01;32m[KbuildQuadTree[m[K(int, int, int)[m[K’
[3.459s]    31 | DyadicObject* [01;31m[KQuadTree[m[K::buildQuadTree(int scale, int x, int y)
[3.460s]       |               [01;31m[K^~~~~~~~[m[K
[3.460s] [01m[K/home/zilch/LTU/Viswa/colcon_ws/src/beamlet_star_path_planner/src/quadtree.cpp:31:15:[m[K [01;36m[Knote: [m[Kno functions named ‘[01m[KDyadicObject* QuadTree::[01;32m[KbuildQuadTree[m[K(int, int, int)[m[K’
[3.460s] [01m[K/home/zilch/LTU/Viswa/colcon_ws/src/beamlet_star_path_planner/include/beamlet_star_path_planner/quadtree.h:6:7:[m[K [01;36m[Knote: [m[K‘[01m[Kclass QuadTree[m[K’ defined here
[3.460s]     6 | class [01;36m[KQuadTree[m[K
[3.460s]       |       [01;36m[K^~~~~~~~[m[K
[3.460s] [01m[K/home/zilch/LTU/Viswa/colcon_ws/src/beamlet_star_path_planner/src/quadtree.cpp:70:6:[m[K [01;31m[Kerror: [m[Kno declaration matches ‘[01m[Kvoid QuadTree::[01;32m[KprintFormalDyadicForm[m[K(DyadicObject*) const[m[K’
[3.461s]    70 | void [01;31m[KQuadTree[m[K::printFormalDyadicForm(DyadicObject* node) const
[3.461s]       |      [01;31m[K^~~~~~~~[m[K
[3.461s] [01m[K/home/zilch/LTU/Viswa/colcon_ws/src/beamlet_star_path_planner/include/beamlet_star_path_planner/quadtree.h:25:10:[m[K [01;36m[Knote: [m[Kcandidate is: ‘[01m[Kvoid QuadTree::[01;32m[KprintFormalDyadicForm[m[K(int*) const[m[K’
[3.461s]    25 |     void [01;36m[KprintFormalDyadicForm[m[K(QuadTreeNode* node) const;
[3.461s]       |          [01;36m[K^~~~~~~~~~~~~~~~~~~~~[m[K
[3.462s] [01m[K/home/zilch/LTU/Viswa/colcon_ws/src/beamlet_star_path_planner/include/beamlet_star_path_planner/quadtree.h:6:7:[m[K [01;36m[Knote: [m[K‘[01m[Kclass QuadTree[m[K’ defined here
[3.462s]     6 | class [01;36m[KQuadTree[m[K
[3.462s]       |       [01;36m[K^~~~~~~~[m[K
[3.464s] In file included from [01m[K/home/zilch/LTU/Viswa/colcon_ws/src/beamlet_star_path_planner/src/beamlet_star_node.cpp:3[m[K:
[3.464s] [01m[K/home/zilch/LTU/Viswa/colcon_ws/src/beamlet_star_path_planner/include/beamlet_star_path_planner/quadtree.h:19:30:[m[K [01;31m[Kerror: [m[K‘[01m[KDyadicObject[m[K’ does not name a type
[3.464s]    19 |     int countObstacles(const [01;31m[KDyadicObject[m[K& dObj) const;
[3.465s]       |                              [01;31m[K^~~~~~~~~~~~[m[K
[3.465s] [01m[K/home/zilch/LTU/Viswa/colcon_ws/src/beamlet_star_path_planner/include/beamlet_star_path_planner/quadtree.h:21:26:[m[K [01;31m[Kerror: [m[K‘[01m[KQuadTreeNode[m[K’ has not been declared
[3.465s]    21 |     void recursiveDivide([01;31m[KQuadTreeNode[m[K* node);
[3.465s]       |                          [01;31m[K^~~~~~~~~~~~[m[K
[3.466s] [01m[K/home/zilch/LTU/Viswa/colcon_ws/src/beamlet_star_path_planner/include/beamlet_star_path_planner/quadtree.h:23:5:[m[K [01;31m[Kerror: [m[K‘[01m[KQuadTreeNode[m[K’ does not name a type; did you mean ‘[01m[KQuadTree[m[K’?
[3.467s]    23 |     [01;31m[KQuadTreeNode[m[K* buildQuadTree(int scale, int x, int y);
[3.467s]       |     [01;31m[K^~~~~~~~~~~~[m[K
[3.467s]       |     [32m[KQuadTree[m[K
[3.467s] [01m[K/home/zilch/LTU/Viswa/colcon_ws/src/beamlet_star_path_planner/include/beamlet_star_path_planner/quadtree.h:25:32:[m[K [01;31m[Kerror: [m[K‘[01m[KQuadTreeNode[m[K’ has not been declared
[3.467s]    25 |     void printFormalDyadicForm([01;31m[KQuadTreeNode[m[K* node) const;
[3.468s]       |                                [01;31m[K^~~~~~~~~~~~[m[K
[3.469s] [01m[K/home/zilch/LTU/Viswa/colcon_ws/src/beamlet_star_path_planner/src/beamlet_star_node.cpp:9:5:[m[K [01;31m[Kerror: [m[K‘[01m[KQuadTreeNode[m[K’ does not name a type; did you mean ‘[01m[KQuadTree[m[K’?
[3.470s]     9 |     [01;31m[KQuadTreeNode[m[K* root;  // root of the quadtree
[3.470s]       |     [01;31m[K^~~~~~~~~~~~[m[K
[3.470s]       |     [32m[KQuadTree[m[K
[3.476s] [01m[K/home/zilch/LTU/Viswa/colcon_ws/src/beamlet_star_path_planner/src/beamlet_star_node.cpp:[m[K In constructor ‘[01m[KBeamletStarNode::[01;32m[KBeamletStarNode[m[K()[m[K’:
[3.476s] [01m[K/home/zilch/LTU/Viswa/colcon_ws/src/beamlet_star_path_planner/src/beamlet_star_node.cpp:60:15:[m[K [01;31m[Kerror: [m[K‘[01m[Kclass BeamletStarNode[m[K’ has no member named ‘[01m[Kroot[m[K’
[3.476s]    60 |         this->[01;31m[Kroot[m[K = qt.buildQuadTree(smax, 1, 1); // starting at top-left corner, 1 based indexing
[3.476s]       |               [01;31m[K^~~~[m[K
[3.476s] [01m[K/home/zilch/LTU/Viswa/colcon_ws/src/beamlet_star_path_planner/src/beamlet_star_node.cpp:60:25:[m[K [01;31m[Kerror: [m[K‘[01m[Kclass QuadTree[m[K’ has no member named ‘[01m[KbuildQuadTree[m[K’; did you mean ‘[01m[KQuadTree[m[K’?
[3.477s]    60 |         this->root = qt.[01;31m[KbuildQuadTree[m[K(smax, 1, 1); // starting at top-left corner, 1 based indexing
[3.477s]       |                         [01;31m[K^~~~~~~~~~~~~[m[K
[3.477s]       |                         [32m[KQuadTree[m[K
[3.477s] [01m[K/home/zilch/LTU/Viswa/colcon_ws/src/beamlet_star_path_planner/src/beamlet_star_node.cpp:61:40:[m[K [01;31m[Kerror: [m[K‘[01m[Kclass BeamletStarNode[m[K’ has no member named ‘[01m[Kroot[m[K’
[3.477s]    61 |         qt.printFormalDyadicForm(this->[01;31m[Kroot[m[K);
[3.477s]       |                                        [01;31m[K^~~~[m[K
[4.247s] gmake[2]: *** [CMakeFiles/beamlet_star_node.dir/build.make:76: CMakeFiles/beamlet_star_node.dir/src/beamlet_star_node.cpp.o] Error 1
[4.247s] gmake[2]: *** Waiting for unfinished jobs....
[4.468s] gmake[2]: *** [CMakeFiles/beamlet_star_node.dir/build.make:90: CMakeFiles/beamlet_star_node.dir/src/quadtree.cpp.o] Error 1
[4.468s] gmake[1]: *** [CMakeFiles/Makefile2:137: CMakeFiles/beamlet_star_node.dir/all] Error 2
[4.469s] gmake: *** [Makefile:146: all] Error 2
[4.472s] Invoked command in '/home/zilch/LTU/Viswa/colcon_ws/src/beamlet_star_path_planner/build/beamlet_star_path_planner' returned '2': CMAKE_PREFIX_PATH=${CMAKE_PREFIX_PATH}:/opt/ros/jazzy /usr/bin/cmake --build /home/zilch/LTU/Viswa/colcon_ws/src/beamlet_star_path_planner/build/beamlet_star_path_planner -- -j12 -l12
