[0.015s] Invoking command in '/home/zilch/LTU/Viswa/colcon_ws/src/beamlet_star_path_planner/build/beamlet_star_path_planner': CMAKE_PREFIX_PATH=${CMAKE_PREFIX_PATH}:/opt/ros/jazzy /usr/bin/cmake --build /home/zilch/LTU/Viswa/colcon_ws/src/beamlet_star_path_planner/build/beamlet_star_path_planner -- -j12 -l12
[0.113s] [ 16%] [32mBuilding CXX object CMakeFiles/beamlet_star_node.dir/src/DyadicObject.cpp.o[0m
[0.114s] [ 50%] [32mBuilding CXX object CMakeFiles/beamlet_star_node.dir/src/beamlet_star_node.cpp.o[0m
[0.114s] [ 50%] [32mBuilding CXX object CMakeFiles/beamlet_star_node.dir/src/quadtree_node.cpp.o[0m
[0.116s] [ 66%] [32mBuilding CXX object CMakeFiles/beamlet_star_node.dir/src/quadtree.cpp.o[0m
[3.588s] [ 83%] [32m[1mLinking CXX executable beamlet_star_node[0m
[3.753s] [100%] Built target beamlet_star_node
[3.769s] Invoked command in '/home/zilch/LTU/Viswa/colcon_ws/src/beamlet_star_path_planner/build/beamlet_star_path_planner' returned '0': CMAKE_PREFIX_PATH=${CMAKE_PREFIX_PATH}:/opt/ros/jazzy /usr/bin/cmake --build /home/zilch/LTU/Viswa/colcon_ws/src/beamlet_star_path_planner/build/beamlet_star_path_planner -- -j12 -l12
[3.782s] Invoking command in '/home/zilch/LTU/Viswa/colcon_ws/src/beamlet_star_path_planner/build/beamlet_star_path_planner': CMAKE_PREFIX_PATH=${CMAKE_PREFIX_PATH}:/opt/ros/jazzy /usr/bin/cmake --install /home/zilch/LTU/Viswa/colcon_ws/src/beamlet_star_path_planner/build/beamlet_star_path_planner
[3.794s] -- Install configuration: ""
[3.794s] -- Installing: /home/zilch/LTU/Viswa/colcon_ws/src/beamlet_star_path_planner/install/beamlet_star_path_planner/lib/beamlet_star_path_planner/beamlet_star_node
[3.795s] -- Set non-toolchain portion of runtime path of "/home/zilch/LTU/Viswa/colcon_ws/src/beamlet_star_path_planner/install/beamlet_star_path_planner/lib/beamlet_star_path_planner/beamlet_star_node" to ""
[3.795s] -- Up-to-date: /home/zilch/LTU/Viswa/colcon_ws/src/beamlet_star_path_planner/install/beamlet_star_path_planner/share/beamlet_star_path_planner/config
[3.795s] -- Up-to-date: /home/zilch/LTU/Viswa/colcon_ws/src/beamlet_star_path_planner/install/beamlet_star_path_planner/share/beamlet_star_path_planner/config/grid.yaml
[3.795s] -- Up-to-date: /home/zilch/LTU/Viswa/colcon_ws/src/beamlet_star_path_planner/install/beamlet_star_path_planner/share/beamlet_star_path_planner/launch
[3.796s] -- Up-to-date: /home/zilch/LTU/Viswa/colcon_ws/src/beamlet_star_path_planner/install/beamlet_star_path_planner/share/beamlet_star_path_planner/launch/run.launch.py
[3.796s] -- Up-to-date: /home/zilch/LTU/Viswa/colcon_ws/src/beamlet_star_path_planner/install/beamlet_star_path_planner/share/ament_index/resource_index/package_run_dependencies/beamlet_star_path_planner
[3.796s] -- Up-to-date: /home/zilch/LTU/Viswa/colcon_ws/src/beamlet_star_path_planner/install/beamlet_star_path_planner/share/ament_index/resource_index/parent_prefix_path/beamlet_star_path_planner
[3.796s] -- Up-to-date: /home/zilch/LTU/Viswa/colcon_ws/src/beamlet_star_path_planner/install/beamlet_star_path_planner/share/beamlet_star_path_planner/environment/ament_prefix_path.sh
[3.796s] -- Up-to-date: /home/zilch/LTU/Viswa/colcon_ws/src/beamlet_star_path_planner/install/beamlet_star_path_planner/share/beamlet_star_path_planner/environment/ament_prefix_path.dsv
[3.796s] -- Up-to-date: /home/zilch/LTU/Viswa/colcon_ws/src/beamlet_star_path_planner/install/beamlet_star_path_planner/share/beamlet_star_path_planner/environment/path.sh
[3.797s] -- Up-to-date: /home/zilch/LTU/Viswa/colcon_ws/src/beamlet_star_path_planner/install/beamlet_star_path_planner/share/beamlet_star_path_planner/environment/path.dsv
[3.797s] -- Up-to-date: /home/zilch/LTU/Viswa/colcon_ws/src/beamlet_star_path_planner/install/beamlet_star_path_planner/share/beamlet_star_path_planner/local_setup.bash
[3.797s] -- Up-to-date: /home/zilch/LTU/Viswa/colcon_ws/src/beamlet_star_path_planner/install/beamlet_star_path_planner/share/beamlet_star_path_planner/local_setup.sh
[3.798s] -- Up-to-date: /home/zilch/LTU/Viswa/colcon_ws/src/beamlet_star_path_planner/install/beamlet_star_path_planner/share/beamlet_star_path_planner/local_setup.zsh
[3.798s] -- Up-to-date: /home/zilch/LTU/Viswa/colcon_ws/src/beamlet_star_path_planner/install/beamlet_star_path_planner/share/beamlet_star_path_planner/local_setup.dsv
[3.798s] -- Installing: /home/zilch/LTU/Viswa/colcon_ws/src/beamlet_star_path_planner/install/beamlet_star_path_planner/share/beamlet_star_path_planner/package.dsv
[3.799s] -- Up-to-date: /home/zilch/LTU/Viswa/colcon_ws/src/beamlet_star_path_planner/install/beamlet_star_path_planner/share/ament_index/resource_index/packages/beamlet_star_path_planner
[3.799s] -- Up-to-date: /home/zilch/LTU/Viswa/colcon_ws/src/beamlet_star_path_planner/install/beamlet_star_path_planner/share/beamlet_star_path_planner/cmake/beamlet_star_path_plannerConfig.cmake
[3.799s] -- Up-to-date: /home/zilch/LTU/Viswa/colcon_ws/src/beamlet_star_path_planner/install/beamlet_star_path_planner/share/beamlet_star_path_planner/cmake/beamlet_star_path_plannerConfig-version.cmake
[3.800s] -- Up-to-date: /home/zilch/LTU/Viswa/colcon_ws/src/beamlet_star_path_planner/install/beamlet_star_path_planner/share/beamlet_star_path_planner/package.xml
[3.800s] Invoked command in '/home/zilch/LTU/Viswa/colcon_ws/src/beamlet_star_path_planner/build/beamlet_star_path_planner' returned '0': CMAKE_PREFIX_PATH=${CMAKE_PREFIX_PATH}:/opt/ros/jazzy /usr/bin/cmake --install /home/zilch/LTU/Viswa/colcon_ws/src/beamlet_star_path_planner/build/beamlet_star_path_planner
