[01m[K/home/zilch/LTU/Viswa/colcon_ws/src/beamlet_star_path_planner/src/quadtree.cpp:29:6:[m[K [01;31m[Kerror: [m[Kno declaration matches ‘[01m[Kvoid QuadTree::[01;32m[KrecursiveDivide[m[K(QuadTreeNode*, int)[m[K’
   29 | void [01;31m[KQuadTree[m[K::recursiveDivide(QuadTreeNode* node, int totalCells) {
      |      [01;31m[K^~~~~~~~[m[K
In file included from [01m[K/home/zilch/LTU/Viswa/colcon_ws/src/beamlet_star_path_planner/src/quadtree.cpp:1[m[K:
[01m[K/home/zilch/LTU/Viswa/colcon_ws/src/beamlet_star_path_planner/include/beamlet_star_path_planner/quadtree.h:26:10:[m[K [01;36m[Knote: [m[Kcandidate is: ‘[01m[Kvoid QuadTree::[01;32m[KrecursiveDivide[m[K(QuadTreeNode*)[m[K’
   26 |     void [01;36m[KrecursiveDivide[m[K(QuadTreeNode* node);
      |          [01;36m[K^~~~~~~~~~~~~~~[m[K
[01m[K/home/zilch/LTU/Viswa/colcon_ws/src/beamlet_star_path_planner/include/beamlet_star_path_planner/quadtree.h:8:7:[m[K [01;36m[Knote: [m[K‘[01m[Kclass QuadTree[m[K’ defined here
    8 | class [01;36m[KQuadTree[m[K
      |       [01;36m[K^~~~~~~~[m[K
[01m[K/home/zilch/LTU/Viswa/colcon_ws/src/beamlet_star_path_planner/src/quadtree.cpp:[m[K In member function ‘[01m[KQuadTreeNode* QuadTree::[01;32m[KbuildQuadTree[m[K(int, int, int)[m[K’:
[01m[K/home/zilch/LTU/Viswa/colcon_ws/src/beamlet_star_path_planner/src/quadtree.cpp:65:24:[m[K [01;31m[Kerror: [m[Kno matching function for call to ‘[01m[KQuadTree::recursiveDivide(QuadTreeNode*&, int&)[m[K’
   65 |         [01;31m[KrecursiveDivide(node, totalCells)[m[K; // check if we need to divide further
      |         [01;31m[K~~~~~~~~~~~~~~~^~~~~~~~~~~~~~~~~~[m[K
[01m[K/home/zilch/LTU/Viswa/colcon_ws/src/beamlet_star_path_planner/include/beamlet_star_path_planner/quadtree.h:26:10:[m[K [01;36m[Knote: [m[Kcandidate: ‘[01m[Kvoid QuadTree::[01;32m[KrecursiveDivide[m[K(QuadTreeNode*)[m[K’
   26 |     void [01;36m[KrecursiveDivide[m[K(QuadTreeNode* node);
      |          [01;36m[K^~~~~~~~~~~~~~~[m[K
[01m[K/home/zilch/LTU/Viswa/colcon_ws/src/beamlet_star_path_planner/include/beamlet_star_path_planner/quadtree.h:26:10:[m[K [01;36m[Knote: [m[K  candidate expects 1 argument, 2 provided
gmake[2]: *** [CMakeFiles/beamlet_star_node.dir/build.make:118: CMakeFiles/beamlet_star_node.dir/src/quadtree.cpp.o] Error 1
gmake[1]: *** [CMakeFiles/Makefile2:137: CMakeFiles/beamlet_star_node.dir/all] Error 2
gmake: *** [Makefile:146: all] Error 2
