[0.017s] Invoking command in '/home/zilch/LTU/Viswa/colcon_ws/src/beamlet_star_path_planner/build/beamlet_star_path_planner': CMAKE_PREFIX_PATH=${CMAKE_PREFIX_PATH}:/opt/ros/jazzy /usr/bin/cmake --build /home/zilch/LTU/Viswa/colcon_ws/src/beamlet_star_path_planner/build/beamlet_star_path_planner -- -j12 -l12
[0.139s] [ 20%] [32mBuilding CXX object CMakeFiles/beamlet_star_node.dir/src/quadtree.cpp.o[0m
[2.642s] [01m[K/home/zilch/LTU/Viswa/colcon_ws/src/beamlet_star_path_planner/src/quadtree.cpp:29:6:[m[K [01;31m[Kerror: [m[Kno declaration matches ‘[01m[Kvoid QuadTree::[01;32m[KrecursiveDivide[m[K(QuadTreeNode*, int)[m[K’
[2.642s]    29 | void [01;31m[KQuadTree[m[K::recursiveDivide(QuadTreeNode* node, int totalCells) {
[2.642s]       |      [01;31m[K^~~~~~~~[m[K
[2.642s] In file included from [01m[K/home/zilch/LTU/Viswa/colcon_ws/src/beamlet_star_path_planner/src/quadtree.cpp:1[m[K:
[2.642s] [01m[K/home/zilch/LTU/Viswa/colcon_ws/src/beamlet_star_path_planner/include/beamlet_star_path_planner/quadtree.h:26:10:[m[K [01;36m[Knote: [m[Kcandidate is: ‘[01m[Kvoid QuadTree::[01;32m[KrecursiveDivide[m[K(QuadTreeNode*)[m[K’
[2.643s]    26 |     void [01;36m[KrecursiveDivide[m[K(QuadTreeNode* node);
[2.643s]       |          [01;36m[K^~~~~~~~~~~~~~~[m[K
[2.643s] [01m[K/home/zilch/LTU/Viswa/colcon_ws/src/beamlet_star_path_planner/include/beamlet_star_path_planner/quadtree.h:8:7:[m[K [01;36m[Knote: [m[K‘[01m[Kclass QuadTree[m[K’ defined here
[2.643s]     8 | class [01;36m[KQuadTree[m[K
[2.643s]       |       [01;36m[K^~~~~~~~[m[K
[2.643s] [01m[K/home/zilch/LTU/Viswa/colcon_ws/src/beamlet_star_path_planner/src/quadtree.cpp:[m[K In member function ‘[01m[KQuadTreeNode* QuadTree::[01;32m[KbuildQuadTree[m[K(int, int, int)[m[K’:
[2.643s] [01m[K/home/zilch/LTU/Viswa/colcon_ws/src/beamlet_star_path_planner/src/quadtree.cpp:65:24:[m[K [01;31m[Kerror: [m[Kno matching function for call to ‘[01m[KQuadTree::recursiveDivide(QuadTreeNode*&, int&)[m[K’
[2.644s]    65 |         [01;31m[KrecursiveDivide(node, totalCells)[m[K; // check if we need to divide further
[2.644s]       |         [01;31m[K~~~~~~~~~~~~~~~^~~~~~~~~~~~~~~~~~[m[K
[2.644s] [01m[K/home/zilch/LTU/Viswa/colcon_ws/src/beamlet_star_path_planner/include/beamlet_star_path_planner/quadtree.h:26:10:[m[K [01;36m[Knote: [m[Kcandidate: ‘[01m[Kvoid QuadTree::[01;32m[KrecursiveDivide[m[K(QuadTreeNode*)[m[K’
[2.644s]    26 |     void [01;36m[KrecursiveDivide[m[K(QuadTreeNode* node);
[2.644s]       |          [01;36m[K^~~~~~~~~~~~~~~[m[K
[2.644s] [01m[K/home/zilch/LTU/Viswa/colcon_ws/src/beamlet_star_path_planner/include/beamlet_star_path_planner/quadtree.h:26:10:[m[K [01;36m[Knote: [m[K  candidate expects 1 argument, 2 provided
[3.393s] gmake[2]: *** [CMakeFiles/beamlet_star_node.dir/build.make:118: CMakeFiles/beamlet_star_node.dir/src/quadtree.cpp.o] Error 1
[3.393s] gmake[1]: *** [CMakeFiles/Makefile2:137: CMakeFiles/beamlet_star_node.dir/all] Error 2
[3.393s] gmake: *** [Makefile:146: all] Error 2
[3.397s] Invoked command in '/home/zilch/LTU/Viswa/colcon_ws/src/beamlet_star_path_planner/build/beamlet_star_path_planner' returned '2': CMAKE_PREFIX_PATH=${CMAKE_PREFIX_PATH}:/opt/ros/jazzy /usr/bin/cmake --build /home/zilch/LTU/Viswa/colcon_ws/src/beamlet_star_path_planner/build/beamlet_star_path_planner -- -j12 -l12
