[01m[K/home/zilch/LTU/Viswa/colcon_ws/src/beamlet_star_path_planner/src/BeamletGraph.cpp:48:6:[m[K [01;31m[Kerror: [m[Kredefinition of ‘[01m[Kvoid BeamletGraph::[01;32m[KgenerateFromLeaves[m[K(const std::vector<DyadicObject*>&)[m[K’
   48 | void [01;31m[KBeamletGraph[m[K::generateFromLeaves(const std::vector<DyadicObject*>& leaves)
      |      [01;31m[K^~~~~~~~~~~~[m[K
[01m[K/home/zilch/LTU/Viswa/colcon_ws/src/beamlet_star_path_planner/src/BeamletGraph.cpp:20:6:[m[K [01;36m[Knote: [m[K‘[01m[Kvoid BeamletGraph::[01;32m[KgenerateFromLeaves[m[K(const std::vector<DyadicObject*>&)[m[K’ previously defined here
   20 | void [01;36m[KBeamletGraph[m[K::generateFromLeaves(const std::vector<DyadicObject*>& leaves)
      |      [01;36m[K^~~~~~~~~~~~[m[K
gmake[2]: *** [CMakeFiles/beamlet_star_node.dir/build.make:160: CMakeFiles/beamlet_star_node.dir/src/BeamletGraph.cpp.o] Error 1
gmake[2]: *** Waiting for unfinished jobs....
[01m[K/home/zilch/LTU/Viswa/colcon_ws/src/beamlet_star_path_planner/src/beamlet_star_node.cpp:[m[K In constructor ‘[01m[KBeamletStarNode::[01;32m[KBeamletStarNode[m[K()[m[K’:
[01m[K/home/zilch/LTU/Viswa/colcon_ws/src/beamlet_star_path_planner/src/beamlet_star_node.cpp:66:9:[m[K [01;31m[Kerror: [m[K‘[01m[KprintFormalDyadicForm[m[K’ was not declared in this scope
   66 |         [01;31m[KprintFormalDyadicForm[m[K(qt.getRoot());
      |         [01;31m[K^~~~~~~~~~~~~~~~~~~~~[m[K
[01m[K/home/zilch/LTU/Viswa/colcon_ws/src/beamlet_star_path_planner/src/quadtree.cpp:9:1:[m[K [01;31m[Kerror: [m[Kno declaration matches ‘[01m[KQuadTree::[01;32m[KQuadTree[m[K(const std::vector<std::vector<int> >&, int, int, int, double)[m[K’
    9 | [01;31m[KQuadTree[m[K::QuadTree(const std::vector<std::vector<int>>& grid, int rows, int cols, int smax, double alpha)
      | [01;31m[K^~~~~~~~[m[K
In file included from [01m[K/home/zilch/LTU/Viswa/colcon_ws/src/beamlet_star_path_planner/src/quadtree.cpp:3[m[K:
[01m[K/home/zilch/LTU/Viswa/colcon_ws/src/beamlet_star_path_planner/include/beamlet_star_path_planner/quadtree.h:8:7:[m[K [01;36m[Knote: [m[Kcandidates are: ‘[01m[KQuadTree::[01;32m[KQuadTree[m[K(const QuadTree&)[m[K’
    8 | class [01;36m[KQuadTree[m[K
      |       [01;36m[K^~~~~~~~[m[K
[01m[K/home/zilch/LTU/Viswa/colcon_ws/src/beamlet_star_path_planner/include/beamlet_star_path_planner/quadtree.h:21:5:[m[K [01;36m[Knote: [m[K                ‘[01m[KQuadTree::[01;32m[KQuadTree[m[K(const std::vector<std::vector<int> >&, int, int, int, int)[m[K’
   21 |     [01;36m[KQuadTree[m[K(const std::vector<std::vector<int>>& grid, int rows, int cols, int smax, int alpha);
      |     [01;36m[K^~~~~~~~[m[K
[01m[K/home/zilch/LTU/Viswa/colcon_ws/src/beamlet_star_path_planner/include/beamlet_star_path_planner/quadtree.h:8:7:[m[K [01;36m[Knote: [m[K‘[01m[Kclass QuadTree[m[K’ defined here
    8 | class [01;36m[KQuadTree[m[K
      |       [01;36m[K^~~~~~~~[m[K
[01m[K/home/zilch/LTU/Viswa/colcon_ws/src/beamlet_star_path_planner/src/quadtree.cpp:[m[K In function ‘[01m[KDyadicObject*[01;32m[K getRoot[m[K()[m[K’:
[01m[K/home/zilch/LTU/Viswa/colcon_ws/src/beamlet_star_path_planner/src/quadtree.cpp:15:12:[m[K [01;31m[Kerror: [m[Kinvalid use of ‘[01m[Kthis[m[K’ in non-member function
   15 |     return [01;31m[Kthis[m[K->root;
      |            [01;31m[K^~~~[m[K
[01m[K/home/zilch/LTU/Viswa/colcon_ws/src/beamlet_star_path_planner/src/quadtree.cpp:[m[K In member function ‘[01m[Kvoid QuadTree::[01;32m[KbuildQuadTree[m[K(int, int, int)[m[K’:
[01m[K/home/zilch/LTU/Viswa/colcon_ws/src/beamlet_star_path_planner/src/quadtree.cpp:72:20:[m[K [01;31m[Kerror: [m[Kreturn-statement with a value, in function returning ‘[01m[Kvoid[m[K’ [[01;31m[K]8;;https://gcc.gnu.org/onlinedocs/gcc/Warning-Options.html#index-fpermissive-fpermissive]8;;[m[K]
   72 |             return [01;31m[Knode[m[K;
      |                    [01;31m[K^~~~[m[K
[01m[K/home/zilch/LTU/Viswa/colcon_ws/src/beamlet_star_path_planner/src/quadtree.cpp:81:20:[m[K [01;31m[Kerror: [m[Kreturn-statement with a value, in function returning ‘[01m[Kvoid[m[K’ [[01;31m[K]8;;https://gcc.gnu.org/onlinedocs/gcc/Warning-Options.html#index-fpermissive-fpermissive]8;;[m[K]
   81 |             return [01;31m[Knode[m[K;
      |                    [01;31m[K^~~~[m[K
[01m[K/home/zilch/LTU/Viswa/colcon_ws/src/beamlet_star_path_planner/src/quadtree.cpp:85:44:[m[K [01;31m[Kerror: [m[Kinvalid use of void expression
   85 |             node->setChild(0, [01;31m[KbuildQuadTree(scale-1, 2*x-1, 2*y-1)[m[K);
      |                               [01;31m[K~~~~~~~~~~~~~^~~~~~~~~~~~~~~~~~~~~~~[m[K
[01m[K/home/zilch/LTU/Viswa/colcon_ws/src/beamlet_star_path_planner/src/quadtree.cpp:86:44:[m[K [01;31m[Kerror: [m[Kinvalid use of void expression
   86 |             node->setChild(1, [01;31m[KbuildQuadTree(scale-1, 2*x-1, 2*y)[m[K);
      |                               [01;31m[K~~~~~~~~~~~~~^~~~~~~~~~~~~~~~~~~~~[m[K
[01m[K/home/zilch/LTU/Viswa/colcon_ws/src/beamlet_star_path_planner/src/quadtree.cpp:87:44:[m[K [01;31m[Kerror: [m[Kinvalid use of void expression
   87 |             node->setChild(2, [01;31m[KbuildQuadTree(scale-1, 2*x, 2*y-1)[m[K);
      |                               [01;31m[K~~~~~~~~~~~~~^~~~~~~~~~~~~~~~~~~~~[m[K
[01m[K/home/zilch/LTU/Viswa/colcon_ws/src/beamlet_star_path_planner/src/quadtree.cpp:88:44:[m[K [01;31m[Kerror: [m[Kinvalid use of void expression
   88 |             node->setChild(3, [01;31m[KbuildQuadTree(scale-1, 2*x, 2*y)[m[K);
      |                               [01;31m[K~~~~~~~~~~~~~^~~~~~~~~~~~~~~~~~~[m[K
gmake[2]: *** [CMakeFiles/beamlet_star_node.dir/build.make:76: CMakeFiles/beamlet_star_node.dir/src/beamlet_star_node.cpp.o] Error 1
gmake[2]: *** [CMakeFiles/beamlet_star_node.dir/build.make:90: CMakeFiles/beamlet_star_node.dir/src/quadtree.cpp.o] Error 1
gmake[1]: *** [CMakeFiles/Makefile2:137: CMakeFiles/beamlet_star_node.dir/all] Error 2
gmake: *** [Makefile:146: all] Error 2
