[ 12%] [32mBuilding CXX object CMakeFiles/beamlet_star_node.dir/src/beamlet_star_node.cpp.o[0m
[ 25%] [32mBuilding CXX object CMakeFiles/beamlet_star_node.dir/src/quadtree.cpp.o[0m
[ 37%] [32mBuilding CXX object CMakeFiles/beamlet_star_node.dir/src/BeamletGraph.cpp.o[0m
In file included from [01m[K/opt/ros/jazzy/include/rclcpp/rclcpp/logging.hpp:24[m[K,
                 from [01m[K/opt/ros/jazzy/include/rclcpp/rclcpp/copy_all_parameter_values.hpp:27[m[K,
                 from [01m[K/opt/ros/jazzy/include/rclcpp/rclcpp/rclcpp.hpp:171[m[K,
                 from [01m[K/home/zilch/LTU/Viswa/colcon_ws/src/beamlet_star_path_planner/src/beamlet_star_node.cpp:1[m[K:
[01m[K/home/zilch/LTU/Viswa/colcon_ws/src/beamlet_star_path_planner/src/beamlet_star_node.cpp:[m[K In constructor ‘[01m[KBeamletStarNode::[01;32m[KBeamletStarNode[m[K()[m[K’:
[01m[K/home/zilch/LTU/Viswa/colcon_ws/src/beamlet_star_path_planner/src/beamlet_star_node.cpp:82:35:[m[K [01;35m[Kwarning: [m[Ktoo many arguments for format [[01;35m[K]8;;https://gcc.gnu.org/onlinedocs/gcc/Warning-Options.html#index-Wformat-extra-args-Wformat-extra-args]8;;[m[K]
   82 |         RCLCPP_INFO(get_logger(), [01;35m[K"\nTotal unique corners = "[m[K, qt.getTotalCorners());
      |                                   [01;35m[K^~~~~~~~~~~~~~~~~~~~~~~~~~~[m[K
[01m[K/home/zilch/LTU/Viswa/colcon_ws/src/beamlet_star_path_planner/src/quadtree.cpp:192:5:[m[K [01;31m[Kerror: [m[Kno declaration matches ‘[01m[Kint QuadTree::[01;32m[KgetTotalCorners[m[K()[m[K’
  192 | int [01;31m[KQuadTree[m[K::getTotalCorners(){
      |     [01;31m[K^~~~~~~~[m[K
In file included from [01m[K/home/zilch/LTU/Viswa/colcon_ws/src/beamlet_star_path_planner/src/quadtree.cpp:3[m[K:
[01m[K/home/zilch/LTU/Viswa/colcon_ws/src/beamlet_star_path_planner/include/beamlet_star_path_planner/quadtree.h:39:9:[m[K [01;36m[Knote: [m[Kcandidate is: ‘[01m[Kint QuadTree::[01;32m[KgetTotalCorners[m[K() const[m[K’
   39 |     int [01;36m[KgetTotalCorners[m[K() const;
      |         [01;36m[K^~~~~~~~~~~~~~~[m[K
[01m[K/home/zilch/LTU/Viswa/colcon_ws/src/beamlet_star_path_planner/include/beamlet_star_path_planner/quadtree.h:9:7:[m[K [01;36m[Knote: [m[K‘[01m[Kclass QuadTree[m[K’ defined here
    9 | class [01;36m[KQuadTree[m[K
      |       [01;36m[K^~~~~~~~[m[K
gmake[2]: *** [CMakeFiles/beamlet_star_node.dir/build.make:90: CMakeFiles/beamlet_star_node.dir/src/quadtree.cpp.o] Error 1
gmake[2]: *** Waiting for unfinished jobs....
gmake[1]: *** [CMakeFiles/Makefile2:137: CMakeFiles/beamlet_star_node.dir/all] Error 2
gmake: *** [Makefile:146: all] Error 2
