[0.015s] Invoking command in '/home/zilch/LTU/Viswa/colcon_ws/src/beamlet_star_path_planner/build/beamlet_star_path_planner': CMAKE_PREFIX_PATH=${CMAKE_PREFIX_PATH}:/opt/ros/jazzy /usr/bin/cmake --build /home/zilch/LTU/Viswa/colcon_ws/src/beamlet_star_path_planner/build/beamlet_star_path_planner -- -j12 -l12
[0.124s] [ 20%] [32mBuilding CXX object CMakeFiles/beamlet_star_node.dir/src/beamlet_star_node.cpp.o[0m
[0.128s] [ 40%] [32mBuilding CXX object CMakeFiles/beamlet_star_node.dir/src/quadtree.cpp.o[0m
[2.569s] [01m[K/home/zilch/LTU/Viswa/colcon_ws/src/beamlet_star_path_planner/src/quadtree.cpp:[m[K In function ‘[01m[Kvoid[01;32m[K recursiveDivide[m[K(QuadTreeNode*)[m[K’:
[2.569s] [01m[K/home/zilch/LTU/Viswa/colcon_ws/src/beamlet_star_path_planner/src/quadtree.cpp:33:29:[m[K [01;31m[Kerror: [m[K‘[01m[Kalpha[m[K’ was not declared in this scope; did you mean ‘[01m[Kisalpha[m[K’?
[2.570s]    33 |     double lowerLimit = 1 + [01;31m[Kalpha[m[K*(pow(2,2*node->key.scale-1) - 1);
[2.570s]       |                             [01;31m[K^~~~~[m[K
[2.570s]       |                             [32m[Kisalpha[m[K
[2.575s] [01m[K/home/zilch/LTU/Viswa/colcon_ws/src/beamlet_star_path_planner/src/quadtree.cpp:34:25:[m[K [01;31m[Kerror: [m[K‘[01m[KtotalCells[m[K’ was not declared in this scope
[2.576s]    34 |     double upperLimit = [01;31m[KtotalCells[m[K - 1 - alpha*(pow(2,2*node->key.scale-1) - 1);
[2.576s]       |                         [01;31m[K^~~~~~~~~~[m[K
[2.583s] [01m[K/home/zilch/LTU/Viswa/colcon_ws/src/beamlet_star_path_planner/src/quadtree.cpp:40:29:[m[K [01;31m[Kerror: [m[K‘[01m[KbuildQuadTree[m[K’ was not declared in this scope; did you mean ‘[01m[KQuadTree[m[K’?
[2.583s]    40 |         node->children[0] = [01;31m[KbuildQuadTree[m[K(node->key.scale-1, 2*node->key.position[0]-1, 2*node->key.position[1]-1);
[2.583s]       |                             [01;31m[K^~~~~~~~~~~~~[m[K
[2.583s]       |                             [32m[KQuadTree[m[K
[3.398s] gmake[2]: *** [CMakeFiles/beamlet_star_node.dir/build.make:118: CMakeFiles/beamlet_star_node.dir/src/quadtree.cpp.o] Error 1
[3.398s] gmake[2]: *** Waiting for unfinished jobs....
[3.707s] gmake[1]: *** [CMakeFiles/Makefile2:137: CMakeFiles/beamlet_star_node.dir/all] Error 2
[3.707s] gmake: *** [Makefile:146: all] Error 2
[3.711s] Invoked command in '/home/zilch/LTU/Viswa/colcon_ws/src/beamlet_star_path_planner/build/beamlet_star_path_planner' returned '2': CMAKE_PREFIX_PATH=${CMAKE_PREFIX_PATH}:/opt/ros/jazzy /usr/bin/cmake --build /home/zilch/LTU/Viswa/colcon_ws/src/beamlet_star_path_planner/build/beamlet_star_path_planner -- -j12 -l12
